#
# There is insufficient memory for the Java Runtime Environment to continue.
# Native memory allocation (malloc) failed to allocate 1022864 bytes for Chunk::new
# Possible reasons:
#   The system is out of physical RAM or swap space
#   In 32 bit mode, the process size limit was hit
# Possible solutions:
#   Reduce memory load on the system
#   Increase physical memory or swap space
#   Check if swap backing store is full
#   Use 64 bit Java on a 64 bit OS
#   Decrease Java heap size (-Xmx/-Xms)
#   Decrease number of Java threads
#   Decrease Java thread stack sizes (-Xss)
#   Set larger code cache with -XX:ReservedCodeCacheSize=
# This output file may be truncated or incomplete.
#
#  Out of Memory Error (allocation.cpp:390), pid=5292, tid=260
#
# JRE version: Java(TM) SE Runtime Environment (8.0_65-b17) (build 1.8.0_65-b17)
# Java VM: Java HotSpot(TM) 64-Bit Server VM (25.65-b01 mixed mode windows-amd64 compressed oops)
# Failed to write core dump. Minidumps are not enabled by default on client versions of Windows
#

---------------  T H R E A D  ---------------

Current thread (0x0000000016eee800):  JavaThread "C2 CompilerThread1" daemon [_thread_in_native, id=260, stack(0x0000000018630000,0x0000000018730000)]

Stack: [0x0000000018630000,0x0000000018730000]
[error occurred during error reporting (printing stack bounds), id 0xc0000005]

Native frames: (J=compiled Java code, j=interpreted, Vv=VM code, C=native code)


Current CompileTask:
C2:  10658 3186   !   4       java.net.URLClassLoader$1::run (63 bytes)


---------------  P R O C E S S  ---------------

Java Threads: ( => current thread )
  0x0000000019265000 JavaThread "File lock request listener" [_thread_in_native, id=9960, stack(0x000000001d550000,0x000000001d650000)]
  0x0000000019263000 JavaThread "pool-1-thread-1" [_thread_blocked, id=1748, stack(0x000000001d250000,0x000000001d350000)]
  0x0000000018858800 JavaThread "Service Thread" daemon [_thread_blocked, id=8292, stack(0x0000000018c30000,0x0000000018d30000)]
  0x0000000016ef9800 JavaThread "C1 CompilerThread2" daemon [_thread_blocked, id=5584, stack(0x0000000018730000,0x0000000018830000)]
=>0x0000000016eee800 JavaThread "C2 CompilerThread1" daemon [_thread_in_native, id=260, stack(0x0000000018630000,0x0000000018730000)]
  0x0000000016eec800 JavaThread "C2 CompilerThread0" daemon [_thread_in_native, id=5216, stack(0x0000000018530000,0x0000000018630000)]
  0x0000000016eea800 JavaThread "Attach Listener" daemon [_thread_blocked, id=10756, stack(0x0000000018430000,0x0000000018530000)]
  0x0000000016ee9800 JavaThread "Signal Dispatcher" daemon [_thread_blocked, id=10420, stack(0x0000000018330000,0x0000000018430000)]
  0x0000000004919000 JavaThread "Finalizer" daemon [_thread_blocked, id=6716, stack(0x0000000018140000,0x0000000018240000)]
  0x0000000004910800 JavaThread "Reference Handler" daemon [_thread_blocked, id=6416, stack(0x0000000018040000,0x0000000018140000)]
  0x000000000481e000 JavaThread "main" [_thread_in_Java, id=12908, stack(0x0000000004670000,0x0000000004770000)]

Other Threads:
  0x0000000016eb7000 VMThread [stack: 0x0000000017f40000,0x0000000018040000] [id=1736]
  0x000000001887c800 WatcherThread [stack: 0x0000000018d30000,0x0000000018e30000] [id=11744]

VM state:not at safepoint (normal execution)

VM Mutex/Monitor currently owned by a thread: None

Heap:
 PSYoungGen      total 136704K, used 21450K [0x00000000eb400000, 0x00000000f6180000, 0x0000000100000000)
  eden space 128000K, 9% used [0x00000000eb400000,0x00000000ec073350,0x00000000f3100000)
  from space 8704K, 99% used [0x00000000f3100000,0x00000000f397f690,0x00000000f3980000)
  to   space 11264K, 0% used [0x00000000f5680000,0x00000000f5680000,0x00000000f6180000)
 ParOldGen       total 36352K, used 13876K [0x00000000c1c00000, 0x00000000c3f80000, 0x00000000eb400000)
  object space 36352K, 38% used [0x00000000c1c00000,0x00000000c298d368,0x00000000c3f80000)
 Metaspace       used 33970K, capacity 34530K, committed 35072K, reserved 1079296K
  class space    used 4625K, capacity 4760K, committed 4864K, reserved 1048576K

Card table byte_map: [0x0000000013ce0000,0x0000000013ee0000] byte_map_base: 0x00000000136d2000

Marking Bits: (ParMarkBitMap*) 0x00000000536ca5b0
 Begin Bits: [0x0000000014430000, 0x00000000153c0000)
 End Bits:   [0x00000000153c0000, 0x0000000016350000)

Polling page: 0x0000000004580000

CodeCache: size=245760Kb used=11485Kb max_used=11936Kb free=234274Kb
 bounds [0x0000000004920000, 0x00000000054d0000, 0x0000000013920000]
 total_blobs=3838 nmethods=3169 adapters=581
 compilation: enabled

Compilation events (10 events):
Event: 10.619 Thread 0x0000000016ef9800 3372       2       java.math.MutableBigInteger::rightShift (79 bytes)
Event: 10.619 Thread 0x0000000016ef9800 nmethod 3372 0x0000000004a580d0 code [0x0000000004a58260, 0x0000000004a584c8]
Event: 10.620 Thread 0x0000000016ef9800 3373       2       java.math.BigInteger::subN (46 bytes)
Event: 10.621 Thread 0x0000000016ef9800 nmethod 3373 0x0000000004c1f850 code [0x0000000004c1f9c0, 0x0000000004c1fbd0]
Event: 10.622 Thread 0x0000000016ef9800 3374 %     3       java.math.BigInteger::montReduce @ 9 (99 bytes)
Event: 10.623 Thread 0x0000000016ef9800 nmethod 3374% 0x0000000004a306d0 code [0x0000000004a308a0, 0x0000000004a30e68]
Event: 10.627 Thread 0x0000000016ef9800 3375       3       java.math.BigInteger::squareToLen (172 bytes)
Event: 10.628 Thread 0x0000000016ef9800 nmethod 3375 0x0000000004a81410 code [0x0000000004a815e0, 0x0000000004a81bc8]
Event: 10.628 Thread 0x0000000016ef9800 3376       3       java.math.BigInteger::primitiveLeftShift (79 bytes)
Event: 10.628 Thread 0x0000000016ef9800 nmethod 3376 0x0000000004a41d50 code [0x0000000004a41ec0, 0x0000000004a421d0]

GC Heap History (10 events):
Event: 5.394 GC heap before
{Heap before GC invocations=6 (full 0):
 PSYoungGen      total 35328K, used 35312K [0x00000000eb400000, 0x00000000f0400000, 0x0000000100000000)
  eden space 32768K, 100% used [0x00000000eb400000,0x00000000ed400000,0x00000000ed400000)
  from space 2560K, 99% used [0x00000000ed400000,0x00000000ed67c010,0x00000000ed680000)
  to   space 8192K, 0% used [0x00000000efc00000,0x00000000efc00000,0x00000000f0400000)
 ParOldGen       total 44032K, used 10437K [0x00000000c1c00000, 0x00000000c4700000, 0x00000000eb400000)
  object space 44032K, 23% used [0x00000000c1c00000,0x00000000c26316b0,0x00000000c4700000)
 Metaspace       used 20764K, capacity 20960K, committed 21120K, reserved 1067008K
  class space    used 2851K, capacity 2931K, committed 2944K, reserved 1048576K
Event: 5.418 GC heap after
Heap after GC invocations=6 (full 0):
 PSYoungGen      total 73216K, used 6787K [0x00000000eb400000, 0x00000000f0500000, 0x0000000100000000)
  eden space 65024K, 0% used [0x00000000eb400000,0x00000000eb400000,0x00000000ef380000)
  from space 8192K, 82% used [0x00000000efc00000,0x00000000f02a0f10,0x00000000f0400000)
  to   space 8704K, 0% used [0x00000000ef380000,0x00000000ef380000,0x00000000efc00000)
 ParOldGen       total 44032K, used 10445K [0x00000000c1c00000, 0x00000000c4700000, 0x00000000eb400000)
  object space 44032K, 23% used [0x00000000c1c00000,0x00000000c26336b0,0x00000000c4700000)
 Metaspace       used 20764K, capacity 20960K, committed 21120K, reserved 1067008K
  class space    used 2851K, capacity 2931K, committed 2944K, reserved 1048576K
}
Event: 5.464 GC heap before
{Heap before GC invocations=7 (full 0):
 PSYoungGen      total 73216K, used 8082K [0x00000000eb400000, 0x00000000f0500000, 0x0000000100000000)
  eden space 65024K, 1% used [0x00000000eb400000,0x00000000eb5439d0,0x00000000ef380000)
  from space 8192K, 82% used [0x00000000efc00000,0x00000000f02a0f10,0x00000000f0400000)
  to   space 8704K, 0% used [0x00000000ef380000,0x00000000ef380000,0x00000000efc00000)
 ParOldGen       total 44032K, used 10445K [0x00000000c1c00000, 0x00000000c4700000, 0x00000000eb400000)
  object space 44032K, 23% used [0x00000000c1c00000,0x00000000c26336b0,0x00000000c4700000)
 Metaspace       used 20929K, capacity 21164K, committed 21296K, reserved 1067008K
  class space    used 2869K, capacity 2935K, committed 2944K, reserved 1048576K
Event: 5.482 GC heap after
Heap after GC invocations=7 (full 0):
 PSYoungGen      total 73728K, used 3701K [0x00000000eb400000, 0x00000000f4400000, 0x0000000100000000)
  eden space 65024K, 0% used [0x00000000eb400000,0x00000000eb400000,0x00000000ef380000)
  from space 8704K, 42% used [0x00000000ef380000,0x00000000ef71d640,0x00000000efc00000)
  to   space 8704K, 0% used [0x00000000f3b80000,0x00000000f3b80000,0x00000000f4400000)
 ParOldGen       total 44032K, used 10949K [0x00000000c1c00000, 0x00000000c4700000, 0x00000000eb400000)
  object space 44032K, 24% used [0x00000000c1c00000,0x00000000c26b1780,0x00000000c4700000)
 Metaspace       used 20929K, capacity 21164K, committed 21296K, reserved 1067008K
  class space    used 2869K, capacity 2935K, committed 2944K, reserved 1048576K
}
Event: 5.482 GC heap before
{Heap before GC invocations=8 (full 1):
 PSYoungGen      total 73728K, used 3701K [0x00000000eb400000, 0x00000000f4400000, 0x0000000100000000)
  eden space 65024K, 0% used [0x00000000eb400000,0x00000000eb400000,0x00000000ef380000)
  from space 8704K, 42% used [0x00000000ef380000,0x00000000ef71d640,0x00000000efc00000)
  to   space 8704K, 0% used [0x00000000f3b80000,0x00000000f3b80000,0x00000000f4400000)
 ParOldGen       total 44032K, used 10949K [0x00000000c1c00000, 0x00000000c4700000, 0x00000000eb400000)
  object space 44032K, 24% used [0x00000000c1c00000,0x00000000c26b1780,0x00000000c4700000)
 Metaspace       used 20929K, capacity 21164K, committed 21296K, reserved 1067008K
  class space    used 2869K, capacity 2935K, committed 2944K, reserved 1048576K
Event: 5.621 GC heap after
Heap after GC invocations=8 (full 1):
 PSYoungGen      total 73728K, used 0K [0x00000000eb400000, 0x00000000f4400000, 0x0000000100000000)
  eden space 65024K, 0% used [0x00000000eb400000,0x00000000eb400000,0x00000000ef380000)
  from space 8704K, 0% used [0x00000000ef380000,0x00000000ef380000,0x00000000efc00000)
  to   space 8704K, 0% used [0x00000000f3b80000,0x00000000f3b80000,0x00000000f4400000)
 ParOldGen       total 36352K, used 10608K [0x00000000c1c00000, 0x00000000c3f80000, 0x00000000eb400000)
  object space 36352K, 29% used [0x00000000c1c00000,0x00000000c265c378,0x00000000c3f80000)
 Metaspace       used 20929K, capacity 21164K, committed 21296K, reserved 1067008K
  class space    used 2869K, capacity 2935K, committed 2944K, reserved 1048576K
}
Event: 7.423 GC heap before
{Heap before GC invocations=9 (full 1):
 PSYoungGen      total 73728K, used 65024K [0x00000000eb400000, 0x00000000f4400000, 0x0000000100000000)
  eden space 65024K, 100% used [0x00000000eb400000,0x00000000ef380000,0x00000000ef380000)
  from space 8704K, 0% used [0x00000000ef380000,0x00000000ef380000,0x00000000efc00000)
  to   space 8704K, 0% used [0x00000000f3b80000,0x00000000f3b80000,0x00000000f4400000)
 ParOldGen       total 36352K, used 10608K [0x00000000c1c00000, 0x00000000c3f80000, 0x00000000eb400000)
  object space 36352K, 29% used [0x00000000c1c00000,0x00000000c265c378,0x00000000c3f80000)
 Metaspace       used 25853K, capacity 26164K, committed 26368K, reserved 1071104K
  class space    used 3624K, capacity 3748K, committed 3840K, reserved 1048576K
Event: 7.432 GC heap after
Heap after GC invocations=9 (full 1):
 PSYoungGen      total 117760K, used 6362K [0x00000000eb400000, 0x00000000f4200000, 0x0000000100000000)
  eden space 111104K, 0% used [0x00000000eb400000,0x00000000eb400000,0x00000000f2080000)
  from space 6656K, 95% used [0x00000000f3b80000,0x00000000f41b6920,0x00000000f4200000)
  to   space 8704K, 0% used [0x00000000f3100000,0x00000000f3100000,0x00000000f3980000)
 ParOldGen       total 36352K, used 10616K [0x00000000c1c00000, 0x00000000c3f80000, 0x00000000eb400000)
  object space 36352K, 29% used [0x00000000c1c00000,0x00000000c265e378,0x00000000c3f80000)
 Metaspace       used 25853K, capacity 26164K, committed 26368K, reserved 1071104K
  class space    used 3624K, capacity 3748K, committed 3840K, reserved 1048576K
}
Event: 10.343 GC heap before
{Heap before GC invocations=10 (full 1):
 PSYoungGen      total 117760K, used 117466K [0x00000000eb400000, 0x00000000f4200000, 0x0000000100000000)
  eden space 111104K, 100% used [0x00000000eb400000,0x00000000f2080000,0x00000000f2080000)
  from space 6656K, 95% used [0x00000000f3b80000,0x00000000f41b6920,0x00000000f4200000)
  to   space 8704K, 0% used [0x00000000f3100000,0x00000000f3100000,0x00000000f3980000)
 ParOldGen       total 36352K, used 10616K [0x00000000c1c00000, 0x00000000c3f80000, 0x00000000eb400000)
  object space 36352K, 29% used [0x00000000c1c00000,0x00000000c265e378,0x00000000c3f80000)
 Metaspace       used 33217K, capacity 33794K, committed 34176K, reserved 1079296K
  class space    used 4544K, capacity 4664K, committed 4736K, reserved 1048576K
Event: 10.378 GC heap after
Heap after GC invocations=10 (full 1):
 PSYoungGen      total 136704K, used 8701K [0x00000000eb400000, 0x00000000f6180000, 0x0000000100000000)
  eden space 128000K, 0% used [0x00000000eb400000,0x00000000eb400000,0x00000000f3100000)
  from space 8704K, 99% used [0x00000000f3100000,0x00000000f397f690,0x00000000f3980000)
  to   space 11264K, 0% used [0x00000000f5680000,0x00000000f5680000,0x00000000f6180000)
 ParOldGen       total 36352K, used 13876K [0x00000000c1c00000, 0x00000000c3f80000, 0x00000000eb400000)
  object space 36352K, 38% used [0x00000000c1c00000,0x00000000c298d368,0x00000000c3f80000)
 Metaspace       used 33217K, capacity 33794K, committed 34176K, reserved 1079296K
  class space    used 4544K, capacity 4664K, committed 4736K, reserved 1048576K
}

Deoptimization events (10 events):
Event: 9.596 Thread 0x000000000481e000 Uncommon trap: reason=unstable_if action=reinterpret pc=0x0000000004cbfa2c method=java.util.HashMap.resize()[Ljava/util/HashMap$Node; @ 206
Event: 9.722 Thread 0x000000000481e000 Uncommon trap: reason=unstable_if action=reinterpret pc=0x00000000053ee900 method=java.lang.reflect.Modifier.toString(I)Ljava/lang/String; @ 123
Event: 9.722 Thread 0x000000000481e000 Uncommon trap: reason=unstable_if action=reinterpret pc=0x00000000053c140c method=java.lang.reflect.Modifier.toString(I)Ljava/lang/String; @ 123
Event: 10.197 Thread 0x000000000481e000 Uncommon trap: reason=bimorphic action=maybe_recompile pc=0x000000000507e688 method=java.util.regex.Pattern$Start.match(Ljava/util/regex/Matcher;ILjava/lang/CharSequence;)Z @ 44
Event: 10.221 Thread 0x000000000481e000 Uncommon trap: reason=bimorphic action=maybe_recompile pc=0x000000000507e688 method=java.util.regex.Pattern$Start.match(Ljava/util/regex/Matcher;ILjava/lang/CharSequence;)Z @ 44
Event: 10.221 Thread 0x000000000481e000 Uncommon trap: reason=bimorphic action=maybe_recompile pc=0x000000000507e688 method=java.util.regex.Pattern$Start.match(Ljava/util/regex/Matcher;ILjava/lang/CharSequence;)Z @ 44
Event: 10.227 Thread 0x000000000481e000 Uncommon trap: reason=bimorphic action=maybe_recompile pc=0x000000000507e688 method=java.util.regex.Pattern$Start.match(Ljava/util/regex/Matcher;ILjava/lang/CharSequence;)Z @ 44
Event: 10.497 Thread 0x000000000481e000 Uncommon trap: reason=unstable_if action=reinterpret pc=0x0000000004eac1bc method=java.lang.CharacterDataLatin1.isWhitespace(I)Z @ 14
Event: 10.555 Thread 0x000000000481e000 Uncommon trap: reason=unstable_if action=reinterpret pc=0x0000000004fcff6c method=java.security.CodeSource.getCertificates()[Ljava/security/cert/Certificate; @ 22
Event: 10.593 Thread 0x000000000481e000 Uncommon trap: reason=unstable_if action=reinterpret pc=0x00000000050e1940 method=java.util.LinkedHashMap.get(Ljava/lang/Object;)Ljava/lang/Object; @ 20

Internal exceptions (10 events):
Event: 9.104 Thread 0x000000000481e000 Exception <a 'java/lang/NoSuchMethodError': java.lang.invoke.MethodHandleImpl.array(Ljava/lang/Object;Ljava/lang/Object;Ljava/lang/Object;Ljava/lang/Object;Ljava/lang/Object;Ljava/lang/Object;Ljava/lang/Object;Ljava/lang/Object;Ljava/lang/Object;Ljava/langª§(àí6"@
Event: 9.107 Thread 0x000000000481e000 Exception <a 'java/lang/NoSuchFieldError': method resolution failed> (0x00000000edc200c0) thrown at [C:\workspace\8-2-build-windows-amd64-cygwin\jdk8u65\4987\hotspot\src\share\vm\prims\methodHandles.cpp, line 1146]
Event: 9.414 Thread 0x000000000481e000 Exception <a 'java/lang/ClassNotFoundException': org/gradle/api/plugins/BasePluginConventionBeanInfo> (0x00000000eedc65a8) thrown at [C:\workspace\8-2-build-windows-amd64-cygwin\jdk8u65\4987\hotspot\src\share\vm\classfile\systemDictionary.cpp, line 210]
Event: 9.415 Thread 0x000000000481e000 Exception <a 'java/lang/ClassNotFoundException': org/gradle/api/plugins/BasePluginConventionCustomizer> (0x00000000eedf8480) thrown at [C:\workspace\8-2-build-windows-amd64-cygwin\jdk8u65\4987\hotspot\src\share\vm\classfile\systemDictionary.cpp, line 210]
Event: 9.905 Thread 0x000000000481e000 Exception <a 'java/lang/ClassNotFoundException': org/gradle/api/plugins/JavaPluginConventionBeanInfo> (0x00000000f1002000) thrown at [C:\workspace\8-2-build-windows-amd64-cygwin\jdk8u65\4987\hotspot\src\share\vm\classfile\systemDictionary.cpp, line 210]
Event: 9.906 Thread 0x000000000481e000 Exception <a 'java/lang/ClassNotFoundException': org/gradle/api/plugins/JavaPluginConventionCustomizer> (0x00000000f1033ed8) thrown at [C:\workspace\8-2-build-windows-amd64-cygwin\jdk8u65\4987\hotspot\src\share\vm\classfile\systemDictionary.cpp, line 210]
Event: 10.206 Thread 0x000000000481e000 Exception <a 'java/lang/ClassNotFoundException': com/android/build/gradle/internal/api/DefaultAndroidSourceSet_DecoratedBeanInfo> (0x00000000f1b80cb8) thrown at [C:\workspace\8-2-build-windows-amd64-cygwin\jdk8u65\4987\hotspot\src\share\vm\classfile\systemÐÆè´i$@
Event: 10.206 Thread 0x000000000481e000 Exception <a 'java/lang/ClassNotFoundException': com/android/build/gradle/internal/api/DefaultAndroidSourceSetBeanInfo> (0x00000000f1b951a8) thrown at [C:\workspace\8-2-build-windows-amd64-cygwin\jdk8u65\4987\hotspot\src\share\vm\classfile\systemDictionaryìú÷Rj$@
Event: 10.207 Thread 0x000000000481e000 Exception <a 'java/lang/ClassNotFoundException': com/android/build/gradle/internal/api/DefaultAndroidSourceSetCustomizer> (0x00000000f1ba9648) thrown at [C:\workspace\8-2-build-windows-amd64-cygwin\jdk8u65\4987\hotspot\src\share\vm\classfile\systemDictiona‰d.?\k$@
Event: 10.210 Thread 0x000000000481e000 Exception <a 'java/lang/ClassNotFoundException': com/android/build/gradle/internal/api/DefaultAndroidSourceSet_DecoratedCustomizer> (0x00000000f1bfc830) thrown at [C:\workspace\8-2-build-windows-amd64-cygwin\jdk8u65\4987\hotspot\src\share\vm\classfile\syst‹-ù{L5"@

Events (10 events):
Event: 10.559 loading class com/android/ide/common/signing/KeytoolException done
Event: 10.560 loading class org/bouncycastle/jce/provider/BouncyCastleProvider
Event: 10.560 loading class org/bouncycastle/jce/provider/BouncyCastleProvider done
Event: 10.593 Thread 0x000000000481e000 Uncommon trap: trap_request=0xffffff65 fr.pc=0x00000000050e1940
Event: 10.593 Thread 0x000000000481e000 DEOPT PACKING pc=0x00000000050e1940 sp=0x00000000047679f0
Event: 10.593 Thread 0x000000000481e000 DEOPT UNPACKING pc=0x000000000496582a sp=0x00000000047679b0 mode 2
Event: 10.627 Thread 0x000000000481e000 DEOPT PACKING pc=0x0000000004a8083f sp=0x0000000004767720
Event: 10.627 Thread 0x000000000481e000 DEOPT UNPACKING pc=0x000000000496787f sp=0x0000000004767440 mode 0
Event: 10.628 Thread 0x000000000481e000 DEOPT PACKING pc=0x0000000004b346bb sp=0x00000000047676d0
Event: 10.628 Thread 0x000000000481e000 DEOPT UNPACKING pc=0x000000000496787f sp=0x00000000047673d0 mode 0


Dynamic libraries:
0x00007ff6d0b10000 - 0x00007ff6d0b47000 	C:\Program Files\Java\jdk1.8.0_65\bin\java.exe
0x00007ffdac320000 - 0x00007ffdac500000 	C:\WINDOWS\SYSTEM32\ntdll.dll
0x00007ffdac090000 - 0x00007ffdac13e000 	C:\WINDOWS\System32\KERNEL32.DLL
0x00007ffda8970000 - 0x00007ffda8bd6000 	C:\WINDOWS\System32\KERNELBASE.dll
0x00007ffdab7a0000 - 0x00007ffdab841000 	C:\WINDOWS\System32\ADVAPI32.dll
0x00007ffda9fc0000 - 0x00007ffdaa05d000 	C:\WINDOWS\System32\msvcrt.dll
0x00007ffda9850000 - 0x00007ffda98ab000 	C:\WINDOWS\System32\sechost.dll
0x00007ffdab850000 - 0x00007ffdab96f000 	C:\WINDOWS\System32\RPCRT4.dll
0x00007ffdaa060000 - 0x00007ffdaa1ef000 	C:\WINDOWS\System32\USER32.dll
0x00007ffda96d0000 - 0x00007ffda96f0000 	C:\WINDOWS\System32\win32u.dll
0x00007ffda97f0000 - 0x00007ffda9818000 	C:\WINDOWS\System32\GDI32.dll
0x00007ffda94e0000 - 0x00007ffda9673000 	C:\WINDOWS\System32\gdi32full.dll
0x00007ffda8be0000 - 0x00007ffda8c7b000 	C:\WINDOWS\System32\msvcp_win.dll
0x00007ffda96f0000 - 0x00007ffda97e6000 	C:\WINDOWS\System32\ucrtbase.dll
0x00007ffd9ed90000 - 0x00007ffd9eff9000 	C:\WINDOWS\WinSxS\amd64_microsoft.windows.common-controls_6595b64144ccf1df_6.0.16299.125_none_15cbcf8893620c09\COMCTL32.dll
0x00007ffda98b0000 - 0x00007ffda9bb8000 	C:\WINDOWS\System32\combase.dll
0x00007ffda8720000 - 0x00007ffda8792000 	C:\WINDOWS\System32\bcryptPrimitives.dll
0x00007ffda9820000 - 0x00007ffda984d000 	C:\WINDOWS\System32\IMM32.DLL
0x0000000053750000 - 0x0000000053822000 	C:\Program Files\Java\jdk1.8.0_65\jre\bin\msvcr100.dll
0x0000000052ec0000 - 0x0000000053749000 	C:\Program Files\Java\jdk1.8.0_65\jre\bin\server\jvm.dll
0x00007ffdabe90000 - 0x00007ffdabe98000 	C:\WINDOWS\System32\PSAPI.DLL
0x00007ffd920b0000 - 0x00007ffd920b9000 	C:\WINDOWS\SYSTEM32\WSOCK32.dll
0x00007ffda9d40000 - 0x00007ffda9dac000 	C:\WINDOWS\System32\WS2_32.dll
0x00007ffda4f70000 - 0x00007ffda4f93000 	C:\WINDOWS\SYSTEM32\WINMM.dll
0x00007ffda1d00000 - 0x00007ffda1d0a000 	C:\WINDOWS\SYSTEM32\VERSION.dll
0x00007ffda4f40000 - 0x00007ffda4f6a000 	C:\WINDOWS\SYSTEM32\WINMMBASE.dll
0x00007ffda9680000 - 0x00007ffda96ca000 	C:\WINDOWS\System32\cfgmgr32.dll
0x00000000559b0000 - 0x00000000559bf000 	C:\Program Files\Java\jdk1.8.0_65\jre\bin\verify.dll
0x0000000055770000 - 0x0000000055799000 	C:\Program Files\Java\jdk1.8.0_65\jre\bin\java.dll
0x0000000055990000 - 0x00000000559a6000 	C:\Program Files\Java\jdk1.8.0_65\jre\bin\zip.dll
0x00007ffdaa250000 - 0x00007ffdab686000 	C:\WINDOWS\System32\SHELL32.dll
0x00007ffda9c90000 - 0x00007ffda9d36000 	C:\WINDOWS\System32\shcore.dll
0x00007ffda8d90000 - 0x00007ffda94d7000 	C:\WINDOWS\System32\windows.storage.dll
0x00007ffdaa1f0000 - 0x00007ffdaa241000 	C:\WINDOWS\System32\shlwapi.dll
0x00007ffda86c0000 - 0x00007ffda86d1000 	C:\WINDOWS\System32\kernel.appcore.dll
0x00007ffda8670000 - 0x00007ffda86bc000 	C:\WINDOWS\System32\powrprof.dll
0x00007ffda8700000 - 0x00007ffda871b000 	C:\WINDOWS\System32\profapi.dll
0x0000000055750000 - 0x000000005576a000 	C:\Program Files\Java\jdk1.8.0_65\jre\bin\net.dll
0x00007ffda7f00000 - 0x00007ffda7f66000 	C:\WINDOWS\system32\mswsock.dll
0x0000000055730000 - 0x0000000055741000 	C:\Program Files\Java\jdk1.8.0_65\jre\bin\nio.dll
0x00007ffd9e120000 - 0x00007ffd9e132000 	C:\Users\nghia\.gradle\native\19\windows-amd64\native-platform.dll
0x0000000180000000 - 0x0000000180037000 	C:\Users\nghia\.gradle\native\jna\win32-amd64\jnidispatch.dll
0x00007ffda80c0000 - 0x00007ffda80d7000 	C:\WINDOWS\SYSTEM32\CRYPTSP.dll
0x00007ffda7b10000 - 0x00007ffda7b43000 	C:\WINDOWS\system32\rsaenh.dll
0x00007ffda81d0000 - 0x00007ffda81f5000 	C:\WINDOWS\SYSTEM32\bcrypt.dll
0x00007ffda8570000 - 0x00007ffda8599000 	C:\WINDOWS\SYSTEM32\USERENV.dll
0x00007ffda80e0000 - 0x00007ffda80eb000 	C:\WINDOWS\SYSTEM32\CRYPTBASE.dll
0x00007ffda7c90000 - 0x00007ffda7cc9000 	C:\WINDOWS\SYSTEM32\IPHLPAPI.DLL
0x00007ffda9be0000 - 0x00007ffda9be8000 	C:\WINDOWS\System32\NSI.dll
0x00007ffda2020000 - 0x00007ffda2036000 	C:\WINDOWS\SYSTEM32\dhcpcsvc6.DLL
0x00007ffda2000000 - 0x00007ffda201a000 	C:\WINDOWS\SYSTEM32\dhcpcsvc.DLL
0x0000000055720000 - 0x000000005572d000 	C:\Program Files\Java\jdk1.8.0_65\jre\bin\management.dll

VM Arguments:
jvm_args: -Dorg.gradle.appname=gradlew 
java_command: org.gradle.wrapper.GradleWrapperMain installDebug
java_class_path (initial): D:\HK1-2017-2018\RN\Project\GoldenGavel\android\\gradle\wrapper\gradle-wrapper.jar
Launcher Type: SUN_STANDARD

Environment Variables:
JAVA_HOME=C:\Program Files\Java\jdk1.8.0_65
CLASSPATH=D:\HK1-2017-2018\RN\Project\GoldenGavel\android\\gradle\wrapper\gradle-wrapper.jar
PATH=C:\ProgramData\Oracle\Java\javapath;C:\Program Files (x86)\Intel\iCLS Client\;C:\Program Files\Intel\iCLS Client\;C:\WINDOWS\system32;C:\WINDOWS;C:\Program Files\Java\jdk1.8.0_65\bin;C:\WINDOWS\System32\Wbem;C:\WINDOWS\System32\WindowsPowerShell\v1.0\;C:\Program Files\Microsoft SQL Server\110\DTS\Binn\;C:\Program Files (x86)\Microsoft SQL Server\110\Tools\Binn\;C:\Program Files\Microsoft SQL Server\110\Tools\Binn\;C:\Program Files (x86)\Microsoft SQL Server\110\Tools\Binn\ManagementStudio\;C:\Program Files (x86)\Microsoft Visual Studio 10.0\Common7\IDE\PrivateAssemblies\;C:\Program Files (x86)\Microsoft SQL Server\110\DTS\Binn\;C:\Program Files\Intel\Intel(R) Management Engine Components\DAL;C:\Program Files (x86)\Intel\Intel(R) Management Engine Components\DAL;C:\Program Files\Intel\Intel(R) Management Engine Components\IPT;C:\Program Files (x86)\Intel\Intel(R) Management Engine Components\IPT;C:\WINDOWS\system32\config\systemprofile\.dnx\bin;C:\Program Files\Microsoft DNX\Dnvm\;C:\Program Files\Microsoft SQL Server\130\Tools\Binn\;C:\Program Files (x86)\Windows Kits\8.1\Windows Performance Toolkit\;C:\Program Files\OpenVPN\bin;C:\Python27;C:\Program Files\nodejs\;C:\Program Files\Git\cmd;C:\Users\nghia\AppData\Local\Android\sdk\platform-tools;C:\Users\nghia\AppData\Local\Microsoft\WindowsApps;C:\Users\nghia\AppData\Roaming\npm;C:\Users\nghia\AppData\Local\atom\bin;%USERPROFILE%\AppData\Local\Microsoft\WindowsApps;
USERNAME=nghia
OS=Windows_NT
PROCESSOR_IDENTIFIER=Intel64 Family 6 Model 69 Stepping 1, GenuineIntel



---------------  S Y S T E M  ---------------

OS: Windows 10.0 , 64 bit Build 16299 (10.0.16299.15)

CPU:total 4 (2 cores per cpu, 2 threads per core) family 6 model 69 stepping 1, cmov, cx8, fxsr, mmx, sse, sse2, sse3, ssse3, sse4.1, sse4.2, popcnt, avx, avx2, aes, clmul, erms, lzcnt, ht, tsc, tscinvbit, bmi1, bmi2

Memory: 4k page, physical 4074568k(406960k free), swap 8170568k(5224k free)

vm_info: Java HotSpot(TM) 64-Bit Server VM (25.65-b01) for windows-amd64 JRE (1.8.0_65-b17), built on Oct  6 2015 16:39:20 by "java_re" with MS VC++ 10.0 (VS2010)

time: Wed Jan 03 16:48:29 2018
elapsed time: 10 seconds (0d 0h 0m 10s)

