#
# There is insufficient memory for the Java Runtime Environment to continue.
# Native memory allocation (malloc) failed to allocate 1048576 bytes for AllocateHeap
# Possible reasons:
#   The system is out of physical RAM or swap space
#   In 32 bit mode, the process size limit was hit
# Possible solutions:
#   Reduce memory load on the system
#   Increase physical memory or swap space
#   Check if swap backing store is full
#   Use 64 bit Java on a 64 bit OS
#   Decrease Java heap size (-Xmx/-Xms)
#   Decrease number of Java threads
#   Decrease Java thread stack sizes (-Xss)
#   Set larger code cache with -XX:ReservedCodeCacheSize=
# This output file may be truncated or incomplete.
#
#  Out of Memory Error (memory/allocation.inline.hpp:61), pid=24080, tid=17452
#
# JRE version:  (8.0_65-b17) (build )
# Java VM: Java HotSpot(TM) 64-Bit Server VM (25.65-b01 mixed mode windows-amd64 compressed oops)
# Failed to write core dump. Minidumps are not enabled by default on client versions of Windows
#

---------------  T H R E A D  ---------------

Current thread (0x0000000002a5e800):  JavaThread "Unknown thread" [_thread_in_vm, id=17452, stack(0x0000000004550000,0x0000000004650000)]

Stack: [0x0000000004550000,0x0000000004650000]
[error occurred during error reporting (printing stack bounds), id 0xc0000005]

Native frames: (J=compiled Java code, j=interpreted, Vv=VM code, C=native code)


---------------  P R O C E S S  ---------------

Java Threads: ( => current thread )

Other Threads:

=>0x0000000002a5e800 (exited) JavaThread "Unknown thread" [_thread_in_vm, id=17452, stack(0x0000000004550000,0x0000000004650000)]

VM state:not at safepoint (normal execution)

VM Mutex/Monitor currently owned by a thread: None

Heap:
 PSYoungGen      total 18944K, used 327K [0x00000000eab00000, 0x00000000ec000000, 0x0000000100000000)
  eden space 16384K, 2% used [0x00000000eab00000,0x00000000eab51ec8,0x00000000ebb00000)
  from space 2560K, 0% used [0x00000000ebd80000,0x00000000ebd80000,0x00000000ec000000)
  to   space 2560K, 0% used [0x00000000ebb00000,0x00000000ebb00000,0x00000000ebd80000)
 ParOldGen       total 44032K, used 0K [0x00000000c0000000, 0x00000000c2b00000, 0x00000000eab00000)
  object space 44032K, 0% used [0x00000000c0000000,0x00000000c0000000,0x00000000c2b00000)
 Metaspace       used 767K, capacity 4480K, committed 4480K, reserved 1056768K
  class space    used 75K, capacity 384K, committed 384K, reserved 1048576K

Card table byte_map: [0x0000000013b10000,0x0000000013d20000] byte_map_base: 0x0000000013510000

Marking Bits: (ParMarkBitMap*) 0x000000006ae3a5b0
 Begin Bits: [0x0000000014280000, 0x0000000015280000)
 End Bits:   [0x0000000015280000, 0x0000000016280000)

Polling page: 0x0000000002a10000

CodeCache: size=245760Kb used=328Kb max_used=328Kb free=245431Kb
 bounds [0x0000000004750000, 0x00000000049c0000, 0x0000000013750000]
 total_blobs=57 nmethods=0 adapters=37
 compilation: enabled

Compilation events (0 events):
No events

GC Heap History (0 events):
No events

Deoptimization events (0 events):
No events

Internal exceptions (0 events):
No events

Events (10 events):
Event: 0.063 loading class java/lang/Short
Event: 0.063 loading class java/lang/Short done
Event: 0.063 loading class java/lang/Integer
Event: 0.064 loading class java/lang/Integer done
Event: 0.064 loading class java/lang/Long
Event: 0.064 loading class java/lang/Long done
Event: 0.068 loading class java/lang/NullPointerException
Event: 0.068 loading class java/lang/NullPointerException done
Event: 0.068 loading class java/lang/ArithmeticException
Event: 0.068 loading class java/lang/ArithmeticException done


Dynamic libraries:
0x00007ff707a40000 - 0x00007ff707a77000 	C:\Program Files\Java\jdk1.8.0_65\bin\java.exe
0x00007ffd0cc70000 - 0x00007ffd0ce50000 	C:\WINDOWS\SYSTEM32\ntdll.dll
0x00007ffd0c1a0000 - 0x00007ffd0c24e000 	C:\WINDOWS\System32\KERNEL32.DLL
0x00007ffd09e70000 - 0x00007ffd0a0d6000 	C:\WINDOWS\System32\KERNELBASE.dll
0x00007ffd0c2f0000 - 0x00007ffd0c391000 	C:\WINDOWS\System32\ADVAPI32.dll
0x00007ffd0c250000 - 0x00007ffd0c2ed000 	C:\WINDOWS\System32\msvcrt.dll
0x00007ffd0c520000 - 0x00007ffd0c57b000 	C:\WINDOWS\System32\sechost.dll
0x00007ffd0c080000 - 0x00007ffd0c19f000 	C:\WINDOWS\System32\RPCRT4.dll
0x00007ffd0c770000 - 0x00007ffd0c8fe000 	C:\WINDOWS\System32\USER32.dll
0x00007ffd095b0000 - 0x00007ffd095d0000 	C:\WINDOWS\System32\win32u.dll
0x00007ffd0a4d0000 - 0x00007ffd0a4f8000 	C:\WINDOWS\System32\GDI32.dll
0x00007ffd09340000 - 0x00007ffd094d4000 	C:\WINDOWS\System32\gdi32full.dll
0x00007ffd09dd0000 - 0x00007ffd09e6b000 	C:\WINDOWS\System32\msvcp_win.dll
0x00007ffd09070000 - 0x00007ffd09166000 	C:\WINDOWS\System32\ucrtbase.dll
0x00007ffcff570000 - 0x00007ffcff7d9000 	C:\WINDOWS\WinSxS\amd64_microsoft.windows.common-controls_6595b64144ccf1df_6.0.16299.19_none_cc92fab02215da61\COMCTL32.dll
0x00007ffd0a1c0000 - 0x00007ffd0a4c8000 	C:\WINDOWS\System32\combase.dll
0x00007ffd094e0000 - 0x00007ffd09552000 	C:\WINDOWS\System32\bcryptPrimitives.dll
0x00007ffd0ba50000 - 0x00007ffd0ba7d000 	C:\WINDOWS\System32\IMM32.DLL
0x000000006aec0000 - 0x000000006af92000 	C:\Program Files\Java\jdk1.8.0_65\jre\bin\msvcr100.dll
0x000000006a630000 - 0x000000006aeb9000 	C:\Program Files\Java\jdk1.8.0_65\jre\bin\server\jvm.dll
0x00007ffd0c9b0000 - 0x00007ffd0c9b8000 	C:\WINDOWS\System32\PSAPI.DLL
0x00007ffd05b60000 - 0x00007ffd05b69000 	C:\WINDOWS\SYSTEM32\WSOCK32.dll
0x00007ffd0c4b0000 - 0x00007ffd0c51c000 	C:\WINDOWS\System32\WS2_32.dll
0x00007ffd057f0000 - 0x00007ffd05813000 	C:\WINDOWS\SYSTEM32\WINMM.dll
0x00007ffd02400000 - 0x00007ffd0240a000 	C:\WINDOWS\SYSTEM32\VERSION.dll
0x00007ffd05790000 - 0x00007ffd057ba000 	C:\WINDOWS\SYSTEM32\WINMMBASE.dll
0x00007ffd09560000 - 0x00007ffd095aa000 	C:\WINDOWS\System32\cfgmgr32.dll
0x000000006edd0000 - 0x000000006eddf000 	C:\Program Files\Java\jdk1.8.0_65\jre\bin\verify.dll
0x000000006cf90000 - 0x000000006cfb9000 	C:\Program Files\Java\jdk1.8.0_65\jre\bin\java.dll
0x000000006cf70000 - 0x000000006cf86000 	C:\Program Files\Java\jdk1.8.0_65\jre\bin\zip.dll

VM Arguments:
jvm_args: -Djava.awt.headless=true -Xmx1024M -Dfile.encoding=windows-1252 -Duser.country=US -Duser.language=en -Duser.variant 
java_command: com.android.dx.command.Main --dex --num-threads=4 --output D:\HK1-2017-2018\RN\Project\GoldenGavel\android\app\build\intermediates\pre-dexed\debug\com.google.firebase-firebase-auth-11.4.2_9b72ab46a96ad43c947717125f132e162f694b9a.jar D:\HK1-2017-2018\RN\Project\GoldenGavel\android\app\build\intermediates\exploded-aar\com.google.firebase\firebase-auth\11.4.2\jars\classes.jar
java_class_path (initial): C:\Users\nghia\AppData\Local\Android\sdk\build-tools\23.0.1\lib\dx.jar
Launcher Type: SUN_STANDARD

Environment Variables:
JAVA_HOME=C:\Program Files\Java\jdk1.8.0_65
CLASSPATH=D:\HK1-2017-2018\RN\Project\GoldenGavel\android\\gradle\wrapper\gradle-wrapper.jar
PATH=C:\ProgramData\Oracle\Java\javapath;C:\Program Files (x86)\Intel\iCLS Client\;C:\Program Files\Intel\iCLS Client\;C:\WINDOWS\system32;C:\WINDOWS;C:\Program Files\Java\jdk1.8.0_65\bin;C:\WINDOWS\System32\Wbem;C:\WINDOWS\System32\WindowsPowerShell\v1.0\;C:\Program Files\Microsoft SQL Server\110\DTS\Binn\;C:\Program Files (x86)\Microsoft SQL Server\110\Tools\Binn\;C:\Program Files\Microsoft SQL Server\110\Tools\Binn\;C:\Program Files (x86)\Microsoft SQL Server\110\Tools\Binn\ManagementStudio\;C:\Program Files (x86)\Microsoft Visual Studio 10.0\Common7\IDE\PrivateAssemblies\;C:\Program Files (x86)\Microsoft SQL Server\110\DTS\Binn\;C:\Program Files\Intel\Intel(R) Management Engine Components\DAL;C:\Program Files (x86)\Intel\Intel(R) Management Engine Components\DAL;C:\Program Files\Intel\Intel(R) Management Engine Components\IPT;C:\Program Files (x86)\Intel\Intel(R) Management Engine Components\IPT;C:\WINDOWS\system32\config\systemprofile\.dnx\bin;C:\Program Files\Microsoft DNX\Dnvm\;C:\Program Files\Microsoft SQL Server\130\Tools\Binn\;C:\Program Files (x86)\Windows Kits\8.1\Windows Performance Toolkit\;C:\Program Files\OpenVPN\bin;C:\Python27;C:\Program Files\nodejs\;C:\Program Files\Git\cmd;C:\Users\nghia\AppData\Local\Android\sdk\platform-tools;C:\Users\nghia\AppData\Local\Microsoft\WindowsApps;C:\Users\nghia\AppData\Roaming\npm;C:\Users\nghia\AppData\Local\atom\bin;%USERPROFILE%\AppData\Local\Microsoft\WindowsApps;
USERNAME=nghia
OS=Windows_NT
PROCESSOR_IDENTIFIER=Intel64 Family 6 Model 69 Stepping 1, GenuineIntel



---------------  S Y S T E M  ---------------

OS: Windows 10.0 , 64 bit Build 16299 (10.0.16299.15)

CPU:total 4 (2 cores per cpu, 2 threads per core) family 6 model 69 stepping 1, cmov, cx8, fxsr, mmx, sse, sse2, sse3, ssse3, sse4.1, sse4.2, popcnt, avx, avx2, aes, clmul, erms, lzcnt, ht, tsc, tscinvbit, bmi1, bmi2

Memory: 4k page, physical 4074568k(659816k free), swap 8170568k(4412k free)

vm_info: Java HotSpot(TM) 64-Bit Server VM (25.65-b01) for windows-amd64 JRE (1.8.0_65-b17), built on Oct  6 2015 16:39:20 by "java_re" with MS VC++ 10.0 (VS2010)

time: Thu Nov 09 23:56:57 2017
elapsed time: 0 seconds (0d 0h 0m 0s)

