#
# There is insufficient memory for the Java Runtime Environment to continue.
# Native memory allocation (malloc) failed to allocate 1772496 bytes for Chunk::new
# Possible reasons:
#   The system is out of physical RAM or swap space
#   In 32 bit mode, the process size limit was hit
# Possible solutions:
#   Reduce memory load on the system
#   Increase physical memory or swap space
#   Check if swap backing store is full
#   Use 64 bit Java on a 64 bit OS
#   Decrease Java heap size (-Xmx/-Xms)
#   Decrease number of Java threads
#   Decrease Java thread stack sizes (-Xss)
#   Set larger code cache with -XX:ReservedCodeCacheSize=
# This output file may be truncated or incomplete.
#
#  Out of Memory Error (allocation.cpp:390), pid=20860, tid=404
#
# JRE version: Java(TM) SE Runtime Environment (8.0_65-b17) (build 1.8.0_65-b17)
# Java VM: Java HotSpot(TM) 64-Bit Server VM (25.65-b01 mixed mode windows-amd64 compressed oops)
# Failed to write core dump. Minidumps are not enabled by default on client versions of Windows
#

---------------  T H R E A D  ---------------

Current thread (0x0000000017271000):  JavaThread "C2 CompilerThread1" daemon [_thread_in_native, id=404, stack(0x00000000189b0000,0x0000000018ab0000)]

Stack: [0x00000000189b0000,0x0000000018ab0000]
[error occurred during error reporting (printing stack bounds), id 0xc0000005]

Native frames: (J=compiled Java code, j=interpreted, Vv=VM code, C=native code)


Current CompileTask:
C2:   6672 1789   !   4       com.android.dx.cf.code.Ropper::processBlock (1101 bytes)


---------------  P R O C E S S  ---------------

Java Threads: ( => current thread )
  0x0000000018e3a800 JavaThread "pool-2-thread-4" [_thread_in_Java, id=11648, stack(0x00000000195b0000,0x00000000196b0000)]
  0x0000000018f1c000 JavaThread "pool-2-thread-3" [_thread_in_Java, id=3740, stack(0x00000000194b0000,0x00000000195b0000)]
  0x0000000018e42000 JavaThread "pool-2-thread-2" [_thread_in_Java, id=20976, stack(0x00000000193b0000,0x00000000194b0000)]
  0x0000000018e38000 JavaThread "pool-3-thread-1" [_thread_blocked, id=12116, stack(0x00000000192b0000,0x00000000193b0000)]
  0x0000000018e37000 JavaThread "pool-2-thread-1" [_thread_in_Java, id=15292, stack(0x00000000191b0000,0x00000000192b0000)]
  0x00000000172ce000 JavaThread "Service Thread" daemon [_thread_blocked, id=8996, stack(0x0000000018fb0000,0x00000000190b0000)]
  0x000000001727a800 JavaThread "C1 CompilerThread2" daemon [_thread_blocked, id=5584, stack(0x0000000018ab0000,0x0000000018bb0000)]
=>0x0000000017271000 JavaThread "C2 CompilerThread1" daemon [_thread_in_native, id=404, stack(0x00000000189b0000,0x0000000018ab0000)]
  0x000000001726f000 JavaThread "C2 CompilerThread0" daemon [_thread_in_native, id=20428, stack(0x00000000188b0000,0x00000000189b0000)]
  0x000000001726c000 JavaThread "Attach Listener" daemon [_thread_blocked, id=12384, stack(0x00000000187b0000,0x00000000188b0000)]
  0x000000001726a800 JavaThread "Signal Dispatcher" daemon [_thread_blocked, id=14472, stack(0x00000000186b0000,0x00000000187b0000)]
  0x0000000004b97000 JavaThread "Finalizer" daemon [_thread_blocked, id=5572, stack(0x00000000184c0000,0x00000000185c0000)]
  0x0000000004b8e000 JavaThread "Reference Handler" daemon [_thread_blocked, id=7944, stack(0x00000000183c0000,0x00000000184c0000)]
  0x000000000317e800 JavaThread "main" [_thread_blocked, id=18860, stack(0x0000000004930000,0x0000000004a30000)]

Other Threads:
  0x0000000017238000 VMThread [stack: 0x00000000182c0000,0x00000000183c0000] [id=3448]
  0x0000000018bfc000 WatcherThread [stack: 0x00000000190b0000,0x00000000191b0000] [id=18988]

VM state:not at safepoint (normal execution)

VM Mutex/Monitor currently owned by a thread: None

Heap:
 PSYoungGen      total 123392K, used 106836K [0x00000000eab00000, 0x00000000f8d80000, 0x0000000100000000)
  eden space 110080K, 84% used [0x00000000eab00000,0x00000000f0656aa8,0x00000000f1680000)
  from space 13312K, 99% used [0x00000000f3800000,0x00000000f44fe5b8,0x00000000f4500000)
  to   space 34304K, 0% used [0x00000000f1680000,0x00000000f1680000,0x00000000f3800000)
 ParOldGen       total 89088K, used 63060K [0x00000000c0000000, 0x00000000c5700000, 0x00000000eab00000)
  object space 89088K, 70% used [0x00000000c0000000,0x00000000c3d95050,0x00000000c5700000)
 Metaspace       used 6457K, capacity 7256K, committed 7424K, reserved 1056768K
  class space    used 618K, capacity 656K, committed 768K, reserved 1048576K

Card table byte_map: [0x0000000013f60000,0x0000000014170000] byte_map_base: 0x0000000013960000

Marking Bits: (ParMarkBitMap*) 0x000000006aeea5b0
 Begin Bits: [0x00000000146d0000, 0x00000000156d0000)
 End Bits:   [0x00000000156d0000, 0x00000000166d0000)

Polling page: 0x0000000002c80000

CodeCache: size=245760Kb used=8279Kb max_used=8279Kb free=237480Kb
 bounds [0x0000000004ba0000, 0x00000000053d0000, 0x0000000013ba0000]
 total_blobs=2293 nmethods=2022 adapters=183
 compilation: enabled

Compilation events (10 events):
Event: 6.314 Thread 0x000000001727a800 2120       2       com.android.dx.rop.code.Rops::opNewArray (124 bytes)
Event: 6.315 Thread 0x000000001727a800 nmethod 2120 0x00000000053a2e10 code [0x00000000053a3000, 0x00000000053a3628]
Event: 6.320 Thread 0x0000000017271000 nmethod 2050 0x000000000539dcd0 code [0x000000000539de60, 0x000000000539e778]
Event: 6.320 Thread 0x0000000017271000 1789   !   4       com.android.dx.cf.code.Ropper::processBlock (1101 bytes)
Event: 6.436 Thread 0x000000001727a800 2121 %     3       com.android.dx.ssa.back.FirstFitLocalCombiningAllocator::handleCheckCastResults @ 8 (413 bytes)
Event: 6.442 Thread 0x000000001727a800 nmethod 2121% 0x00000000053b4050 code [0x00000000053b45e0, 0x00000000053b8388]
Event: 6.443 Thread 0x000000001727a800 2122       3       com.android.dx.ssa.back.FirstFitLocalCombiningAllocator::handleCheckCastResults (413 bytes)
Event: 6.449 Thread 0x000000001727a800 nmethod 2122 0x00000000053bad10 code [0x00000000053bb2a0, 0x00000000053bef18]
Event: 6.594 Thread 0x000000001727a800 2125       2       java.util.concurrent.locks.AbstractQueuedSynchronizer::isOnSyncQueue (33 bytes)
Event: 6.595 Thread 0x000000001727a800 nmethod 2125 0x0000000005365310 code [0x0000000005365480, 0x00000000053656b0]

GC Heap History (10 events):
Event: 2.254 GC heap before
{Heap before GC invocations=5 (full 0):
 PSYoungGen      total 68096K, used 68069K [0x00000000eab00000, 0x00000000ef000000, 0x0000000100000000)
  eden space 65536K, 100% used [0x00000000eab00000,0x00000000eeb00000,0x00000000eeb00000)
  from space 2560K, 98% used [0x00000000eed80000,0x00000000eeff9788,0x00000000ef000000)
  to   space 2560K, 0% used [0x00000000eeb00000,0x00000000eeb00000,0x00000000eed80000)
 ParOldGen       total 44032K, used 15324K [0x00000000c0000000, 0x00000000c2b00000, 0x00000000eab00000)
  object space 44032K, 34% used [0x00000000c0000000,0x00000000c0ef7060,0x00000000c2b00000)
 Metaspace       used 6304K, capacity 7192K, committed 7424K, reserved 1056768K
  class space    used 617K, capacity 656K, committed 768K, reserved 1048576K
Event: 2.299 GC heap after
Heap after GC invocations=5 (full 0):
 PSYoungGen      total 68096K, used 2533K [0x00000000eab00000, 0x00000000f4500000, 0x0000000100000000)
  eden space 65536K, 0% used [0x00000000eab00000,0x00000000eab00000,0x00000000eeb00000)
  from space 2560K, 98% used [0x00000000eeb00000,0x00000000eed795b8,0x00000000eed80000)
  to   space 13312K, 0% used [0x00000000f3800000,0x00000000f3800000,0x00000000f4500000)
 ParOldGen       total 44032K, used 26053K [0x00000000c0000000, 0x00000000c2b00000, 0x00000000eab00000)
  object space 44032K, 59% used [0x00000000c0000000,0x00000000c1971430,0x00000000c2b00000)
 Metaspace       used 6304K, capacity 7192K, committed 7424K, reserved 1056768K
  class space    used 617K, capacity 656K, committed 768K, reserved 1048576K
}
Event: 3.186 GC heap before
{Heap before GC invocations=6 (full 0):
 PSYoungGen      total 68096K, used 68069K [0x00000000eab00000, 0x00000000f4500000, 0x0000000100000000)
  eden space 65536K, 100% used [0x00000000eab00000,0x00000000eeb00000,0x00000000eeb00000)
  from space 2560K, 98% used [0x00000000eeb00000,0x00000000eed795b8,0x00000000eed80000)
  to   space 13312K, 0% used [0x00000000f3800000,0x00000000f3800000,0x00000000f4500000)
 ParOldGen       total 44032K, used 26053K [0x00000000c0000000, 0x00000000c2b00000, 0x00000000eab00000)
  object space 44032K, 59% used [0x00000000c0000000,0x00000000c1971430,0x00000000c2b00000)
 Metaspace       used 6371K, capacity 7256K, committed 7424K, reserved 1056768K
  class space    used 617K, capacity 656K, committed 768K, reserved 1048576K
Event: 3.238 GC heap after
Heap after GC invocations=6 (full 0):
 PSYoungGen      total 142336K, used 13289K [0x00000000eab00000, 0x00000000f4900000, 0x0000000100000000)
  eden space 129024K, 0% used [0x00000000eab00000,0x00000000eab00000,0x00000000f2900000)
  from space 13312K, 99% used [0x00000000f3800000,0x00000000f44fa630,0x00000000f4500000)
  to   space 15360K, 0% used [0x00000000f2900000,0x00000000f2900000,0x00000000f3800000)
 ParOldGen       total 44032K, used 26068K [0x00000000c0000000, 0x00000000c2b00000, 0x00000000eab00000)
  object space 44032K, 59% used [0x00000000c0000000,0x00000000c19752d8,0x00000000c2b00000)
 Metaspace       used 6371K, capacity 7256K, committed 7424K, reserved 1056768K
  class space    used 617K, capacity 656K, committed 768K, reserved 1048576K
}
Event: 4.081 GC heap before
{Heap before GC invocations=7 (full 0):
 PSYoungGen      total 142336K, used 142313K [0x00000000eab00000, 0x00000000f4900000, 0x0000000100000000)
  eden space 129024K, 100% used [0x00000000eab00000,0x00000000f2900000,0x00000000f2900000)
  from space 13312K, 99% used [0x00000000f3800000,0x00000000f44fa630,0x00000000f4500000)
  to   space 15360K, 0% used [0x00000000f2900000,0x00000000f2900000,0x00000000f3800000)
 ParOldGen       total 44032K, used 26068K [0x00000000c0000000, 0x00000000c2b00000, 0x00000000eab00000)
  object space 44032K, 59% used [0x00000000c0000000,0x00000000c19752d8,0x00000000c2b00000)
 Metaspace       used 6420K, capacity 7256K, committed 7424K, reserved 1056768K
  class space    used 617K, capacity 656K, committed 768K, reserved 1048576K
Event: 4.172 GC heap after
Heap after GC invocations=7 (full 0):
 PSYoungGen      total 144384K, used 15335K [0x00000000eab00000, 0x00000000f4900000, 0x0000000100000000)
  eden space 129024K, 0% used [0x00000000eab00000,0x00000000eab00000,0x00000000f2900000)
  from space 15360K, 99% used [0x00000000f2900000,0x00000000f37f9cc8,0x00000000f3800000)
  to   space 13312K, 0% used [0x00000000f3800000,0x00000000f3800000,0x00000000f4500000)
 ParOldGen       total 44032K, used 43964K [0x00000000c0000000, 0x00000000c2b00000, 0x00000000eab00000)
  object space 44032K, 99% used [0x00000000c0000000,0x00000000c2aef2b0,0x00000000c2b00000)
 Metaspace       used 6420K, capacity 7256K, committed 7424K, reserved 1056768K
  class space    used 617K, capacity 656K, committed 768K, reserved 1048576K
}
Event: 4.172 GC heap before
{Heap before GC invocations=8 (full 1):
 PSYoungGen      total 144384K, used 15335K [0x00000000eab00000, 0x00000000f4900000, 0x0000000100000000)
  eden space 129024K, 0% used [0x00000000eab00000,0x00000000eab00000,0x00000000f2900000)
  from space 15360K, 99% used [0x00000000f2900000,0x00000000f37f9cc8,0x00000000f3800000)
  to   space 13312K, 0% used [0x00000000f3800000,0x00000000f3800000,0x00000000f4500000)
 ParOldGen       total 44032K, used 43964K [0x00000000c0000000, 0x00000000c2b00000, 0x00000000eab00000)
  object space 44032K, 99% used [0x00000000c0000000,0x00000000c2aef2b0,0x00000000c2b00000)
 Metaspace       used 6420K, capacity 7256K, committed 7424K, reserved 1056768K
  class space    used 617K, capacity 656K, committed 768K, reserved 1048576K
Event: 4.946 GC heap after
Heap after GC invocations=8 (full 1):
 PSYoungGen      total 144384K, used 12227K [0x00000000eab00000, 0x00000000f4900000, 0x0000000100000000)
  eden space 129024K, 0% used [0x00000000eab00000,0x00000000eab00000,0x00000000f2900000)
  from space 15360K, 79% used [0x00000000f2900000,0x00000000f34f0f38,0x00000000f3800000)
  to   space 13312K, 0% used [0x00000000f3800000,0x00000000f3800000,0x00000000f4500000)
 ParOldGen       total 89088K, used 43541K [0x00000000c0000000, 0x00000000c5700000, 0x00000000eab00000)
  object space 89088K, 48% used [0x00000000c0000000,0x00000000c2a85658,0x00000000c5700000)
 Metaspace       used 6420K, capacity 7256K, committed 7424K, reserved 1056768K
  class space    used 617K, capacity 656K, committed 768K, reserved 1048576K
}
Event: 5.824 GC heap before
{Heap before GC invocations=9 (full 1):
 PSYoungGen      total 144384K, used 141251K [0x00000000eab00000, 0x00000000f4900000, 0x0000000100000000)
  eden space 129024K, 100% used [0x00000000eab00000,0x00000000f2900000,0x00000000f2900000)
  from space 15360K, 79% used [0x00000000f2900000,0x00000000f34f0f38,0x00000000f3800000)
  to   space 13312K, 0% used [0x00000000f3800000,0x00000000f3800000,0x00000000f4500000)
 ParOldGen       total 89088K, used 43541K [0x00000000c0000000, 0x00000000c5700000, 0x00000000eab00000)
  object space 89088K, 48% used [0x00000000c0000000,0x00000000c2a85658,0x00000000c5700000)
 Metaspace       used 6453K, capacity 7256K, committed 7424K, reserved 1056768K
  class space    used 617K, capacity 656K, committed 768K, reserved 1048576K
Event: 5.899 GC heap after
Heap after GC invocations=9 (full 1):
 PSYoungGen      total 123392K, used 13305K [0x00000000eab00000, 0x00000000f8d80000, 0x0000000100000000)
  eden space 110080K, 0% used [0x00000000eab00000,0x00000000eab00000,0x00000000f1680000)
  from space 13312K, 99% used [0x00000000f3800000,0x00000000f44fe5b8,0x00000000f4500000)
  to   space 34304K, 0% used [0x00000000f1680000,0x00000000f1680000,0x00000000f3800000)
 ParOldGen       total 89088K, used 63060K [0x00000000c0000000, 0x00000000c5700000, 0x00000000eab00000)
  object space 89088K, 70% used [0x00000000c0000000,0x00000000c3d95050,0x00000000c5700000)
 Metaspace       used 6453K, capacity 7256K, committed 7424K, reserved 1056768K
  class space    used 617K, capacity 656K, committed 768K, reserved 1048576K
}

Deoptimization events (10 events):
Event: 3.001 Thread 0x0000000018e37000 Uncommon trap: reason=unstable_if action=reinterpret pc=0x0000000004ed212c method=java.util.HashMap.putVal(ILjava/lang/Object;Ljava/lang/Object;ZZ)Ljava/lang/Object; @ 162
Event: 3.010 Thread 0x0000000018e42000 Uncommon trap: reason=unstable_if action=reinterpret pc=0x00000000051b8358 method=com.android.dx.ssa.SCCP.simulateBranch(Lcom/android/dx/ssa/SsaInsn;)V @ 548
Event: 3.406 Thread 0x0000000018e42000 Uncommon trap: reason=unstable_if action=reinterpret pc=0x0000000004edd800 method=com.android.dx.rop.code.RegisterSpec.equals(ILcom/android/dx/rop/type/TypeBearer;Lcom/android/dx/rop/code/LocalItem;)Z @ 42
Event: 3.818 Thread 0x0000000018e42000 Uncommon trap: reason=bimorphic action=maybe_recompile pc=0x00000000052efcf0 method=com.android.dx.cf.code.BytecodeArray.parseInstruction(ILcom/android/dx/cf/code/BytecodeArray$Visitor;)I @ 971
Event: 3.818 Thread 0x0000000018e42000 Uncommon trap: reason=bimorphic action=maybe_recompile pc=0x00000000052efcf0 method=com.android.dx.cf.code.BytecodeArray.parseInstruction(ILcom/android/dx/cf/code/BytecodeArray$Visitor;)I @ 971
Event: 3.930 Thread 0x0000000018e42000 Uncommon trap: reason=bimorphic action=maybe_recompile pc=0x00000000052efbd8 method=com.android.dx.cf.code.BytecodeArray.parseInstruction(ILcom/android/dx/cf/code/BytecodeArray$Visitor;)I @ 939
Event: 3.930 Thread 0x0000000018e42000 Uncommon trap: reason=bimorphic action=maybe_recompile pc=0x00000000052efbd8 method=com.android.dx.cf.code.BytecodeArray.parseInstruction(ILcom/android/dx/cf/code/BytecodeArray$Visitor;)I @ 939
Event: 5.931 Thread 0x0000000018f1c000 Uncommon trap: reason=bimorphic action=maybe_recompile pc=0x00000000053736e4 method=com.android.dx.cf.code.BytecodeArray.parseInstruction(ILcom/android/dx/cf/code/BytecodeArray$Visitor;)I @ 987
Event: 5.931 Thread 0x0000000018f1c000 Uncommon trap: reason=bimorphic action=maybe_recompile pc=0x0000000005373614 method=com.android.dx.cf.code.BytecodeArray.parseInstruction(ILcom/android/dx/cf/code/BytecodeArray$Visitor;)I @ 955
Event: 5.931 Thread 0x0000000018f1c000 Uncommon trap: reason=bimorphic action=maybe_recompile pc=0x0000000005373614 method=com.android.dx.cf.code.BytecodeArray.parseInstruction(ILcom/android/dx/cf/code/BytecodeArray$Visitor;)I @ 955

Internal exceptions (6 events):
Event: 0.041 Thread 0x000000000317e800 Exception <a 'java/lang/NoSuchMethodError': Method sun.misc.Unsafe.defineClass(Ljava/lang/String;[BII)Ljava/lang/Class; name or signature does not match> (0x00000000eab0dcd8) thrown at [C:\workspace\8-2-build-windows-amd64-cygwin\jdk8u65\4987\hotspot\src\soO@p‚§?
Event: 0.041 Thread 0x000000000317e800 Exception <a 'java/lang/NoSuchMethodError': Method sun.misc.Unsafe.prefetchRead(Ljava/lang/Object;J)V name or signature does not match> (0x00000000eab0dfc0) thrown at [C:\workspace\8-2-build-windows-amd64-cygwin\jdk8u65\4987\hotspot\src\share\vm\prims\jni.®h¿?∏LÈ?
Event: 0.791 Thread 0x0000000018e3a800 Implicit null exception at 0x0000000004e9f0b6 to 0x0000000004ea108d
Event: 1.251 Thread 0x0000000018f1c000 Exception <a 'java/lang/ArrayIndexOutOfBoundsException': 18> (0x00000000ebbf58a0) thrown at [C:\workspace\8-2-build-windows-amd64-cygwin\jdk8u65\4987\hotspot\src\share\vm\interpreter\interpreterRuntime.cpp, line 366]
Event: 1.252 Thread 0x0000000018f1c000 Exception <a 'java/lang/ArrayIndexOutOfBoundsException': 145> (0x00000000ebbf7420) thrown at [C:\workspace\8-2-build-windows-amd64-cygwin\jdk8u65\4987\hotspot\src\share\vm\interpreter\interpreterRuntime.cpp, line 366]
Event: 1.253 Thread 0x0000000018f1c000 Exception <a 'java/lang/ArrayIndexOutOfBoundsException': 40> (0x00000000ebbf8708) thrown at [C:\workspace\8-2-build-windows-amd64-cygwin\jdk8u65\4987\hotspot\src\share\vm\interpreter\interpreterRuntime.cpp, line 366]

Events (10 events):
Event: 5.931 Thread 0x0000000018f1c000 DEOPT UNPACKING pc=0x0000000004be582a sp=0x00000000195ae3b8 mode 2
Event: 5.931 Thread 0x0000000018f1c000 Uncommon trap: trap_request=0xffffffc6 fr.pc=0x0000000005373614
Event: 5.931 Thread 0x0000000018f1c000 DEOPT PACKING pc=0x0000000005373614 sp=0x00000000195ae3f0
Event: 5.931 Thread 0x0000000018f1c000 DEOPT UNPACKING pc=0x0000000004be582a sp=0x00000000195ae3b8 mode 2
Event: 6.454 Thread 0x0000000018f1c000 DEOPT PACKING pc=0x0000000005159fa1 sp=0x00000000195ae5f0
Event: 6.454 Thread 0x0000000018f1c000 DEOPT UNPACKING pc=0x0000000004be787f sp=0x00000000195ae3a8 mode 0
Event: 6.616 loading class com/android/dx/rop/code/RegisterSpec$1
Event: 6.616 loading class com/android/dx/rop/code/RegisterSpec$1 done
Event: 6.665 Thread 0x0000000018e3a800 DEOPT PACKING pc=0x0000000004e6240c sp=0x00000000196ae560
Event: 6.665 Thread 0x0000000018e3a800 DEOPT UNPACKING pc=0x0000000004be787f sp=0x00000000196ae278 mode 0


Dynamic libraries:
0x00007ff7d39c0000 - 0x00007ff7d39f7000 	C:\Program Files\Java\jdk1.8.0_65\bin\java.exe
0x00007ffd0cc70000 - 0x00007ffd0ce50000 	C:\WINDOWS\SYSTEM32\ntdll.dll
0x00007ffd0c1a0000 - 0x00007ffd0c24e000 	C:\WINDOWS\System32\KERNEL32.DLL
0x00007ffd09e70000 - 0x00007ffd0a0d6000 	C:\WINDOWS\System32\KERNELBASE.dll
0x00007ffd0c2f0000 - 0x00007ffd0c391000 	C:\WINDOWS\System32\ADVAPI32.dll
0x00007ffd0c250000 - 0x00007ffd0c2ed000 	C:\WINDOWS\System32\msvcrt.dll
0x00007ffd0c520000 - 0x00007ffd0c57b000 	C:\WINDOWS\System32\sechost.dll
0x00007ffd0c080000 - 0x00007ffd0c19f000 	C:\WINDOWS\System32\RPCRT4.dll
0x00007ffd0c770000 - 0x00007ffd0c8fe000 	C:\WINDOWS\System32\USER32.dll
0x00007ffd095b0000 - 0x00007ffd095d0000 	C:\WINDOWS\System32\win32u.dll
0x00007ffd0a4d0000 - 0x00007ffd0a4f8000 	C:\WINDOWS\System32\GDI32.dll
0x00007ffd09340000 - 0x00007ffd094d4000 	C:\WINDOWS\System32\gdi32full.dll
0x00007ffd09dd0000 - 0x00007ffd09e6b000 	C:\WINDOWS\System32\msvcp_win.dll
0x00007ffd09070000 - 0x00007ffd09166000 	C:\WINDOWS\System32\ucrtbase.dll
0x00007ffcff570000 - 0x00007ffcff7d9000 	C:\WINDOWS\WinSxS\amd64_microsoft.windows.common-controls_6595b64144ccf1df_6.0.16299.19_none_cc92fab02215da61\COMCTL32.dll
0x00007ffd0a1c0000 - 0x00007ffd0a4c8000 	C:\WINDOWS\System32\combase.dll
0x00007ffd094e0000 - 0x00007ffd09552000 	C:\WINDOWS\System32\bcryptPrimitives.dll
0x00007ffd0ba50000 - 0x00007ffd0ba7d000 	C:\WINDOWS\System32\IMM32.DLL
0x000000006af70000 - 0x000000006b042000 	C:\Program Files\Java\jdk1.8.0_65\jre\bin\msvcr100.dll
0x000000006a6e0000 - 0x000000006af69000 	C:\Program Files\Java\jdk1.8.0_65\jre\bin\server\jvm.dll
0x00007ffd0c9b0000 - 0x00007ffd0c9b8000 	C:\WINDOWS\System32\PSAPI.DLL
0x00007ffd02400000 - 0x00007ffd0240a000 	C:\WINDOWS\SYSTEM32\VERSION.dll
0x00007ffd057f0000 - 0x00007ffd05813000 	C:\WINDOWS\SYSTEM32\WINMM.dll
0x00007ffd05d40000 - 0x00007ffd05d49000 	C:\WINDOWS\SYSTEM32\WSOCK32.dll
0x00007ffd0c4b0000 - 0x00007ffd0c51c000 	C:\WINDOWS\System32\WS2_32.dll
0x00007ffd05790000 - 0x00007ffd057ba000 	C:\WINDOWS\SYSTEM32\WINMMBASE.dll
0x00007ffd09560000 - 0x00007ffd095aa000 	C:\WINDOWS\System32\cfgmgr32.dll
0x000000006edd0000 - 0x000000006eddf000 	C:\Program Files\Java\jdk1.8.0_65\jre\bin\verify.dll
0x000000006a6b0000 - 0x000000006a6d9000 	C:\Program Files\Java\jdk1.8.0_65\jre\bin\java.dll
0x000000006a690000 - 0x000000006a6a6000 	C:\Program Files\Java\jdk1.8.0_65\jre\bin\zip.dll
0x00007ffd0a500000 - 0x00007ffd0b937000 	C:\WINDOWS\System32\SHELL32.dll
0x00007ffd0b9a0000 - 0x00007ffd0ba46000 	C:\WINDOWS\System32\shcore.dll
0x00007ffd09680000 - 0x00007ffd09dc7000 	C:\WINDOWS\System32\windows.storage.dll
0x00007ffd0c710000 - 0x00007ffd0c761000 	C:\WINDOWS\System32\shlwapi.dll
0x00007ffd09050000 - 0x00007ffd09061000 	C:\WINDOWS\System32\kernel.appcore.dll
0x00007ffd08fc0000 - 0x00007ffd0900c000 	C:\WINDOWS\System32\powrprof.dll
0x00007ffd09010000 - 0x00007ffd0902b000 	C:\WINDOWS\System32\profapi.dll

VM Arguments:
jvm_args: -Djava.awt.headless=true -Xmx1024M -Dfile.encoding=windows-1252 -Duser.country=US -Duser.language=en -Duser.variant 
java_command: com.android.dx.command.Main --dex --num-threads=4 --multi-dex --main-dex-list D:\HK1-2017-2018\RN\Project\GoldenGavel\android\app\build\intermediates\multi-dex\debug\maindexlist.txt --output D:\HK1-2017-2018\RN\Project\GoldenGavel\android\app\build\intermediates\transforms\dex\debug\folders\1000\1f\main D:\HK1-2017-2018\RN\Project\GoldenGavel\android\app\build\intermediates\transforms\jarMerging\debug\jars\1\1f\combined.jar
java_class_path (initial): C:\Users\nghia\AppData\Local\Android\sdk\build-tools\23.0.1\lib\dx.jar
Launcher Type: SUN_STANDARD

Environment Variables:
JAVA_HOME=C:\Program Files\Java\jdk1.8.0_65
CLASSPATH=D:\HK1-2017-2018\RN\Project\GoldenGavel\android\\gradle\wrapper\gradle-wrapper.jar
PATH=C:\ProgramData\Oracle\Java\javapath;C:\Program Files (x86)\Intel\iCLS Client\;C:\Program Files\Intel\iCLS Client\;C:\WINDOWS\system32;C:\WINDOWS;C:\Program Files\Java\jdk1.8.0_65\bin;C:\WINDOWS\System32\Wbem;C:\WINDOWS\System32\WindowsPowerShell\v1.0\;C:\Program Files\Microsoft SQL Server\110\DTS\Binn\;C:\Program Files (x86)\Microsoft SQL Server\110\Tools\Binn\;C:\Program Files\Microsoft SQL Server\110\Tools\Binn\;C:\Program Files (x86)\Microsoft SQL Server\110\Tools\Binn\ManagementStudio\;C:\Program Files (x86)\Microsoft Visual Studio 10.0\Common7\IDE\PrivateAssemblies\;C:\Program Files (x86)\Microsoft SQL Server\110\DTS\Binn\;C:\Program Files\Intel\Intel(R) Management Engine Components\DAL;C:\Program Files (x86)\Intel\Intel(R) Management Engine Components\DAL;C:\Program Files\Intel\Intel(R) Management Engine Components\IPT;C:\Program Files (x86)\Intel\Intel(R) Management Engine Components\IPT;C:\WINDOWS\system32\config\systemprofile\.dnx\bin;C:\Program Files\Microsoft DNX\Dnvm\;C:\Program Files\Microsoft SQL Server\130\Tools\Binn\;C:\Program Files (x86)\Windows Kits\8.1\Windows Performance Toolkit\;C:\Program Files\OpenVPN\bin;C:\Python27;C:\Program Files\nodejs\;C:\Program Files\Git\cmd;C:\Users\nghia\AppData\Local\Android\sdk\platform-tools;C:\Users\nghia\AppData\Local\Microsoft\WindowsApps;C:\Users\nghia\AppData\Roaming\npm;C:\Users\nghia\AppData\Local\atom\bin;%USERPROFILE%\AppData\Local\Microsoft\WindowsApps;
USERNAME=nghia
OS=Windows_NT
PROCESSOR_IDENTIFIER=Intel64 Family 6 Model 69 Stepping 1, GenuineIntel



---------------  S Y S T E M  ---------------

OS: Windows 10.0 , 64 bit Build 16299 (10.0.16299.15)

CPU:total 4 (2 cores per cpu, 2 threads per core) family 6 model 69 stepping 1, cmov, cx8, fxsr, mmx, sse, sse2, sse3, ssse3, sse4.1, sse4.2, popcnt, avx, avx2, aes, clmul, erms, lzcnt, ht, tsc, tscinvbit, bmi1, bmi2

Memory: 4k page, physical 4074568k(369472k free), swap 8170568k(8976k free)

vm_info: Java HotSpot(TM) 64-Bit Server VM (25.65-b01) for windows-amd64 JRE (1.8.0_65-b17), built on Oct  6 2015 16:39:20 by "java_re" with MS VC++ 10.0 (VS2010)

time: Fri Nov 17 09:34:24 2017
elapsed time: 6 seconds (0d 0h 0m 6s)

