#
# There is insufficient memory for the Java Runtime Environment to continue.
# Native memory allocation (malloc) failed to allocate 1091056 bytes for Chunk::new
# Possible reasons:
#   The system is out of physical RAM or swap space
#   In 32 bit mode, the process size limit was hit
# Possible solutions:
#   Reduce memory load on the system
#   Increase physical memory or swap space
#   Check if swap backing store is full
#   Use 64 bit Java on a 64 bit OS
#   Decrease Java heap size (-Xmx/-Xms)
#   Decrease number of Java threads
#   Decrease Java thread stack sizes (-Xss)
#   Set larger code cache with -XX:ReservedCodeCacheSize=
# This output file may be truncated or incomplete.
#
#  Out of Memory Error (allocation.cpp:390), pid=1032, tid=1348
#
# JRE version: Java(TM) SE Runtime Environment (8.0_65-b17) (build 1.8.0_65-b17)
# Java VM: Java HotSpot(TM) 64-Bit Server VM (25.65-b01 mixed mode windows-amd64 compressed oops)
# Failed to write core dump. Minidumps are not enabled by default on client versions of Windows
#

---------------  T H R E A D  ---------------

Current thread (0x000000001708e800):  JavaThread "C2 CompilerThread0" daemon [_thread_in_native, id=1348, stack(0x00000000186d0000,0x00000000187d0000)]

Stack: [0x00000000186d0000,0x00000000187d0000]
[error occurred during error reporting (printing stack bounds), id 0xc0000005]

Native frames: (J=compiled Java code, j=interpreted, Vv=VM code, C=native code)


Current CompileTask:
C2:  19313 2167       4       com.android.dx.ssa.DeadCodeRemover::run (194 bytes)


---------------  P R O C E S S  ---------------

Java Threads: ( => current thread )
  0x0000000018c40800 JavaThread "pool-1-thread-4" [_thread_blocked, id=9456, stack(0x00000000193d0000,0x00000000194d0000)]
  0x0000000018c40000 JavaThread "pool-1-thread-3" [_thread_blocked, id=9924, stack(0x00000000192d0000,0x00000000193d0000)]
  0x0000000018c3f000 JavaThread "pool-1-thread-2" [_thread_in_vm, id=6036, stack(0x00000000191d0000,0x00000000192d0000)]
  0x0000000018c3b800 JavaThread "pool-2-thread-1" [_thread_blocked, id=11104, stack(0x00000000190d0000,0x00000000191d0000)]
  0x0000000018c39000 JavaThread "pool-1-thread-1" [_thread_blocked, id=9088, stack(0x0000000018fd0000,0x00000000190d0000)]
  0x00000000189d6000 JavaThread "Service Thread" daemon [_thread_blocked, id=7628, stack(0x0000000018dd0000,0x0000000018ed0000)]
  0x00000000170ec000 JavaThread "C1 CompilerThread2" daemon [_thread_blocked, id=9220, stack(0x00000000188d0000,0x00000000189d0000)]
  0x0000000017091000 JavaThread "C2 CompilerThread1" daemon [_thread_in_native, id=10212, stack(0x00000000187d0000,0x00000000188d0000)]
=>0x000000001708e800 JavaThread "C2 CompilerThread0" daemon [_thread_in_native, id=1348, stack(0x00000000186d0000,0x00000000187d0000)]
  0x000000001708c000 JavaThread "Attach Listener" daemon [_thread_blocked, id=12064, stack(0x00000000185d0000,0x00000000186d0000)]
  0x000000001708a800 JavaThread "Signal Dispatcher" daemon [_thread_blocked, id=5104, stack(0x00000000184d0000,0x00000000185d0000)]
  0x00000000049b1800 JavaThread "Finalizer" daemon [_thread_blocked, id=4508, stack(0x00000000182e0000,0x00000000183e0000)]
  0x00000000049ae000 JavaThread "Reference Handler" daemon [_thread_blocked, id=10152, stack(0x00000000181e0000,0x00000000182e0000)]
  0x0000000002dae800 JavaThread "main" [_thread_blocked, id=10456, stack(0x0000000004600000,0x0000000004700000)]

Other Threads:
  0x0000000017058000 VMThread [stack: 0x00000000180e0000,0x00000000181e0000] [id=4720]
  0x00000000189eb800 WatcherThread [stack: 0x0000000018ed0000,0x0000000018fd0000] [id=8696]

VM state:not at safepoint (normal execution)

VM Mutex/Monitor currently owned by a thread: None

Heap:
 PSYoungGen      total 139776K, used 78658K [0x00000000eab00000, 0x00000000f4d00000, 0x0000000100000000)
  eden space 125952K, 51% used [0x00000000eab00000,0x00000000eea50d18,0x00000000f2600000)
  from space 13824K, 99% used [0x00000000f3780000,0x00000000f44ffed8,0x00000000f4500000)
  to   space 17920K, 0% used [0x00000000f2600000,0x00000000f2600000,0x00000000f3780000)
 ParOldGen       total 44032K, used 28444K [0x00000000c0000000, 0x00000000c2b00000, 0x00000000eab00000)
  object space 44032K, 64% used [0x00000000c0000000,0x00000000c1bc70b8,0x00000000c2b00000)
 Metaspace       used 6407K, capacity 7256K, committed 7424K, reserved 1056768K
  class space    used 616K, capacity 656K, committed 768K, reserved 1048576K

Card table byte_map: [0x0000000013d80000,0x0000000013f90000] byte_map_base: 0x0000000013780000

Marking Bits: (ParMarkBitMap*) 0x000000006c02a5b0
 Begin Bits: [0x00000000144f0000, 0x00000000154f0000)
 End Bits:   [0x00000000154f0000, 0x00000000164f0000)

Polling page: 0x0000000002d80000

CodeCache: size=245760Kb used=9644Kb max_used=9644Kb free=236115Kb
 bounds [0x00000000049c0000, 0x0000000005340000, 0x00000000139c0000]
 total_blobs=2283 nmethods=2013 adapters=182
 compilation: enabled

Compilation events (10 events):
Event: 18.856 Thread 0x00000000170ec000 2235 %     3       com.android.dx.ssa.SsaRenamer::<init> @ 65 (100 bytes)
Event: 18.857 Thread 0x00000000170ec000 nmethod 2235% 0x000000000532eb50 code [0x000000000532ed40, 0x000000000532f8e8]
Event: 19.007 Thread 0x00000000170ec000 2237       2       com.android.dx.ssa.back.FirstFitLocalCombiningAllocator::ssaSetToSpecs (57 bytes)
Event: 19.009 Thread 0x00000000170ec000 nmethod 2237 0x000000000532fe10 code [0x0000000005330020, 0x0000000005330818]
Event: 19.016 Thread 0x00000000170ec000 2238       2       com.android.dx.rop.code.SwitchInsn::accept (8 bytes)
Event: 19.016 Thread 0x00000000170ec000 nmethod 2238 0x0000000005331210 code [0x0000000005331380, 0x0000000005331508]
Event: 19.023 Thread 0x00000000170ec000 2239       2       java.util.concurrent.locks.ReentrantLock$NonfairSync::tryAcquire (6 bytes)
Event: 19.023 Thread 0x00000000170ec000 nmethod 2239 0x0000000005331590 code [0x0000000005331700, 0x0000000005331868]
Event: 19.023 Thread 0x00000000170ec000 2240       2       java.util.concurrent.locks.ReentrantLock$Sync::nonfairTryAcquire (67 bytes)
Event: 19.024 Thread 0x00000000170ec000 nmethod 2240 0x0000000005331910 code [0x0000000005331a80, 0x0000000005331d08]

GC Heap History (10 events):
Event: 3.416 GC heap before
{Heap before GC invocations=4 (full 0):
 PSYoungGen      total 18944K, used 18919K [0x00000000eab00000, 0x00000000ed000000, 0x0000000100000000)
  eden space 16384K, 100% used [0x00000000eab00000,0x00000000ebb00000,0x00000000ebb00000)
  from space 2560K, 99% used [0x00000000ebb00000,0x00000000ebd79f88,0x00000000ebd80000)
  to   space 2560K, 0% used [0x00000000ecd80000,0x00000000ecd80000,0x00000000ed000000)
 ParOldGen       total 44032K, used 7372K [0x00000000c0000000, 0x00000000c2b00000, 0x00000000eab00000)
  object space 44032K, 16% used [0x00000000c0000000,0x00000000c0733258,0x00000000c2b00000)
 Metaspace       used 6049K, capacity 7088K, committed 7296K, reserved 1056768K
  class space    used 594K, capacity 616K, committed 640K, reserved 1048576K
Event: 3.600 GC heap after
Heap after GC invocations=4 (full 0):
 PSYoungGen      total 35328K, used 2540K [0x00000000eab00000, 0x00000000ed000000, 0x0000000100000000)
  eden space 32768K, 0% used [0x00000000eab00000,0x00000000eab00000,0x00000000ecb00000)
  from space 2560K, 99% used [0x00000000ecd80000,0x00000000ecffb0b8,0x00000000ed000000)
  to   space 2560K, 0% used [0x00000000ecb00000,0x00000000ecb00000,0x00000000ecd80000)
 ParOldGen       total 44032K, used 9400K [0x00000000c0000000, 0x00000000c2b00000, 0x00000000eab00000)
  object space 44032K, 21% used [0x00000000c0000000,0x00000000c092e3a8,0x00000000c2b00000)
 Metaspace       used 6049K, capacity 7088K, committed 7296K, reserved 1056768K
  class space    used 594K, capacity 616K, committed 640K, reserved 1048576K
}
Event: 5.559 GC heap before
{Heap before GC invocations=5 (full 0):
 PSYoungGen      total 35328K, used 35308K [0x00000000eab00000, 0x00000000ed000000, 0x0000000100000000)
  eden space 32768K, 100% used [0x00000000eab00000,0x00000000ecb00000,0x00000000ecb00000)
  from space 2560K, 99% used [0x00000000ecd80000,0x00000000ecffb0b8,0x00000000ed000000)
  to   space 2560K, 0% used [0x00000000ecb00000,0x00000000ecb00000,0x00000000ecd80000)
 ParOldGen       total 44032K, used 9400K [0x00000000c0000000, 0x00000000c2b00000, 0x00000000eab00000)
  object space 44032K, 21% used [0x00000000c0000000,0x00000000c092e3a8,0x00000000c2b00000)
 Metaspace       used 6232K, capacity 7192K, committed 7424K, reserved 1056768K
  class space    used 615K, capacity 656K, committed 768K, reserved 1048576K
Event: 5.639 GC heap after
Heap after GC invocations=5 (full 0):
 PSYoungGen      total 35328K, used 2528K [0x00000000eab00000, 0x00000000efa00000, 0x0000000100000000)
  eden space 32768K, 0% used [0x00000000eab00000,0x00000000eab00000,0x00000000ecb00000)
  from space 2560K, 98% used [0x00000000ecb00000,0x00000000ecd78088,0x00000000ecd80000)
  to   space 7680K, 0% used [0x00000000ef280000,0x00000000ef280000,0x00000000efa00000)
 ParOldGen       total 44032K, used 14387K [0x00000000c0000000, 0x00000000c2b00000, 0x00000000eab00000)
  object space 44032K, 32% used [0x00000000c0000000,0x00000000c0e0cd50,0x00000000c2b00000)
 Metaspace       used 6232K, capacity 7192K, committed 7424K, reserved 1056768K
  class space    used 615K, capacity 656K, committed 768K, reserved 1048576K
}
Event: 7.429 GC heap before
{Heap before GC invocations=6 (full 0):
 PSYoungGen      total 35328K, used 35296K [0x00000000eab00000, 0x00000000efa00000, 0x0000000100000000)
  eden space 32768K, 100% used [0x00000000eab00000,0x00000000ecb00000,0x00000000ecb00000)
  from space 2560K, 98% used [0x00000000ecb00000,0x00000000ecd78088,0x00000000ecd80000)
  to   space 7680K, 0% used [0x00000000ef280000,0x00000000ef280000,0x00000000efa00000)
 ParOldGen       total 44032K, used 14387K [0x00000000c0000000, 0x00000000c2b00000, 0x00000000eab00000)
  object space 44032K, 32% used [0x00000000c0000000,0x00000000c0e0cd50,0x00000000c2b00000)
 Metaspace       used 6259K, capacity 7192K, committed 7424K, reserved 1056768K
  class space    used 615K, capacity 656K, committed 768K, reserved 1048576K
Event: 7.521 GC heap after
Heap after GC invocations=6 (full 0):
 PSYoungGen      total 72704K, used 7408K [0x00000000eab00000, 0x00000000efb00000, 0x0000000100000000)
  eden space 65024K, 0% used [0x00000000eab00000,0x00000000eab00000,0x00000000eea80000)
  from space 7680K, 96% used [0x00000000ef280000,0x00000000ef9bc088,0x00000000efa00000)
  to   space 8192K, 0% used [0x00000000eea80000,0x00000000eea80000,0x00000000ef280000)
 ParOldGen       total 44032K, used 14395K [0x00000000c0000000, 0x00000000c2b00000, 0x00000000eab00000)
  object space 44032K, 32% used [0x00000000c0000000,0x00000000c0e0ed50,0x00000000c2b00000)
 Metaspace       used 6259K, capacity 7192K, committed 7424K, reserved 1056768K
  class space    used 615K, capacity 656K, committed 768K, reserved 1048576K
}
Event: 11.899 GC heap before
{Heap before GC invocations=7 (full 0):
 PSYoungGen      total 72704K, used 72432K [0x00000000eab00000, 0x00000000efb00000, 0x0000000100000000)
  eden space 65024K, 100% used [0x00000000eab00000,0x00000000eea80000,0x00000000eea80000)
  from space 7680K, 96% used [0x00000000ef280000,0x00000000ef9bc088,0x00000000efa00000)
  to   space 8192K, 0% used [0x00000000eea80000,0x00000000eea80000,0x00000000ef280000)
 ParOldGen       total 44032K, used 14395K [0x00000000c0000000, 0x00000000c2b00000, 0x00000000eab00000)
  object space 44032K, 32% used [0x00000000c0000000,0x00000000c0e0ed50,0x00000000c2b00000)
 Metaspace       used 6304K, capacity 7192K, committed 7424K, reserved 1056768K
  class space    used 615K, capacity 656K, committed 768K, reserved 1048576K
Event: 13.327 GC heap after
Heap after GC invocations=7 (full 0):
 PSYoungGen      total 73216K, used 8185K [0x00000000eab00000, 0x00000000f4500000, 0x0000000100000000)
  eden space 65024K, 0% used [0x00000000eab00000,0x00000000eab00000,0x00000000eea80000)
  from space 8192K, 99% used [0x00000000eea80000,0x00000000ef27e6c8,0x00000000ef280000)
  to   space 13824K, 0% used [0x00000000f3780000,0x00000000f3780000,0x00000000f4500000)
 ParOldGen       total 44032K, used 23135K [0x00000000c0000000, 0x00000000c2b00000, 0x00000000eab00000)
  object space 44032K, 52% used [0x00000000c0000000,0x00000000c1697e50,0x00000000c2b00000)
 Metaspace       used 6304K, capacity 7192K, committed 7424K, reserved 1056768K
  class space    used 615K, capacity 656K, committed 768K, reserved 1048576K
}
Event: 16.491 GC heap before
{Heap before GC invocations=8 (full 0):
 PSYoungGen      total 73216K, used 73209K [0x00000000eab00000, 0x00000000f4500000, 0x0000000100000000)
  eden space 65024K, 100% used [0x00000000eab00000,0x00000000eea80000,0x00000000eea80000)
  from space 8192K, 99% used [0x00000000eea80000,0x00000000ef27e6c8,0x00000000ef280000)
  to   space 13824K, 0% used [0x00000000f3780000,0x00000000f3780000,0x00000000f4500000)
 ParOldGen       total 44032K, used 23135K [0x00000000c0000000, 0x00000000c2b00000, 0x00000000eab00000)
  object space 44032K, 52% used [0x00000000c0000000,0x00000000c1697e50,0x00000000c2b00000)
 Metaspace       used 6393K, capacity 7256K, committed 7424K, reserved 1056768K
  class space    used 616K, capacity 656K, committed 768K, reserved 1048576K
Event: 18.488 GC heap after
Heap after GC invocations=8 (full 0):
 PSYoungGen      total 139776K, used 13823K [0x00000000eab00000, 0x00000000f4d00000, 0x0000000100000000)
  eden space 125952K, 0% used [0x00000000eab00000,0x00000000eab00000,0x00000000f2600000)
  from space 13824K, 99% used [0x00000000f3780000,0x00000000f44ffed8,0x00000000f4500000)
  to   space 17920K, 0% used [0x00000000f2600000,0x00000000f2600000,0x00000000f3780000)
 ParOldGen       total 44032K, used 28444K [0x00000000c0000000, 0x00000000c2b00000, 0x00000000eab00000)
  object space 44032K, 64% used [0x00000000c0000000,0x00000000c1bc70b8,0x00000000c2b00000)
 Metaspace       used 6393K, capacity 7256K, committed 7424K, reserved 1056768K
  class space    used 616K, capacity 656K, committed 768K, reserved 1048576K
}

Deoptimization events (10 events):
Event: 5.553 Thread 0x0000000018c39000 Uncommon trap: reason=unstable_if action=reinterpret pc=0x00000000050f73d4 method=java.util.HashMap.putVal(ILjava/lang/Object;Ljava/lang/Object;ZZ)Ljava/lang/Object; @ 109
Event: 5.694 Thread 0x0000000002dae800 Uncommon trap: reason=unstable_if action=reinterpret pc=0x0000000005110df8 method=com.android.dx.cf.code.BaseMachine.getLocalTarget(Z)Lcom/android/dx/rop/code/RegisterSpec; @ 131
Event: 5.778 Thread 0x0000000018c3f000 Uncommon trap: reason=bimorphic action=maybe_recompile pc=0x00000000050365c4 method=com.android.dx.ssa.LiteralOpUpgrader.tryReplacingWithConstant(Lcom/android/dx/ssa/NormalSsaInsn;)Z @ 62
Event: 5.783 Thread 0x0000000018c3f000 Uncommon trap: reason=bimorphic action=maybe_recompile pc=0x00000000050365c4 method=com.android.dx.ssa.LiteralOpUpgrader.tryReplacingWithConstant(Lcom/android/dx/ssa/NormalSsaInsn;)Z @ 62
Event: 6.978 Thread 0x0000000018c40800 Uncommon trap: reason=unstable_if action=reinterpret pc=0x0000000004e39efc method=com.android.dx.util.IntList.binarysearch(I)I @ 105
Event: 6.993 Thread 0x0000000018c40800 Uncommon trap: reason=unstable_if action=reinterpret pc=0x0000000005004654 method=com.android.dx.ssa.MoveParamCombiner$1.visitNonMoveInsn(Lcom/android/dx/ssa/NormalSsaInsn;)V @ 27
Event: 7.007 Thread 0x0000000018c3f000 Uncommon trap: reason=unstable_if action=reinterpret pc=0x00000000050431b0 method=com.android.dx.ssa.SCCP.simulateBranch(Lcom/android/dx/ssa/SsaInsn;)V @ 64
Event: 8.928 Thread 0x0000000018c40800 Uncommon trap: reason=unstable_if action=reinterpret pc=0x0000000005083fd0 method=com.android.dx.rop.code.LocalItem.compareHandlesNulls(Lcom/android/dx/rop/cst/CstString;Lcom/android/dx/rop/cst/CstString;)I @ 14
Event: 13.474 Thread 0x0000000018c39000 Uncommon trap: reason=unstable_if action=reinterpret pc=0x0000000005219718 method=com.android.dx.rop.code.LocalVariableExtractor.processBlock(I)V @ 195
Event: 14.536 Thread 0x0000000018c40800 Uncommon trap: reason=unstable_if action=reinterpret pc=0x0000000005233b38 method=com.android.dx.cf.code.Merger.mergeType(Lcom/android/dx/rop/type/TypeBearer;Lcom/android/dx/rop/type/TypeBearer;)Lcom/android/dx/rop/type/TypeBearer; @ 52

Internal exceptions (7 events):
Event: 0.412 Thread 0x0000000002dae800 Exception <a 'java/lang/NoSuchMethodError': Method sun.misc.Unsafe.defineClass(Ljava/lang/String;[BII)Ljava/lang/Class; name or signature does not match> (0x00000000eab0dc68) thrown at [C:\workspace\8-2-build-windows-amd64-cygwin\jdk8u65\4987\hotspot\src\szSìä¢`Ú?
Event: 0.412 Thread 0x0000000002dae800 Exception <a 'java/lang/NoSuchMethodError': Method sun.misc.Unsafe.prefetchRead(Ljava/lang/Object;J)V name or signature does not match> (0x00000000eab0df50) thrown at [C:\workspace\8-2-build-windows-amd64-cygwin\jdk8u65\4987\hotspot\src\share\vm\prims\jni.ÒC›cO@
Event: 3.664 Thread 0x0000000002dae800 Exception <a 'java/lang/ArrayIndexOutOfBoundsException': 18> (0x00000000eacd5a40) thrown at [C:\workspace\8-2-build-windows-amd64-cygwin\jdk8u65\4987\hotspot\src\share\vm\interpreter\interpreterRuntime.cpp, line 366]
Event: 4.091 Thread 0x0000000018c39000 Exception <a 'java/lang/ArrayIndexOutOfBoundsException'> (0x00000000eb70e190) thrown at [C:\workspace\8-2-build-windows-amd64-cygwin\jdk8u65\4987\hotspot\src\share\vm\runtime\sharedRuntime.cpp, line 605]
Event: 4.092 Thread 0x0000000018c39000 Exception <a 'java/lang/ArrayIndexOutOfBoundsException'> (0x00000000eb70f478) thrown at [C:\workspace\8-2-build-windows-amd64-cygwin\jdk8u65\4987\hotspot\src\share\vm\runtime\sharedRuntime.cpp, line 605]
Event: 4.103 Thread 0x0000000018c40800 Implicit null exception at 0x0000000004f7c7b5 to 0x0000000004f7f059
Event: 8.928 Thread 0x0000000018c40800 Implicit null exception at 0x00000000050828a5 to 0x0000000005083fa1

Events (10 events):
Event: 18.787 Thread 0x0000000018c3f000 DEOPT PACKING pc=0x0000000004dad491 sp=0x00000000192ce920
Event: 18.787 Thread 0x0000000018c3f000 DEOPT UNPACKING pc=0x0000000004a0787f sp=0x00000000192ce750 mode 0
Event: 18.812 Thread 0x0000000018c40000 DEOPT PACKING pc=0x0000000004dcdfd1 sp=0x00000000193ceb80
Event: 18.812 Thread 0x0000000018c40000 DEOPT UNPACKING pc=0x0000000004a0787f sp=0x00000000193ce8e0 mode 0
Event: 18.828 Thread 0x0000000018c40000 DEOPT PACKING pc=0x0000000004e2bd57 sp=0x00000000193ceb70
Event: 18.828 Thread 0x0000000018c40000 DEOPT UNPACKING pc=0x0000000004a0787f sp=0x00000000193ce958 mode 0
Event: 19.016 Thread 0x0000000018c40800 DEOPT PACKING pc=0x0000000004dad491 sp=0x00000000194cea60
Event: 19.016 Thread 0x0000000018c40800 DEOPT UNPACKING pc=0x0000000004a0787f sp=0x00000000194ce890 mode 0
Event: 19.022 Thread 0x0000000018c40800 DEOPT PACKING pc=0x0000000004d41a08 sp=0x00000000194cede0
Event: 19.022 Thread 0x0000000018c40800 DEOPT UNPACKING pc=0x0000000004a0787f sp=0x00000000194ceb38 mode 0


Dynamic libraries:
0x00007ff7d4c00000 - 0x00007ff7d4c37000 	C:\Program Files\Java\jdk1.8.0_65\bin\java.exe
0x00007ffc0a200000 - 0x00007ffc0a3e0000 	C:\WINDOWS\SYSTEM32\ntdll.dll
0x00007ffc076d0000 - 0x00007ffc0777e000 	C:\WINDOWS\System32\KERNEL32.DLL
0x00007ffc068c0000 - 0x00007ffc06b26000 	C:\WINDOWS\System32\KERNELBASE.dll
0x00007ffc09b80000 - 0x00007ffc09c21000 	C:\WINDOWS\System32\ADVAPI32.dll
0x00007ffc09390000 - 0x00007ffc0942d000 	C:\WINDOWS\System32\msvcrt.dll
0x00007ffc09d90000 - 0x00007ffc09deb000 	C:\WINDOWS\System32\sechost.dll
0x00007ffc09a60000 - 0x00007ffc09b7f000 	C:\WINDOWS\System32\RPCRT4.dll
0x00007ffc09f60000 - 0x00007ffc0a0ee000 	C:\WINDOWS\System32\USER32.dll
0x00007ffc068a0000 - 0x00007ffc068c0000 	C:\WINDOWS\System32\win32u.dll
0x00007ffc09d60000 - 0x00007ffc09d88000 	C:\WINDOWS\System32\GDI32.dll
0x00007ffc06700000 - 0x00007ffc06894000 	C:\WINDOWS\System32\gdi32full.dll
0x00007ffc06b30000 - 0x00007ffc06bcb000 	C:\WINDOWS\System32\msvcp_win.dll
0x00007ffc06600000 - 0x00007ffc066f6000 	C:\WINDOWS\System32\ucrtbase.dll
0x00007ffbfc920000 - 0x00007ffbfcb89000 	C:\WINDOWS\WinSxS\amd64_microsoft.windows.common-controls_6595b64144ccf1df_6.0.16299.19_none_cc92fab02215da61\COMCTL32.dll
0x00007ffc08c30000 - 0x00007ffc08f38000 	C:\WINDOWS\System32\combase.dll
0x00007ffc06bd0000 - 0x00007ffc06c42000 	C:\WINDOWS\System32\bcryptPrimitives.dll
0x00007ffc09df0000 - 0x00007ffc09e1d000 	C:\WINDOWS\System32\IMM32.DLL
0x000000006c0b0000 - 0x000000006c182000 	C:\Program Files\Java\jdk1.8.0_65\jre\bin\msvcr100.dll
0x000000006b820000 - 0x000000006c0a9000 	C:\Program Files\Java\jdk1.8.0_65\jre\bin\server\jvm.dll
0x00007ffc07780000 - 0x00007ffc07788000 	C:\WINDOWS\System32\PSAPI.DLL
0x00007ffc04590000 - 0x00007ffc04599000 	C:\WINDOWS\SYSTEM32\WSOCK32.dll
0x00007ffc09820000 - 0x00007ffc0988c000 	C:\WINDOWS\System32\WS2_32.dll
0x00007ffc02ea0000 - 0x00007ffc02ec3000 	C:\WINDOWS\SYSTEM32\WINMM.dll
0x00007ffbffec0000 - 0x00007ffbffeca000 	C:\WINDOWS\SYSTEM32\VERSION.dll
0x00007ffc02e70000 - 0x00007ffc02e9a000 	C:\WINDOWS\SYSTEM32\WINMMBASE.dll
0x00007ffc06ed0000 - 0x00007ffc06f1a000 	C:\WINDOWS\System32\cfgmgr32.dll
0x000000006e9e0000 - 0x000000006e9ef000 	C:\Program Files\Java\jdk1.8.0_65\jre\bin\verify.dll
0x000000006e9b0000 - 0x000000006e9d9000 	C:\Program Files\Java\jdk1.8.0_65\jre\bin\java.dll
0x000000006e990000 - 0x000000006e9a6000 	C:\Program Files\Java\jdk1.8.0_65\jre\bin\zip.dll
0x00007ffc077f0000 - 0x00007ffc08c27000 	C:\WINDOWS\System32\SHELL32.dll
0x00007ffc09e20000 - 0x00007ffc09ec6000 	C:\WINDOWS\System32\shcore.dll
0x00007ffc06f80000 - 0x00007ffc076c7000 	C:\WINDOWS\System32\windows.storage.dll
0x00007ffc09a00000 - 0x00007ffc09a51000 	C:\WINDOWS\System32\shlwapi.dll
0x00007ffc06550000 - 0x00007ffc06561000 	C:\WINDOWS\System32\kernel.appcore.dll
0x00007ffc06570000 - 0x00007ffc065bc000 	C:\WINDOWS\System32\powrprof.dll
0x00007ffc065c0000 - 0x00007ffc065db000 	C:\WINDOWS\System32\profapi.dll

VM Arguments:
jvm_args: -Djava.awt.headless=true -Xmx1024M -Dfile.encoding=windows-1252 -Duser.country=US -Duser.language=en -Duser.variant 
java_command: com.android.dx.command.Main --dex --num-threads=4 --output D:\HK1-2017-2018\RN\Project\GoldenGavel\android\app\build\intermediates\pre-dexed\debug\com.android.support-support-v4-23.0.1_e6785ae364cc031b7b316293a6b251e914c55a71.jar D:\HK1-2017-2018\RN\Project\GoldenGavel\android\app\build\intermediates\exploded-aar\com.android.support\support-v4\23.0.1\jars\classes.jar
java_class_path (initial): C:\Users\nghia\AppData\Local\Android\sdk\build-tools\23.0.1\lib\dx.jar
Launcher Type: SUN_STANDARD

Environment Variables:
JAVA_HOME=C:\Program Files\Java\jdk1.8.0_65
CLASSPATH=D:\HK1-2017-2018\RN\Project\GoldenGavel\android\\gradle\wrapper\gradle-wrapper.jar
PATH=C:\ProgramData\Oracle\Java\javapath;C:\Program Files (x86)\Intel\iCLS Client\;C:\Program Files\Intel\iCLS Client\;C:\WINDOWS\system32;C:\WINDOWS;C:\Program Files\Java\jdk1.8.0_65\bin;C:\WINDOWS\System32\Wbem;C:\WINDOWS\System32\WindowsPowerShell\v1.0\;C:\Program Files\Microsoft SQL Server\110\DTS\Binn\;C:\Program Files (x86)\Microsoft SQL Server\110\Tools\Binn\;C:\Program Files\Microsoft SQL Server\110\Tools\Binn\;C:\Program Files (x86)\Microsoft SQL Server\110\Tools\Binn\ManagementStudio\;C:\Program Files (x86)\Microsoft Visual Studio 10.0\Common7\IDE\PrivateAssemblies\;C:\Program Files (x86)\Microsoft SQL Server\110\DTS\Binn\;C:\Program Files\Intel\Intel(R) Management Engine Components\DAL;C:\Program Files (x86)\Intel\Intel(R) Management Engine Components\DAL;C:\Program Files\Intel\Intel(R) Management Engine Components\IPT;C:\Program Files (x86)\Intel\Intel(R) Management Engine Components\IPT;C:\WINDOWS\system32\config\systemprofile\.dnx\bin;C:\Program Files\Microsoft DNX\Dnvm\;C:\Program Files\Microsoft SQL Server\130\Tools\Binn\;C:\Program Files (x86)\Windows Kits\8.1\Windows Performance Toolkit\;C:\Program Files\OpenVPN\bin;C:\Python27;C:\Program Files\nodejs\;C:\Program Files\Git\cmd;C:\Users\nghia\AppData\Local\Android\sdk\platform-tools;C:\Users\nghia\AppData\Local\Microsoft\WindowsApps;C:\Users\nghia\AppData\Roaming\npm;C:\Users\nghia\AppData\Local\atom\bin;%USERPROFILE%\AppData\Local\Microsoft\WindowsApps;
USERNAME=nghia
OS=Windows_NT
PROCESSOR_IDENTIFIER=Intel64 Family 6 Model 69 Stepping 1, GenuineIntel



---------------  S Y S T E M  ---------------

OS: Windows 10.0 , 64 bit Build 16299 (10.0.16299.15)

CPU:total 4 (2 cores per cpu, 2 threads per core) family 6 model 69 stepping 1, cmov, cx8, fxsr, mmx, sse, sse2, sse3, ssse3, sse4.1, sse4.2, popcnt, avx, avx2, aes, clmul, erms, lzcnt, ht, tsc, tscinvbit, bmi1, bmi2

Memory: 4k page, physical 4074568k(233632k free), swap 8170568k(7008k free)

vm_info: Java HotSpot(TM) 64-Bit Server VM (25.65-b01) for windows-amd64 JRE (1.8.0_65-b17), built on Oct  6 2015 16:39:20 by "java_re" with MS VC++ 10.0 (VS2010)

time: Sun Oct 29 22:14:38 2017
elapsed time: 19 seconds (0d 0h 0m 19s)

