#
# There is insufficient memory for the Java Runtime Environment to continue.
# Native memory allocation (malloc) failed to allocate 110256 bytes for Chunk::new
# Possible reasons:
#   The system is out of physical RAM or swap space
#   In 32 bit mode, the process size limit was hit
# Possible solutions:
#   Reduce memory load on the system
#   Increase physical memory or swap space
#   Check if swap backing store is full
#   Use 64 bit Java on a 64 bit OS
#   Decrease Java heap size (-Xmx/-Xms)
#   Decrease number of Java threads
#   Decrease Java thread stack sizes (-Xss)
#   Set larger code cache with -XX:ReservedCodeCacheSize=
# This output file may be truncated or incomplete.
#
#  Out of Memory Error (allocation.cpp:390), pid=5228, tid=5644
#
# JRE version: Java(TM) SE Runtime Environment (8.0_65-b17) (build 1.8.0_65-b17)
# Java VM: Java HotSpot(TM) 64-Bit Server VM (25.65-b01 mixed mode windows-amd64 compressed oops)
# Failed to write core dump. Minidumps are not enabled by default on client versions of Windows
#

---------------  T H R E A D  ---------------

Current thread (0x000000001761e800):  JavaThread "C2 CompilerThread0" daemon [_thread_in_native, id=5644, stack(0x0000000018c70000,0x0000000018d70000)]

Stack: [0x0000000018c70000,0x0000000018d70000]
[error occurred during error reporting (printing stack bounds), id 0xc0000005]

Native frames: (J=compiled Java code, j=interpreted, Vv=VM code, C=native code)


Current CompileTask:
C2:  18916 2116       4       com.android.dx.cf.code.ByteCatchList::toTargetList (114 bytes)


---------------  P R O C E S S  ---------------

Java Threads: ( => current thread )
  0x000000001912f800 JavaThread "pool-1-thread-4" [_thread_blocked, id=11036, stack(0x0000000019970000,0x0000000019a70000)]
  0x000000001912f000 JavaThread "pool-1-thread-3" [_thread_in_vm_trans, id=5240, stack(0x0000000019870000,0x0000000019970000)]
  0x000000001912e000 JavaThread "pool-1-thread-2" [_thread_blocked, id=3108, stack(0x0000000019770000,0x0000000019870000)]
  0x000000001912b800 JavaThread "pool-2-thread-1" [_thread_blocked, id=10500, stack(0x0000000019670000,0x0000000019770000)]
  0x000000001912a800 JavaThread "pool-1-thread-1" [_thread_blocked, id=6140, stack(0x0000000019570000,0x0000000019670000)]
  0x000000001767a800 JavaThread "Service Thread" daemon [_thread_blocked, id=9616, stack(0x0000000019370000,0x0000000019470000)]
  0x0000000018e80800 JavaThread "C1 CompilerThread2" daemon [_thread_blocked, id=6460, stack(0x0000000019270000,0x0000000019370000)]
  0x0000000017621000 JavaThread "C2 CompilerThread1" daemon [_thread_in_native, id=2636, stack(0x0000000018d70000,0x0000000018e70000)]
=>0x000000001761e800 JavaThread "C2 CompilerThread0" daemon [_thread_in_native, id=5644, stack(0x0000000018c70000,0x0000000018d70000)]
  0x000000001761c000 JavaThread "Attach Listener" daemon [_thread_blocked, id=8220, stack(0x0000000018b70000,0x0000000018c70000)]
  0x000000001761a800 JavaThread "Signal Dispatcher" daemon [_thread_blocked, id=1908, stack(0x0000000018a70000,0x0000000018b70000)]
  0x0000000004eb1800 JavaThread "Finalizer" daemon [_thread_blocked, id=11268, stack(0x0000000018880000,0x0000000018980000)]
  0x0000000004eae000 JavaThread "Reference Handler" daemon [_thread_blocked, id=11868, stack(0x0000000018780000,0x0000000018880000)]
  0x0000000004f4e800 JavaThread "main" [_thread_blocked, id=11992, stack(0x0000000004c60000,0x0000000004d60000)]

Other Threads:
  0x00000000175e8000 VMThread [stack: 0x0000000018680000,0x0000000018780000] [id=2916]
  0x0000000018e84800 WatcherThread [stack: 0x0000000019470000,0x0000000019570000] [id=7848]

VM state:not at safepoint (normal execution)

VM Mutex/Monitor currently owned by a thread: None

Heap:
 PSYoungGen      total 141824K, used 14461K [0x00000000eab00000, 0x00000000f4a00000, 0x0000000100000000)
  eden space 128512K, 0% used [0x00000000eab00000,0x00000000eac264a0,0x00000000f2880000)
  from space 13312K, 99% used [0x00000000f3800000,0x00000000f44f9178,0x00000000f4500000)
  to   space 15872K, 0% used [0x00000000f2880000,0x00000000f2880000,0x00000000f3800000)
 ParOldGen       total 44032K, used 26143K [0x00000000c0000000, 0x00000000c2b00000, 0x00000000eab00000)
  object space 44032K, 59% used [0x00000000c0000000,0x00000000c1987c78,0x00000000c2b00000)
 Metaspace       used 6245K, capacity 7216K, committed 7296K, reserved 1056768K
  class space    used 602K, capacity 616K, committed 640K, reserved 1048576K

Card table byte_map: [0x0000000014310000,0x0000000014520000] byte_map_base: 0x0000000013d10000

Marking Bits: (ParMarkBitMap*) 0x000000006c02a5b0
 Begin Bits: [0x0000000014a80000, 0x0000000015a80000)
 End Bits:   [0x0000000015a80000, 0x0000000016a80000)

Polling page: 0x0000000003020000

CodeCache: size=245760Kb used=9987Kb max_used=10000Kb free=235772Kb
 bounds [0x0000000004f50000, 0x0000000005920000, 0x0000000013f50000]
 total_blobs=2249 nmethods=1985 adapters=176
 compilation: enabled

Compilation events (10 events):
Event: 18.841 Thread 0x000000001761e800 nmethod 2110 0x0000000005905c50 code [0x0000000005905dc0, 0x0000000005906128]
Event: 18.841 Thread 0x000000001761e800 2111       4       com.android.dx.dex.code.RopTranslator::getRegs (64 bytes)
Event: 18.854 Thread 0x000000001761e800 nmethod 2111 0x0000000005916c10 code [0x0000000005916da0, 0x0000000005917248]
Event: 18.855 Thread 0x000000001761e800 2112       4       com.android.dx.dex.code.RopTranslator$LocalVariableAwareTranslationVisitor::visitPlainCstInsn (11 bytes)
Event: 18.878 Thread 0x000000001761e800 nmethod 2112 0x0000000005917d50 code [0x0000000005917f20, 0x00000000059186c0]
Event: 18.878 Thread 0x000000001761e800 2113       4       com.android.dx.rop.cst.CstMemberRef::<init> (43 bytes)
Event: 18.879 Thread 0x000000001761e800 nmethod 2113 0x00000000058dac90 code [0x00000000058dadc0, 0x00000000058dae78]
Event: 18.879 Thread 0x000000001761e800 2114       4       com.android.dx.cf.code.ByteCatchList::listFor (120 bytes)
Event: 18.895 Thread 0x000000001761e800 nmethod 2114 0x00000000059160d0 code [0x0000000005916240, 0x00000000059167d8]
Event: 18.895 Thread 0x000000001761e800 2116       4       com.android.dx.cf.code.ByteCatchList::toTargetList (114 bytes)

GC Heap History (10 events):
Event: 3.266 GC heap before
{Heap before GC invocations=2 (full 0):
 PSYoungGen      total 18944K, used 18938K [0x00000000eab00000, 0x00000000ed000000, 0x0000000100000000)
  eden space 16384K, 100% used [0x00000000eab00000,0x00000000ebb00000,0x00000000ebb00000)
  from space 2560K, 99% used [0x00000000ebb00000,0x00000000ebd7eab8,0x00000000ebd80000)
  to   space 2560K, 0% used [0x00000000ecd80000,0x00000000ecd80000,0x00000000ed000000)
 ParOldGen       total 44032K, used 1968K [0x00000000c0000000, 0x00000000c2b00000, 0x00000000eab00000)
  object space 44032K, 4% used [0x00000000c0000000,0x00000000c01ec000,0x00000000c2b00000)
 Metaspace       used 5876K, capacity 7024K, committed 7296K, reserved 1056768K
  class space    used 581K, capacity 616K, committed 640K, reserved 1048576K
Event: 3.324 GC heap after
Heap after GC invocations=2 (full 0):
 PSYoungGen      total 35328K, used 2528K [0x00000000eab00000, 0x00000000ed000000, 0x0000000100000000)
  eden space 32768K, 0% used [0x00000000eab00000,0x00000000eab00000,0x00000000ecb00000)
  from space 2560K, 98% used [0x00000000ecd80000,0x00000000ecff8028,0x00000000ed000000)
  to   space 2560K, 0% used [0x00000000ecb00000,0x00000000ecb00000,0x00000000ecd80000)
 ParOldGen       total 44032K, used 4638K [0x00000000c0000000, 0x00000000c2b00000, 0x00000000eab00000)
  object space 44032K, 10% used [0x00000000c0000000,0x00000000c0487ac8,0x00000000c2b00000)
 Metaspace       used 5876K, capacity 7024K, committed 7296K, reserved 1056768K
  class space    used 581K, capacity 616K, committed 640K, reserved 1048576K
}
Event: 5.188 GC heap before
{Heap before GC invocations=3 (full 0):
 PSYoungGen      total 35328K, used 35296K [0x00000000eab00000, 0x00000000ed000000, 0x0000000100000000)
  eden space 32768K, 100% used [0x00000000eab00000,0x00000000ecb00000,0x00000000ecb00000)
  from space 2560K, 98% used [0x00000000ecd80000,0x00000000ecff8028,0x00000000ed000000)
  to   space 2560K, 0% used [0x00000000ecb00000,0x00000000ecb00000,0x00000000ecd80000)
 ParOldGen       total 44032K, used 4638K [0x00000000c0000000, 0x00000000c2b00000, 0x00000000eab00000)
  object space 44032K, 10% used [0x00000000c0000000,0x00000000c0487ac8,0x00000000c2b00000)
 Metaspace       used 6015K, capacity 7088K, committed 7296K, reserved 1056768K
  class space    used 582K, capacity 616K, committed 640K, reserved 1048576K
Event: 5.355 GC heap after
Heap after GC invocations=3 (full 0):
 PSYoungGen      total 35328K, used 2528K [0x00000000eab00000, 0x00000000ef000000, 0x0000000100000000)
  eden space 32768K, 0% used [0x00000000eab00000,0x00000000eab00000,0x00000000ecb00000)
  from space 2560K, 98% used [0x00000000ecb00000,0x00000000ecd78018,0x00000000ecd80000)
  to   space 2560K, 0% used [0x00000000eed80000,0x00000000eed80000,0x00000000ef000000)
 ParOldGen       total 44032K, used 10258K [0x00000000c0000000, 0x00000000c2b00000, 0x00000000eab00000)
  object space 44032K, 23% used [0x00000000c0000000,0x00000000c0a04ab8,0x00000000c2b00000)
 Metaspace       used 6015K, capacity 7088K, committed 7296K, reserved 1056768K
  class space    used 582K, capacity 616K, committed 640K, reserved 1048576K
}
Event: 7.339 GC heap before
{Heap before GC invocations=4 (full 0):
 PSYoungGen      total 35328K, used 35296K [0x00000000eab00000, 0x00000000ef000000, 0x0000000100000000)
  eden space 32768K, 100% used [0x00000000eab00000,0x00000000ecb00000,0x00000000ecb00000)
  from space 2560K, 98% used [0x00000000ecb00000,0x00000000ecd78018,0x00000000ecd80000)
  to   space 2560K, 0% used [0x00000000eed80000,0x00000000eed80000,0x00000000ef000000)
 ParOldGen       total 44032K, used 10258K [0x00000000c0000000, 0x00000000c2b00000, 0x00000000eab00000)
  object space 44032K, 23% used [0x00000000c0000000,0x00000000c0a04ab8,0x00000000c2b00000)
 Metaspace       used 6072K, capacity 7152K, committed 7296K, reserved 1056768K
  class space    used 582K, capacity 616K, committed 640K, reserved 1048576K
Event: 7.988 GC heap after
Heap after GC invocations=4 (full 0):
 PSYoungGen      total 68096K, used 2529K [0x00000000eab00000, 0x00000000ef000000, 0x0000000100000000)
  eden space 65536K, 0% used [0x00000000eab00000,0x00000000eab00000,0x00000000eeb00000)
  from space 2560K, 98% used [0x00000000eed80000,0x00000000eeff85e8,0x00000000ef000000)
  to   space 2560K, 0% used [0x00000000eeb00000,0x00000000eeb00000,0x00000000eed80000)
 ParOldGen       total 44032K, used 15945K [0x00000000c0000000, 0x00000000c2b00000, 0x00000000eab00000)
  object space 44032K, 36% used [0x00000000c0000000,0x00000000c0f92650,0x00000000c2b00000)
 Metaspace       used 6072K, capacity 7152K, committed 7296K, reserved 1056768K
  class space    used 582K, capacity 616K, committed 640K, reserved 1048576K
}
Event: 12.838 GC heap before
{Heap before GC invocations=5 (full 0):
 PSYoungGen      total 68096K, used 68065K [0x00000000eab00000, 0x00000000ef000000, 0x0000000100000000)
  eden space 65536K, 100% used [0x00000000eab00000,0x00000000eeb00000,0x00000000eeb00000)
  from space 2560K, 98% used [0x00000000eed80000,0x00000000eeff85e8,0x00000000ef000000)
  to   space 2560K, 0% used [0x00000000eeb00000,0x00000000eeb00000,0x00000000eed80000)
 ParOldGen       total 44032K, used 15945K [0x00000000c0000000, 0x00000000c2b00000, 0x00000000eab00000)
  object space 44032K, 36% used [0x00000000c0000000,0x00000000c0f92650,0x00000000c2b00000)
 Metaspace       used 6195K, capacity 7152K, committed 7296K, reserved 1056768K
  class space    used 602K, capacity 616K, committed 640K, reserved 1048576K
Event: 14.793 GC heap after
Heap after GC invocations=5 (full 0):
 PSYoungGen      total 68096K, used 2529K [0x00000000eab00000, 0x00000000f4500000, 0x0000000100000000)
  eden space 65536K, 0% used [0x00000000eab00000,0x00000000eab00000,0x00000000eeb00000)
  from space 2560K, 98% used [0x00000000eeb00000,0x00000000eed785e8,0x00000000eed80000)
  to   space 13312K, 0% used [0x00000000f3800000,0x00000000f3800000,0x00000000f4500000)
 ParOldGen       total 44032K, used 25731K [0x00000000c0000000, 0x00000000c2b00000, 0x00000000eab00000)
  object space 44032K, 58% used [0x00000000c0000000,0x00000000c1920f18,0x00000000c2b00000)
 Metaspace       used 6195K, capacity 7152K, committed 7296K, reserved 1056768K
  class space    used 602K, capacity 616K, committed 640K, reserved 1048576K
}
Event: 18.282 GC heap before
{Heap before GC invocations=6 (full 0):
 PSYoungGen      total 68096K, used 68065K [0x00000000eab00000, 0x00000000f4500000, 0x0000000100000000)
  eden space 65536K, 100% used [0x00000000eab00000,0x00000000eeb00000,0x00000000eeb00000)
  from space 2560K, 98% used [0x00000000eeb00000,0x00000000eed785e8,0x00000000eed80000)
  to   space 13312K, 0% used [0x00000000f3800000,0x00000000f3800000,0x00000000f4500000)
 ParOldGen       total 44032K, used 25731K [0x00000000c0000000, 0x00000000c2b00000, 0x00000000eab00000)
  object space 44032K, 58% used [0x00000000c0000000,0x00000000c1920f18,0x00000000c2b00000)
 Metaspace       used 6243K, capacity 7216K, committed 7296K, reserved 1056768K
  class space    used 602K, capacity 616K, committed 640K, reserved 1048576K
Event: 18.652 GC heap after
Heap after GC invocations=6 (full 0):
 PSYoungGen      total 141824K, used 13284K [0x00000000eab00000, 0x00000000f4a00000, 0x0000000100000000)
  eden space 128512K, 0% used [0x00000000eab00000,0x00000000eab00000,0x00000000f2880000)
  from space 13312K, 99% used [0x00000000f3800000,0x00000000f44f9178,0x00000000f4500000)
  to   space 15872K, 0% used [0x00000000f2880000,0x00000000f2880000,0x00000000f3800000)
 ParOldGen       total 44032K, used 26143K [0x00000000c0000000, 0x00000000c2b00000, 0x00000000eab00000)
  object space 44032K, 59% used [0x00000000c0000000,0x00000000c1987c78,0x00000000c2b00000)
 Metaspace       used 6243K, capacity 7216K, committed 7296K, reserved 1056768K
  class space    used 602K, capacity 616K, committed 640K, reserved 1048576K
}

Deoptimization events (10 events):
Event: 17.264 Thread 0x000000001912f800 Uncommon trap: reason=class_check action=maybe_recompile pc=0x0000000005744b40 method=com.android.dx.ssa.back.FirstFitLocalCombiningAllocator.findNextUnreservedRopReg(IILcom/android/dx/ssa/back/FirstFitLocalCombiningAllocator$Alignment;)I @ 60
Event: 17.264 Thread 0x000000001912f800 Uncommon trap: reason=class_check action=maybe_recompile pc=0x0000000005744b40 method=com.android.dx.ssa.back.FirstFitLocalCombiningAllocator.findNextUnreservedRopReg(IILcom/android/dx/ssa/back/FirstFitLocalCombiningAllocator$Alignment;)I @ 60
Event: 17.264 Thread 0x000000001912f800 Uncommon trap: reason=class_check action=maybe_recompile pc=0x0000000005744b40 method=com.android.dx.ssa.back.FirstFitLocalCombiningAllocator.findNextUnreservedRopReg(IILcom/android/dx/ssa/back/FirstFitLocalCombiningAllocator$Alignment;)I @ 60
Event: 17.271 Thread 0x000000001912f800 Uncommon trap: reason=unstable_if action=reinterpret pc=0x000000000571e710 method=com.android.dx.ssa.LiteralOpUpgrader$1.visitNonMoveInsn(Lcom/android/dx/ssa/NormalSsaInsn;)V @ 55
Event: 17.272 Thread 0x000000001912f800 Uncommon trap: reason=unstable_if action=reinterpret pc=0x000000000589fea4 method=com.android.dx.ssa.SsaMethod.onInsnRemoved(Lcom/android/dx/ssa/SsaInsn;)V @ 29
Event: 17.272 Thread 0x000000001912f800 Uncommon trap: reason=unstable_if action=reinterpret pc=0x00000000052d081c method=com.android.dx.ssa.SsaMethod.updateOneDefinition(Lcom/android/dx/ssa/SsaInsn;Lcom/android/dx/rop/code/RegisterSpec;)V @ 4
Event: 17.970 Thread 0x000000001912f000 Uncommon trap: reason=bimorphic action=maybe_recompile pc=0x00000000058a468c method=com.android.dx.cf.code.BytecodeArray.parseInstruction(ILcom/android/dx/cf/code/BytecodeArray$Visitor;)I @ 1477
Event: 17.972 Thread 0x000000001912f000 Uncommon trap: reason=bimorphic action=maybe_recompile pc=0x00000000058a468c method=com.android.dx.cf.code.BytecodeArray.parseInstruction(ILcom/android/dx/cf/code/BytecodeArray$Visitor;)I @ 1477
Event: 17.978 Thread 0x000000001912f000 Uncommon trap: reason=class_check action=maybe_recompile pc=0x00000000054b0044 method=java.util.HashMap.putVal(ILjava/lang/Object;Ljava/lang/Object;ZZ)Ljava/lang/Object; @ 203
Event: 17.983 Thread 0x000000001912f000 Uncommon trap: reason=unstable_if action=reinterpret pc=0x00000000057e37b4 method=java.util.HashMap.putVal(ILjava/lang/Object;Ljava/lang/Object;ZZ)Ljava/lang/Object; @ 109

Internal exceptions (6 events):
Event: 0.112 Thread 0x0000000004f4e800 Exception <a 'java/lang/NoSuchMethodError': Method sun.misc.Unsafe.defineClass(Ljava/lang/String;[BII)Ljava/lang/Class; name or signature does not match> (0x00000000eab0dc68) thrown at [C:\workspace\8-2-build-windows-amd64-cygwin\jdk8u65\4987\hotspot\src\s¶õ‚VÉ¼?
Event: 0.112 Thread 0x0000000004f4e800 Exception <a 'java/lang/NoSuchMethodError': Method sun.misc.Unsafe.prefetchRead(Ljava/lang/Object;J)V name or signature does not match> (0x00000000eab0df50) thrown at [C:\workspace\8-2-build-windows-amd64-cygwin\jdk8u65\4987\hotspot\src\share\vm\prims\jni.>"dª×&@
Event: 11.421 Thread 0x000000001912f800 Exception <a 'java/lang/ArrayIndexOutOfBoundsException': 18> (0x00000000edc6ff58) thrown at [C:\workspace\8-2-build-windows-amd64-cygwin\jdk8u65\4987\hotspot\src\share\vm\interpreter\interpreterRuntime.cpp, line 366]
Event: 11.423 Thread 0x000000001912f800 Exception <a 'java/lang/ArrayIndexOutOfBoundsException'> (0x00000000edc71af8) thrown at [C:\workspace\8-2-build-windows-amd64-cygwin\jdk8u65\4987\hotspot\src\share\vm\runtime\sharedRuntime.cpp, line 605]
Event: 11.424 Thread 0x000000001912f800 Exception <a 'java/lang/ArrayIndexOutOfBoundsException'> (0x00000000edc72de0) thrown at [C:\workspace\8-2-build-windows-amd64-cygwin\jdk8u65\4987\hotspot\src\share\vm\runtime\sharedRuntime.cpp, line 605]
Event: 17.272 Thread 0x000000001912f800 Implicit null exception at 0x000000000589f5b3 to 0x000000000589fe95

Events (10 events):
Event: 17.972 Thread 0x000000001912f000 DEOPT PACKING pc=0x00000000058a468c sp=0x000000001996e540
Event: 17.972 Thread 0x000000001912f000 DEOPT UNPACKING pc=0x0000000004f9582a sp=0x000000001996e500 mode 2
Event: 17.978 Thread 0x000000001912f000 Uncommon trap: trap_request=0xffffffde fr.pc=0x00000000054b0044
Event: 17.978 Thread 0x000000001912f000 DEOPT PACKING pc=0x00000000054b0044 sp=0x000000001996e670
Event: 17.978 Thread 0x000000001912f000 DEOPT UNPACKING pc=0x0000000004f9582a sp=0x000000001996e5f8 mode 2
Event: 17.983 Thread 0x000000001912f000 Uncommon trap: trap_request=0xffffff65 fr.pc=0x00000000057e37b4
Event: 17.983 Thread 0x000000001912f000 DEOPT PACKING pc=0x00000000057e37b4 sp=0x000000001996e910
Event: 17.983 Thread 0x000000001912f000 DEOPT UNPACKING pc=0x0000000004f9582a sp=0x000000001996e7b8 mode 2
Event: 18.044 Executing VM operation: ParallelGCFailedAllocation
Event: 18.652 Executing VM operation: ParallelGCFailedAllocation done


Dynamic libraries:
0x00007ff7d4c00000 - 0x00007ff7d4c37000 	C:\Program Files\Java\jdk1.8.0_65\bin\java.exe
0x00007ffc0a200000 - 0x00007ffc0a3e0000 	C:\WINDOWS\SYSTEM32\ntdll.dll
0x00007ffc076d0000 - 0x00007ffc0777e000 	C:\WINDOWS\System32\KERNEL32.DLL
0x00007ffc068c0000 - 0x00007ffc06b26000 	C:\WINDOWS\System32\KERNELBASE.dll
0x00007ffc09b80000 - 0x00007ffc09c21000 	C:\WINDOWS\System32\ADVAPI32.dll
0x00007ffc09390000 - 0x00007ffc0942d000 	C:\WINDOWS\System32\msvcrt.dll
0x00007ffc09d90000 - 0x00007ffc09deb000 	C:\WINDOWS\System32\sechost.dll
0x00007ffc09a60000 - 0x00007ffc09b7f000 	C:\WINDOWS\System32\RPCRT4.dll
0x00007ffc09f60000 - 0x00007ffc0a0ee000 	C:\WINDOWS\System32\USER32.dll
0x00007ffc068a0000 - 0x00007ffc068c0000 	C:\WINDOWS\System32\win32u.dll
0x00007ffc09d60000 - 0x00007ffc09d88000 	C:\WINDOWS\System32\GDI32.dll
0x00007ffc06700000 - 0x00007ffc06894000 	C:\WINDOWS\System32\gdi32full.dll
0x00007ffc06b30000 - 0x00007ffc06bcb000 	C:\WINDOWS\System32\msvcp_win.dll
0x00007ffc06600000 - 0x00007ffc066f6000 	C:\WINDOWS\System32\ucrtbase.dll
0x00007ffbfc920000 - 0x00007ffbfcb89000 	C:\WINDOWS\WinSxS\amd64_microsoft.windows.common-controls_6595b64144ccf1df_6.0.16299.19_none_cc92fab02215da61\COMCTL32.dll
0x00007ffc08c30000 - 0x00007ffc08f38000 	C:\WINDOWS\System32\combase.dll
0x00007ffc06bd0000 - 0x00007ffc06c42000 	C:\WINDOWS\System32\bcryptPrimitives.dll
0x00007ffc09df0000 - 0x00007ffc09e1d000 	C:\WINDOWS\System32\IMM32.DLL
0x000000006c0b0000 - 0x000000006c182000 	C:\Program Files\Java\jdk1.8.0_65\jre\bin\msvcr100.dll
0x000000006b820000 - 0x000000006c0a9000 	C:\Program Files\Java\jdk1.8.0_65\jre\bin\server\jvm.dll
0x00007ffc07780000 - 0x00007ffc07788000 	C:\WINDOWS\System32\PSAPI.DLL
0x00007ffc04590000 - 0x00007ffc04599000 	C:\WINDOWS\SYSTEM32\WSOCK32.dll
0x00007ffc09820000 - 0x00007ffc0988c000 	C:\WINDOWS\System32\WS2_32.dll
0x00007ffc02ea0000 - 0x00007ffc02ec3000 	C:\WINDOWS\SYSTEM32\WINMM.dll
0x00007ffbffec0000 - 0x00007ffbffeca000 	C:\WINDOWS\SYSTEM32\VERSION.dll
0x00007ffc02e70000 - 0x00007ffc02e9a000 	C:\WINDOWS\SYSTEM32\WINMMBASE.dll
0x00007ffc06ed0000 - 0x00007ffc06f1a000 	C:\WINDOWS\System32\cfgmgr32.dll
0x000000006e9e0000 - 0x000000006e9ef000 	C:\Program Files\Java\jdk1.8.0_65\jre\bin\verify.dll
0x000000006e9b0000 - 0x000000006e9d9000 	C:\Program Files\Java\jdk1.8.0_65\jre\bin\java.dll
0x000000006e990000 - 0x000000006e9a6000 	C:\Program Files\Java\jdk1.8.0_65\jre\bin\zip.dll
0x00007ffc077f0000 - 0x00007ffc08c27000 	C:\WINDOWS\System32\SHELL32.dll
0x00007ffc09e20000 - 0x00007ffc09ec6000 	C:\WINDOWS\System32\shcore.dll
0x00007ffc06f80000 - 0x00007ffc076c7000 	C:\WINDOWS\System32\windows.storage.dll
0x00007ffc09a00000 - 0x00007ffc09a51000 	C:\WINDOWS\System32\shlwapi.dll
0x00007ffc06550000 - 0x00007ffc06561000 	C:\WINDOWS\System32\kernel.appcore.dll
0x00007ffc06570000 - 0x00007ffc065bc000 	C:\WINDOWS\System32\powrprof.dll
0x00007ffc065c0000 - 0x00007ffc065db000 	C:\WINDOWS\System32\profapi.dll

VM Arguments:
jvm_args: -Djava.awt.headless=true -Xmx1024M -Dfile.encoding=windows-1252 -Duser.country=US -Duser.language=en -Duser.variant 
java_command: com.android.dx.command.Main --dex --num-threads=4 --output D:\HK1-2017-2018\RN\Project\GoldenGavel\android\app\build\intermediates\pre-dexed\debug\com.facebook.react-react-native-0.49.5_37d26c27d76fa944822f6a79dfb0c4a1f86de3ed.jar D:\HK1-2017-2018\RN\Project\GoldenGavel\android\app\build\intermediates\exploded-aar\com.facebook.react\react-native\0.49.5\jars\classes.jar
java_class_path (initial): C:\Users\nghia\AppData\Local\Android\sdk\build-tools\23.0.1\lib\dx.jar
Launcher Type: SUN_STANDARD

Environment Variables:
JAVA_HOME=C:\Program Files\Java\jdk1.8.0_65
CLASSPATH=D:\HK1-2017-2018\RN\Project\GoldenGavel\android\\gradle\wrapper\gradle-wrapper.jar
PATH=C:\ProgramData\Oracle\Java\javapath;C:\Program Files (x86)\Intel\iCLS Client\;C:\Program Files\Intel\iCLS Client\;C:\WINDOWS\system32;C:\WINDOWS;C:\Program Files\Java\jdk1.8.0_65\bin;C:\WINDOWS\System32\Wbem;C:\WINDOWS\System32\WindowsPowerShell\v1.0\;C:\Program Files\Microsoft SQL Server\110\DTS\Binn\;C:\Program Files (x86)\Microsoft SQL Server\110\Tools\Binn\;C:\Program Files\Microsoft SQL Server\110\Tools\Binn\;C:\Program Files (x86)\Microsoft SQL Server\110\Tools\Binn\ManagementStudio\;C:\Program Files (x86)\Microsoft Visual Studio 10.0\Common7\IDE\PrivateAssemblies\;C:\Program Files (x86)\Microsoft SQL Server\110\DTS\Binn\;C:\Program Files\Intel\Intel(R) Management Engine Components\DAL;C:\Program Files (x86)\Intel\Intel(R) Management Engine Components\DAL;C:\Program Files\Intel\Intel(R) Management Engine Components\IPT;C:\Program Files (x86)\Intel\Intel(R) Management Engine Components\IPT;C:\WINDOWS\system32\config\systemprofile\.dnx\bin;C:\Program Files\Microsoft DNX\Dnvm\;C:\Program Files\Microsoft SQL Server\130\Tools\Binn\;C:\Program Files (x86)\Windows Kits\8.1\Windows Performance Toolkit\;C:\Program Files\OpenVPN\bin;C:\Python27;C:\Program Files\nodejs\;C:\Program Files\Git\cmd;C:\Users\nghia\AppData\Local\Android\sdk\platform-tools;C:\Users\nghia\AppData\Local\Microsoft\WindowsApps;C:\Users\nghia\AppData\Roaming\npm;C:\Users\nghia\AppData\Local\atom\bin;%USERPROFILE%\AppData\Local\Microsoft\WindowsApps;
USERNAME=nghia
OS=Windows_NT
PROCESSOR_IDENTIFIER=Intel64 Family 6 Model 69 Stepping 1, GenuineIntel



---------------  S Y S T E M  ---------------

OS: Windows 10.0 , 64 bit Build 16299 (10.0.16299.15)

CPU:total 4 (2 cores per cpu, 2 threads per core) family 6 model 69 stepping 1, cmov, cx8, fxsr, mmx, sse, sse2, sse3, ssse3, sse4.1, sse4.2, popcnt, avx, avx2, aes, clmul, erms, lzcnt, ht, tsc, tscinvbit, bmi1, bmi2

Memory: 4k page, physical 4074568k(232620k free), swap 8170568k(5548k free)

vm_info: Java HotSpot(TM) 64-Bit Server VM (25.65-b01) for windows-amd64 JRE (1.8.0_65-b17), built on Oct  6 2015 16:39:20 by "java_re" with MS VC++ 10.0 (VS2010)

time: Sun Oct 29 22:14:38 2017
elapsed time: 18 seconds (0d 0h 0m 18s)

