#
# There is insufficient memory for the Java Runtime Environment to continue.
# Native memory allocation (malloc) failed to allocate 1656416 bytes for Chunk::new
# Possible reasons:
#   The system is out of physical RAM or swap space
#   In 32 bit mode, the process size limit was hit
# Possible solutions:
#   Reduce memory load on the system
#   Increase physical memory or swap space
#   Check if swap backing store is full
#   Use 64 bit Java on a 64 bit OS
#   Decrease Java heap size (-Xmx/-Xms)
#   Decrease number of Java threads
#   Decrease Java thread stack sizes (-Xss)
#   Set larger code cache with -XX:ReservedCodeCacheSize=
# This output file may be truncated or incomplete.
#
#  Out of Memory Error (allocation.cpp:390), pid=652, tid=6564
#
# JRE version: Java(TM) SE Runtime Environment (8.0_65-b17) (build 1.8.0_65-b17)
# Java VM: Java HotSpot(TM) 64-Bit Server VM (25.65-b01 mixed mode windows-amd64 compressed oops)
# Failed to write core dump. Minidumps are not enabled by default on client versions of Windows
#

---------------  T H R E A D  ---------------

Current thread (0x000000001712f000):  JavaThread "C2 CompilerThread0" daemon [_thread_in_native, id=6564, stack(0x0000000018780000,0x0000000018880000)]

Stack: [0x0000000018780000,0x0000000018880000]
[error occurred during error reporting (printing stack bounds), id 0xc0000005]

Native frames: (J=compiled Java code, j=interpreted, Vv=VM code, C=native code)


Current CompileTask:
C2:  21921 2248       4       com.android.dx.cf.code.Simulator$SimVisitor::visitConstant (332 bytes)


---------------  P R O C E S S  ---------------

Java Threads: ( => current thread )
  0x0000000018d50000 JavaThread "pool-2-thread-4" [_thread_in_Java, id=5556, stack(0x0000000019480000,0x0000000019580000)]
  0x0000000018d4f000 JavaThread "pool-2-thread-3" [_thread_in_Java, id=10296, stack(0x0000000019380000,0x0000000019480000)]
  0x0000000018d4e800 JavaThread "pool-2-thread-2" [_thread_in_Java, id=9356, stack(0x0000000019280000,0x0000000019380000)]
  0x0000000018d39000 JavaThread "pool-3-thread-1" [_thread_blocked, id=11768, stack(0x0000000019180000,0x0000000019280000)]
  0x0000000018d38800 JavaThread "pool-2-thread-1" [_thread_in_Java, id=11736, stack(0x0000000019080000,0x0000000019180000)]
  0x000000001718e000 JavaThread "Service Thread" daemon [_thread_blocked, id=11932, stack(0x0000000018e80000,0x0000000018f80000)]
  0x0000000017142800 JavaThread "C1 CompilerThread2" daemon [_thread_in_native, id=10664, stack(0x0000000018980000,0x0000000018a80000)]
  0x0000000017131000 JavaThread "C2 CompilerThread1" daemon [_thread_in_native, id=11216, stack(0x0000000018880000,0x0000000018980000)]
=>0x000000001712f000 JavaThread "C2 CompilerThread0" daemon [_thread_in_native, id=6564, stack(0x0000000018780000,0x0000000018880000)]
  0x000000001712c000 JavaThread "Attach Listener" daemon [_thread_blocked, id=1016, stack(0x0000000018680000,0x0000000018780000)]
  0x000000001712a800 JavaThread "Signal Dispatcher" daemon [_thread_blocked, id=7980, stack(0x0000000018580000,0x0000000018680000)]
  0x0000000004a57000 JavaThread "Finalizer" daemon [_thread_blocked, id=3836, stack(0x0000000018390000,0x0000000018490000)]
  0x0000000004a4e000 JavaThread "Reference Handler" daemon [_thread_blocked, id=10280, stack(0x0000000018290000,0x0000000018390000)]
  0x000000000300e800 JavaThread "main" [_thread_in_native, id=436, stack(0x0000000004860000,0x0000000004960000)]

Other Threads:
  0x00000000170f8000 VMThread [stack: 0x0000000018190000,0x0000000018290000] [id=4892]
  0x0000000018aca000 WatcherThread [stack: 0x0000000018f80000,0x0000000019080000] [id=9508]

VM state:not at safepoint (normal execution)

VM Mutex/Monitor currently owned by a thread: None

Heap:
 PSYoungGen      total 201728K, used 142215K [0x00000000eab00000, 0x00000000fc300000, 0x0000000100000000)
  eden space 193536K, 73% used [0x00000000eab00000,0x00000000f35e1ff0,0x00000000f6800000)
  from space 8192K, 0% used [0x00000000fbb00000,0x00000000fbb00000,0x00000000fc300000)
  to   space 33792K, 0% used [0x00000000f9a00000,0x00000000f9a00000,0x00000000fbb00000)
 ParOldGen       total 120832K, used 120727K [0x00000000c0000000, 0x00000000c7600000, 0x00000000eab00000)
  object space 120832K, 99% used [0x00000000c0000000,0x00000000c75e5dd0,0x00000000c7600000)
 Metaspace       used 6503K, capacity 7320K, committed 7680K, reserved 1056768K
  class space    used 618K, capacity 656K, committed 768K, reserved 1048576K

Card table byte_map: [0x0000000013e20000,0x0000000014030000] byte_map_base: 0x0000000013820000

Marking Bits: (ParMarkBitMap*) 0x00000000537aa5b0
 Begin Bits: [0x0000000014590000, 0x0000000015590000)
 End Bits:   [0x0000000015590000, 0x0000000016590000)

Polling page: 0x0000000002f90000

CodeCache: size=245760Kb used=10327Kb max_used=10327Kb free=235432Kb
 bounds [0x0000000004a60000, 0x0000000005480000, 0x0000000013a60000]
 total_blobs=2584 nmethods=2313 adapters=183
 compilation: enabled

Compilation events (10 events):
Event: 21.787 Thread 0x0000000017142800 2387 % !   3       com.android.dx.cf.code.RopperMachine::run @ 247 (1550 bytes)
Event: 21.823 Thread 0x0000000017142800 nmethod 2387% 0x000000000543f290 code [0x00000000054404c0, 0x000000000544f2e8]
Event: 21.823 Thread 0x0000000017142800 2389       2       com.android.dx.cf.code.BytecodeArray::parseTableswitch (205 bytes)
Event: 21.825 Thread 0x0000000017142800 nmethod 2389 0x000000000543ab10 code [0x000000000543ad60, 0x000000000543b5d8]
Event: 21.825 Thread 0x0000000017142800 2388       2       java.util.HashMap$TreeNode::balanceInsertion (245 bytes)
Event: 21.826 Thread 0x0000000017142800 nmethod 2388 0x0000000005431a10 code [0x0000000005431c00, 0x00000000054321d8]
Event: 21.830 Thread 0x0000000017142800 2390       2       java.util.LinkedHashMap$Entry::<init> (10 bytes)
Event: 21.830 Thread 0x0000000017142800 nmethod 2390 0x000000000542cbd0 code [0x000000000542cd20, 0x000000000542ceb0]
Event: 21.842 Thread 0x0000000017142800 2392   !   3       com.android.dx.cf.code.RopperMachine::run (1550 bytes)
Event: 21.871 Thread 0x0000000017142800 nmethod 2392 0x000000000545d850 code [0x000000000545ea80, 0x000000000546d7e8]

GC Heap History (10 events):
Event: 9.281 GC heap before
{Heap before GC invocations=11 (full 1):
 PSYoungGen      total 227328K, used 227299K [0x00000000eab00000, 0x00000000fc300000, 0x0000000100000000)
  eden space 193536K, 100% used [0x00000000eab00000,0x00000000f6800000,0x00000000f6800000)
  from space 33792K, 99% used [0x00000000f9a00000,0x00000000fbaf8de0,0x00000000fbb00000)
  to   space 8192K, 0% used [0x00000000fbb00000,0x00000000fbb00000,0x00000000fc300000)
 ParOldGen       total 90112K, used 66621K [0x00000000c0000000, 0x00000000c5800000, 0x00000000eab00000)
  object space 90112K, 73% used [0x00000000c0000000,0x00000000c410f670,0x00000000c5800000)
 Metaspace       used 6490K, capacity 7320K, committed 7680K, reserved 1056768K
  class space    used 617K, capacity 656K, committed 768K, reserved 1048576K
Event: 9.789 GC heap after
Heap after GC invocations=11 (full 1):
 PSYoungGen      total 201728K, used 8174K [0x00000000eab00000, 0x00000000fc300000, 0x0000000100000000)
  eden space 193536K, 0% used [0x00000000eab00000,0x00000000eab00000,0x00000000f6800000)
  from space 8192K, 99% used [0x00000000fbb00000,0x00000000fc2fbbd8,0x00000000fc300000)
  to   space 33792K, 0% used [0x00000000f9a00000,0x00000000f9a00000,0x00000000fbb00000)
 ParOldGen       total 120832K, used 120411K [0x00000000c0000000, 0x00000000c7600000, 0x00000000eab00000)
  object space 120832K, 99% used [0x00000000c0000000,0x00000000c7596fe0,0x00000000c7600000)
 Metaspace       used 6490K, capacity 7320K, committed 7680K, reserved 1056768K
  class space    used 617K, capacity 656K, committed 768K, reserved 1048576K
}
Event: 9.789 GC heap before
{Heap before GC invocations=12 (full 2):
 PSYoungGen      total 201728K, used 8174K [0x00000000eab00000, 0x00000000fc300000, 0x0000000100000000)
  eden space 193536K, 0% used [0x00000000eab00000,0x00000000eab00000,0x00000000f6800000)
  from space 8192K, 99% used [0x00000000fbb00000,0x00000000fc2fbbd8,0x00000000fc300000)
  to   space 33792K, 0% used [0x00000000f9a00000,0x00000000f9a00000,0x00000000fbb00000)
 ParOldGen       total 120832K, used 120411K [0x00000000c0000000, 0x00000000c7600000, 0x00000000eab00000)
  object space 120832K, 99% used [0x00000000c0000000,0x00000000c7596fe0,0x00000000c7600000)
 Metaspace       used 6490K, capacity 7320K, committed 7680K, reserved 1056768K
  class space    used 617K, capacity 656K, committed 768K, reserved 1048576K
Event: 12.376 GC heap after
Heap after GC invocations=12 (full 2):
 PSYoungGen      total 201728K, used 3554K [0x00000000eab00000, 0x00000000fc300000, 0x0000000100000000)
  eden space 193536K, 0% used [0x00000000eab00000,0x00000000eab00000,0x00000000f6800000)
  from space 8192K, 43% used [0x00000000fbb00000,0x00000000fbe78808,0x00000000fc300000)
  to   space 33792K, 0% used [0x00000000f9a00000,0x00000000f9a00000,0x00000000fbb00000)
 ParOldGen       total 120832K, used 120554K [0x00000000c0000000, 0x00000000c7600000, 0x00000000eab00000)
  object space 120832K, 99% used [0x00000000c0000000,0x00000000c75baa88,0x00000000c7600000)
 Metaspace       used 6490K, capacity 7320K, committed 7680K, reserved 1056768K
  class space    used 617K, capacity 656K, committed 768K, reserved 1048576K
}
Event: 14.539 GC heap before
{Heap before GC invocations=13 (full 3):
 PSYoungGen      total 201728K, used 197090K [0x00000000eab00000, 0x00000000fc300000, 0x0000000100000000)
  eden space 193536K, 100% used [0x00000000eab00000,0x00000000f6800000,0x00000000f6800000)
  from space 8192K, 43% used [0x00000000fbb00000,0x00000000fbe78808,0x00000000fc300000)
  to   space 33792K, 0% used [0x00000000f9a00000,0x00000000f9a00000,0x00000000fbb00000)
 ParOldGen       total 120832K, used 120554K [0x00000000c0000000, 0x00000000c7600000, 0x00000000eab00000)
  object space 120832K, 99% used [0x00000000c0000000,0x00000000c75baa88,0x00000000c7600000)
 Metaspace       used 6495K, capacity 7320K, committed 7680K, reserved 1056768K
  class space    used 618K, capacity 656K, committed 768K, reserved 1048576K
Event: 16.448 GC heap after
Heap after GC invocations=13 (full 3):
 PSYoungGen      total 201728K, used 31368K [0x00000000eab00000, 0x00000000fc300000, 0x0000000100000000)
  eden space 193536K, 16% used [0x00000000eab00000,0x00000000ec9a2260,0x00000000f6800000)
  from space 8192K, 0% used [0x00000000fbb00000,0x00000000fbb00000,0x00000000fc300000)
  to   space 33792K, 0% used [0x00000000f9a00000,0x00000000f9a00000,0x00000000fbb00000)
 ParOldGen       total 120832K, used 120810K [0x00000000c0000000, 0x00000000c7600000, 0x00000000eab00000)
  object space 120832K, 99% used [0x00000000c0000000,0x00000000c75fab10,0x00000000c7600000)
 Metaspace       used 6495K, capacity 7320K, committed 7680K, reserved 1056768K
  class space    used 618K, capacity 656K, committed 768K, reserved 1048576K
}
Event: 17.311 GC heap before
{Heap before GC invocations=14 (full 4):
 PSYoungGen      total 201728K, used 193536K [0x00000000eab00000, 0x00000000fc300000, 0x0000000100000000)
  eden space 193536K, 100% used [0x00000000eab00000,0x00000000f6800000,0x00000000f6800000)
  from space 8192K, 0% used [0x00000000fbb00000,0x00000000fbb00000,0x00000000fc300000)
  to   space 33792K, 0% used [0x00000000f9a00000,0x00000000f9a00000,0x00000000fbb00000)
 ParOldGen       total 120832K, used 120810K [0x00000000c0000000, 0x00000000c7600000, 0x00000000eab00000)
  object space 120832K, 99% used [0x00000000c0000000,0x00000000c75fab10,0x00000000c7600000)
 Metaspace       used 6496K, capacity 7320K, committed 7680K, reserved 1056768K
  class space    used 618K, capacity 656K, committed 768K, reserved 1048576K
Event: 19.220 GC heap after
Heap after GC invocations=14 (full 4):
 PSYoungGen      total 201728K, used 55873K [0x00000000eab00000, 0x00000000fc300000, 0x0000000100000000)
  eden space 193536K, 28% used [0x00000000eab00000,0x00000000ee190718,0x00000000f6800000)
  from space 8192K, 0% used [0x00000000fbb00000,0x00000000fbb00000,0x00000000fc300000)
  to   space 33792K, 0% used [0x00000000f9a00000,0x00000000f9a00000,0x00000000fbb00000)
 ParOldGen       total 120832K, used 120728K [0x00000000c0000000, 0x00000000c7600000, 0x00000000eab00000)
  object space 120832K, 99% used [0x00000000c0000000,0x00000000c75e6030,0x00000000c7600000)
 Metaspace       used 6496K, capacity 7320K, committed 7680K, reserved 1056768K
  class space    used 618K, capacity 656K, committed 768K, reserved 1048576K
}
Event: 19.846 GC heap before
{Heap before GC invocations=15 (full 5):
 PSYoungGen      total 201728K, used 193536K [0x00000000eab00000, 0x00000000fc300000, 0x0000000100000000)
  eden space 193536K, 100% used [0x00000000eab00000,0x00000000f6800000,0x00000000f6800000)
  from space 8192K, 0% used [0x00000000fbb00000,0x00000000fbb00000,0x00000000fc300000)
  to   space 33792K, 0% used [0x00000000f9a00000,0x00000000f9a00000,0x00000000fbb00000)
 ParOldGen       total 120832K, used 120728K [0x00000000c0000000, 0x00000000c7600000, 0x00000000eab00000)
  object space 120832K, 99% used [0x00000000c0000000,0x00000000c75e6030,0x00000000c7600000)
 Metaspace       used 6498K, capacity 7320K, committed 7680K, reserved 1056768K
  class space    used 618K, capacity 656K, committed 768K, reserved 1048576K
Event: 21.584 GC heap after
Heap after GC invocations=15 (full 5):
 PSYoungGen      total 201728K, used 77643K [0x00000000eab00000, 0x00000000fc300000, 0x0000000100000000)
  eden space 193536K, 40% used [0x00000000eab00000,0x00000000ef6d2cd8,0x00000000f6800000)
  from space 8192K, 0% used [0x00000000fbb00000,0x00000000fbb00000,0x00000000fc300000)
  to   space 33792K, 0% used [0x00000000f9a00000,0x00000000f9a00000,0x00000000fbb00000)
 ParOldGen       total 120832K, used 120727K [0x00000000c0000000, 0x00000000c7600000, 0x00000000eab00000)
  object space 120832K, 99% used [0x00000000c0000000,0x00000000c75e5dd0,0x00000000c7600000)
 Metaspace       used 6498K, capacity 7320K, committed 7680K, reserved 1056768K
  class space    used 618K, capacity 656K, committed 768K, reserved 1048576K
}

Deoptimization events (10 events):
Event: 3.292 Thread 0x0000000018d38800 Uncommon trap: reason=bimorphic action=maybe_recompile pc=0x000000000513dc44 method=com.android.dx.ssa.NormalSsaInsn.accept(Lcom/android/dx/ssa/SsaInsn$Visitor;)V @ 9
Event: 3.292 Thread 0x0000000018d38800 Uncommon trap: reason=bimorphic action=maybe_recompile pc=0x000000000513dc44 method=com.android.dx.ssa.NormalSsaInsn.accept(Lcom/android/dx/ssa/SsaInsn$Visitor;)V @ 9
Event: 3.627 Thread 0x0000000018d4e800 Uncommon trap: reason=unstable_if action=reinterpret pc=0x0000000005117e34 method=com.android.dx.rop.code.RegisterSpec.equals(ILcom/android/dx/rop/type/TypeBearer;Lcom/android/dx/rop/code/LocalItem;)Z @ 42
Event: 6.118 Thread 0x0000000018d4e800 Uncommon trap: reason=unstable_if action=reinterpret pc=0x00000000051e2eb4 method=com.android.dx.cf.code.RopperMachine.run(Lcom/android/dx/cf/code/Frame;II)V @ 1500
Event: 8.540 Thread 0x0000000018d38800 Uncommon trap: reason=unstable_if action=reinterpret pc=0x0000000005211000 method=java.util.HashMap.putVal(ILjava/lang/Object;Ljava/lang/Object;ZZ)Ljava/lang/Object; @ 109
Event: 14.419 Thread 0x000000000300e800 Uncommon trap: reason=unstable_if action=reinterpret pc=0x0000000004bb2a58 method=java.util.zip.ZipCoder.decoder()Ljava/nio/charset/CharsetDecoder; @ 4
Event: 14.444 Thread 0x000000000300e800 Uncommon trap: reason=unstable_if action=reinterpret pc=0x0000000004bb8a1c method=java.util.zip.ZipFile$ZipEntryIterator.hasNext()Z @ 25
Event: 16.652 Thread 0x0000000018d4e800 Uncommon trap: reason=unstable_if action=reinterpret pc=0x00000000053807f8 method=com.android.dx.ssa.PhiTypeResolver.resolveResultType(Lcom/android/dx/ssa/PhiInsn;)Z @ 64
Event: 19.263 Thread 0x0000000018d50000 Uncommon trap: reason=unstable_if action=reinterpret pc=0x00000000053eb7a4 method=com.android.dx.rop.code.BasicBlockList.preferredSuccessorOf(Lcom/android/dx/rop/code/BasicBlock;)Lcom/android/dx/rop/code/BasicBlock; @ 58
Event: 19.281 Thread 0x0000000018d38800 Uncommon trap: reason=unstable_if action=reinterpret pc=0x00000000053e7ff4 method=com.android.dx.rop.code.BasicBlockList.preferredSuccessorOf(Lcom/android/dx/rop/code/BasicBlock;)Lcom/android/dx/rop/code/BasicBlock; @ 58

Internal exceptions (8 events):
Event: 0.074 Thread 0x000000000300e800 Exception <a 'java/lang/NoSuchMethodError': Method sun.misc.Unsafe.defineClass(Ljava/lang/String;[BII)Ljava/lang/Class; name or signature does not match> (0x00000000eab0dcd8) thrown at [C:\workspace\8-2-build-windows-amd64-cygwin\jdk8u65\4987\hotspot\src\stV7–¯ã²?
Event: 0.074 Thread 0x000000000300e800 Exception <a 'java/lang/NoSuchMethodError': Method sun.misc.Unsafe.prefetchRead(Ljava/lang/Object;J)V name or signature does not match> (0x00000000eab0dfc0) thrown at [C:\workspace\8-2-build-windows-amd64-cygwin\jdk8u65\4987\hotspot\src\share\vm\prims\jni.s‚÷ÛàÚõ?
Event: 1.366 Thread 0x0000000018d38800 Exception <a 'java/lang/ArrayIndexOutOfBoundsException': 18> (0x00000000eba462b8) thrown at [C:\workspace\8-2-build-windows-amd64-cygwin\jdk8u65\4987\hotspot\src\share\vm\interpreter\interpreterRuntime.cpp, line 366]
Event: 1.366 Thread 0x0000000018d38800 Exception <a 'java/lang/ArrayIndexOutOfBoundsException': 145> (0x00000000eba47e38) thrown at [C:\workspace\8-2-build-windows-amd64-cygwin\jdk8u65\4987\hotspot\src\share\vm\interpreter\interpreterRuntime.cpp, line 366]
Event: 1.368 Thread 0x0000000018d38800 Exception <a 'java/lang/ArrayIndexOutOfBoundsException': 40> (0x00000000eba49120) thrown at [C:\workspace\8-2-build-windows-amd64-cygwin\jdk8u65\4987\hotspot\src\share\vm\interpreter\interpreterRuntime.cpp, line 366]
Event: 2.395 Thread 0x0000000018d50000 Implicit null exception at 0x0000000004d93e31 to 0x0000000004d96115
Event: 14.419 Thread 0x000000000300e800 Implicit null exception at 0x0000000004bb25f8 to 0x0000000004bb2a3d
Event: 16.652 Thread 0x0000000018d4e800 Implicit null exception at 0x000000000537ec86 to 0x00000000053807b0

Events (10 events):
Event: 19.524 Thread 0x0000000018d38800 DEOPT PACKING pc=0x000000000507aef5 sp=0x000000001917e790
Event: 19.524 Thread 0x0000000018d38800 DEOPT UNPACKING pc=0x0000000004aa787f sp=0x000000001917e500 mode 0
Event: 19.527 Thread 0x0000000018d50000 DEOPT PACKING pc=0x0000000004ec3e1d sp=0x000000001957e770
Event: 19.527 Thread 0x0000000018d50000 DEOPT UNPACKING pc=0x0000000004aa787f sp=0x000000001957e5b0 mode 0
Event: 19.799 loading class com/android/dx/cf/iface/ParseObserver
Event: 19.799 loading class com/android/dx/cf/iface/ParseObserver done
Event: 19.843 Executing VM operation: ParallelGCFailedAllocation
Event: 21.584 Executing VM operation: ParallelGCFailedAllocation done
Event: 21.718 Thread 0x0000000018d4e800 DEOPT PACKING pc=0x00000000050a36ea sp=0x000000001937e560
Event: 21.718 Thread 0x0000000018d4e800 DEOPT UNPACKING pc=0x0000000004aa787f sp=0x000000001937e2f8 mode 0


Dynamic libraries:
0x00007ff76a320000 - 0x00007ff76a357000 	C:\Program Files\Java\jdk1.8.0_65\bin\java.exe
0x00007ffdac320000 - 0x00007ffdac500000 	C:\WINDOWS\SYSTEM32\ntdll.dll
0x00007ffdac090000 - 0x00007ffdac13e000 	C:\WINDOWS\System32\KERNEL32.DLL
0x00007ffda8970000 - 0x00007ffda8bd6000 	C:\WINDOWS\System32\KERNELBASE.dll
0x00007ffdab7a0000 - 0x00007ffdab841000 	C:\WINDOWS\System32\ADVAPI32.dll
0x00007ffda9fc0000 - 0x00007ffdaa05d000 	C:\WINDOWS\System32\msvcrt.dll
0x00007ffda9850000 - 0x00007ffda98ab000 	C:\WINDOWS\System32\sechost.dll
0x00007ffdab850000 - 0x00007ffdab96f000 	C:\WINDOWS\System32\RPCRT4.dll
0x00007ffdaa060000 - 0x00007ffdaa1ef000 	C:\WINDOWS\System32\USER32.dll
0x00007ffda96d0000 - 0x00007ffda96f0000 	C:\WINDOWS\System32\win32u.dll
0x00007ffda97f0000 - 0x00007ffda9818000 	C:\WINDOWS\System32\GDI32.dll
0x00007ffda94e0000 - 0x00007ffda9673000 	C:\WINDOWS\System32\gdi32full.dll
0x00007ffda8be0000 - 0x00007ffda8c7b000 	C:\WINDOWS\System32\msvcp_win.dll
0x00007ffda96f0000 - 0x00007ffda97e6000 	C:\WINDOWS\System32\ucrtbase.dll
0x00007ffd9ed90000 - 0x00007ffd9eff9000 	C:\WINDOWS\WinSxS\amd64_microsoft.windows.common-controls_6595b64144ccf1df_6.0.16299.125_none_15cbcf8893620c09\COMCTL32.dll
0x00007ffda98b0000 - 0x00007ffda9bb8000 	C:\WINDOWS\System32\combase.dll
0x00007ffda8720000 - 0x00007ffda8792000 	C:\WINDOWS\System32\bcryptPrimitives.dll
0x00007ffda9820000 - 0x00007ffda984d000 	C:\WINDOWS\System32\IMM32.DLL
0x0000000055990000 - 0x0000000055a62000 	C:\Program Files\Java\jdk1.8.0_65\jre\bin\msvcr100.dll
0x0000000052fa0000 - 0x0000000053829000 	C:\Program Files\Java\jdk1.8.0_65\jre\bin\server\jvm.dll
0x00007ffdabe90000 - 0x00007ffdabe98000 	C:\WINDOWS\System32\PSAPI.DLL
0x00007ffd920b0000 - 0x00007ffd920b9000 	C:\WINDOWS\SYSTEM32\WSOCK32.dll
0x00007ffda4f70000 - 0x00007ffda4f93000 	C:\WINDOWS\SYSTEM32\WINMM.dll
0x00007ffda9d40000 - 0x00007ffda9dac000 	C:\WINDOWS\System32\WS2_32.dll
0x00007ffda1d00000 - 0x00007ffda1d0a000 	C:\WINDOWS\SYSTEM32\VERSION.dll
0x00007ffda4f40000 - 0x00007ffda4f6a000 	C:\WINDOWS\SYSTEM32\WINMMBASE.dll
0x00007ffda9680000 - 0x00007ffda96ca000 	C:\WINDOWS\System32\cfgmgr32.dll
0x0000000055790000 - 0x000000005579f000 	C:\Program Files\Java\jdk1.8.0_65\jre\bin\verify.dll
0x0000000055760000 - 0x0000000055789000 	C:\Program Files\Java\jdk1.8.0_65\jre\bin\java.dll
0x0000000055740000 - 0x0000000055756000 	C:\Program Files\Java\jdk1.8.0_65\jre\bin\zip.dll
0x00007ffdaa250000 - 0x00007ffdab686000 	C:\WINDOWS\System32\SHELL32.dll
0x00007ffda9c90000 - 0x00007ffda9d36000 	C:\WINDOWS\System32\shcore.dll
0x00007ffda8d90000 - 0x00007ffda94d7000 	C:\WINDOWS\System32\windows.storage.dll
0x00007ffdaa1f0000 - 0x00007ffdaa241000 	C:\WINDOWS\System32\shlwapi.dll
0x00007ffda86c0000 - 0x00007ffda86d1000 	C:\WINDOWS\System32\kernel.appcore.dll
0x00007ffda8670000 - 0x00007ffda86bc000 	C:\WINDOWS\System32\powrprof.dll
0x00007ffda8700000 - 0x00007ffda871b000 	C:\WINDOWS\System32\profapi.dll

VM Arguments:
jvm_args: -Djava.awt.headless=true -Xmx1024M -Dfile.encoding=windows-1252 -Duser.country=US -Duser.language=en -Duser.variant 
java_command: com.android.dx.command.Main --dex --num-threads=4 --multi-dex --main-dex-list D:\HK1-2017-2018\RN\Project\GoldenGavel\android\app\build\intermediates\multi-dex\debug\maindexlist.txt --output D:\HK1-2017-2018\RN\Project\GoldenGavel\android\app\build\intermediates\transforms\dex\debug\folders\1000\1f\main D:\HK1-2017-2018\RN\Project\GoldenGavel\android\app\build\intermediates\transforms\jarMerging\debug\jars\1\1f\combined.jar
java_class_path (initial): C:\Users\nghia\AppData\Local\Android\sdk\build-tools\23.0.1\lib\dx.jar
Launcher Type: SUN_STANDARD

Environment Variables:
JAVA_HOME=C:\Program Files\Java\jdk1.8.0_65
CLASSPATH=D:\HK1-2017-2018\RN\Project\GoldenGavel\android\\gradle\wrapper\gradle-wrapper.jar
PATH=C:\ProgramData\Oracle\Java\javapath;C:\Program Files (x86)\Intel\iCLS Client\;C:\Program Files\Intel\iCLS Client\;C:\WINDOWS\system32;C:\WINDOWS;C:\Program Files\Java\jdk1.8.0_65\bin;C:\WINDOWS\System32\Wbem;C:\WINDOWS\System32\WindowsPowerShell\v1.0\;C:\Program Files\Microsoft SQL Server\110\DTS\Binn\;C:\Program Files (x86)\Microsoft SQL Server\110\Tools\Binn\;C:\Program Files\Microsoft SQL Server\110\Tools\Binn\;C:\Program Files (x86)\Microsoft SQL Server\110\Tools\Binn\ManagementStudio\;C:\Program Files (x86)\Microsoft Visual Studio 10.0\Common7\IDE\PrivateAssemblies\;C:\Program Files (x86)\Microsoft SQL Server\110\DTS\Binn\;C:\Program Files\Intel\Intel(R) Management Engine Components\DAL;C:\Program Files (x86)\Intel\Intel(R) Management Engine Components\DAL;C:\Program Files\Intel\Intel(R) Management Engine Components\IPT;C:\Program Files (x86)\Intel\Intel(R) Management Engine Components\IPT;C:\WINDOWS\system32\config\systemprofile\.dnx\bin;C:\Program Files\Microsoft DNX\Dnvm\;C:\Program Files\Microsoft SQL Server\130\Tools\Binn\;C:\Program Files (x86)\Windows Kits\8.1\Windows Performance Toolkit\;C:\Program Files\OpenVPN\bin;C:\Python27;C:\Program Files\nodejs\;C:\Program Files\Git\cmd;C:\Users\nghia\AppData\Local\Android\sdk\platform-tools;C:\Users\nghia\AppData\Local\Microsoft\WindowsApps;C:\Users\nghia\AppData\Roaming\npm;C:\Users\nghia\AppData\Local\atom\bin;%USERPROFILE%\AppData\Local\Microsoft\WindowsApps;
USERNAME=nghia
OS=Windows_NT
PROCESSOR_IDENTIFIER=Intel64 Family 6 Model 69 Stepping 1, GenuineIntel



---------------  S Y S T E M  ---------------

OS: Windows 10.0 , 64 bit Build 16299 (10.0.16299.15)

CPU:total 4 (2 cores per cpu, 2 threads per core) family 6 model 69 stepping 1, cmov, cx8, fxsr, mmx, sse, sse2, sse3, ssse3, sse4.1, sse4.2, popcnt, avx, avx2, aes, clmul, erms, lzcnt, ht, tsc, tscinvbit, bmi1, bmi2

Memory: 4k page, physical 4074568k(397408k free), swap 8170568k(4244k free)

vm_info: Java HotSpot(TM) 64-Bit Server VM (25.65-b01) for windows-amd64 JRE (1.8.0_65-b17), built on Oct  6 2015 16:39:20 by "java_re" with MS VC++ 10.0 (VS2010)

time: Wed Jan 03 09:42:43 2018
elapsed time: 21 seconds (0d 0h 0m 21s)

