#
# There is insufficient memory for the Java Runtime Environment to continue.
# Native memory allocation (malloc) failed to allocate 1662576 bytes for Chunk::new
# Possible reasons:
#   The system is out of physical RAM or swap space
#   In 32 bit mode, the process size limit was hit
# Possible solutions:
#   Reduce memory load on the system
#   Increase physical memory or swap space
#   Check if swap backing store is full
#   Use 64 bit Java on a 64 bit OS
#   Decrease Java heap size (-Xmx/-Xms)
#   Decrease number of Java threads
#   Decrease Java thread stack sizes (-Xss)
#   Set larger code cache with -XX:ReservedCodeCacheSize=
# This output file may be truncated or incomplete.
#
#  Out of Memory Error (allocation.cpp:390), pid=21716, tid=18220
#
# JRE version: Java(TM) SE Runtime Environment (8.0_65-b17) (build 1.8.0_65-b17)
# Java VM: Java HotSpot(TM) 64-Bit Server VM (25.65-b01 mixed mode windows-amd64 compressed oops)
# Failed to write core dump. Minidumps are not enabled by default on client versions of Windows
#

---------------  T H R E A D  ---------------

Current thread (0x00000000176e1000):  JavaThread "C2 CompilerThread1" daemon [_thread_in_native, id=18220, stack(0x0000000018e20000,0x0000000018f20000)]

Stack: [0x0000000018e20000,0x0000000018f20000]
[error occurred during error reporting (printing stack bounds), id 0xc0000005]

Native frames: (J=compiled Java code, j=interpreted, Vv=VM code, C=native code)


Current CompileTask:
C2:  36872 1871       4       com.android.dx.ssa.SsaRenamer$1::visitBlock (16 bytes)


---------------  P R O C E S S  ---------------

Java Threads: ( => current thread )
  0x0000000019277000 JavaThread "pool-2-thread-4" [_thread_blocked, id=23080, stack(0x0000000019a20000,0x0000000019b20000)]
  0x0000000019275800 JavaThread "pool-2-thread-3" [_thread_blocked, id=16696, stack(0x0000000019920000,0x0000000019a20000)]
  0x000000001927a000 JavaThread "pool-2-thread-2" [_thread_blocked, id=23304, stack(0x0000000019820000,0x0000000019920000)]
  0x0000000019278800 JavaThread "pool-3-thread-1" [_thread_blocked, id=23048, stack(0x0000000019720000,0x0000000019820000)]
  0x0000000019279800 JavaThread "pool-2-thread-1" [_thread_blocked, id=1104, stack(0x0000000019620000,0x0000000019720000)]
  0x000000001773e000 JavaThread "Service Thread" daemon [_thread_blocked, id=4320, stack(0x0000000019420000,0x0000000019520000)]
  0x00000000176ea800 JavaThread "C1 CompilerThread2" daemon [_thread_blocked, id=21268, stack(0x0000000018f20000,0x0000000019020000)]
=>0x00000000176e1000 JavaThread "C2 CompilerThread1" daemon [_thread_in_native, id=18220, stack(0x0000000018e20000,0x0000000018f20000)]
  0x00000000176df000 JavaThread "C2 CompilerThread0" daemon [_thread_in_native, id=12516, stack(0x0000000018d20000,0x0000000018e20000)]
  0x00000000176dc000 JavaThread "Attach Listener" daemon [_thread_blocked, id=23840, stack(0x0000000018c20000,0x0000000018d20000)]
  0x00000000176da800 JavaThread "Signal Dispatcher" daemon [_thread_blocked, id=428, stack(0x0000000018b20000,0x0000000018c20000)]
  0x0000000004f57000 JavaThread "Finalizer" daemon [_thread_blocked, id=6284, stack(0x0000000018930000,0x0000000018a30000)]
  0x0000000004f4e000 JavaThread "Reference Handler" daemon [_thread_blocked, id=1248, stack(0x0000000018830000,0x0000000018930000)]
  0x000000000516e800 JavaThread "main" [_thread_blocked, id=20912, stack(0x0000000003590000,0x0000000003690000)]

Other Threads:
  0x00000000176a8000 VMThread [stack: 0x0000000018730000,0x0000000018830000] [id=3744]
  0x000000001906c000 WatcherThread [stack: 0x0000000019520000,0x0000000019620000] [id=20500]

VM state:at safepoint (normal execution)

VM Mutex/Monitor currently owned by a thread:  ([mutex/lock_event])
[0x000000000516cbf0] Threads_lock - owner thread: 0x00000000176a8000
[0x000000000516d5f0] Heap_lock - owner thread: 0x0000000019275800

Heap:
 PSYoungGen      total 276992K, used 224256K [0x00000000eab00000, 0x0000000100000000, 0x0000000100000000)
  eden space 224256K, 100% used [0x00000000eab00000,0x00000000f8600000,0x00000000f8600000)
  from space 52736K, 0% used [0x00000000f8600000,0x00000000f8600000,0x00000000fb980000)
  to   space 55296K, 0% used [0x00000000fca00000,0x00000000fca00000,0x0000000100000000)
 ParOldGen       total 154624K, used 154342K [0x00000000c0000000, 0x00000000c9700000, 0x00000000eab00000)
  object space 154624K, 99% used [0x00000000c0000000,0x00000000c96b99e0,0x00000000c9700000)
 Metaspace       used 6525K, capacity 7320K, committed 7680K, reserved 1056768K
  class space    used 618K, capacity 656K, committed 768K, reserved 1048576K

Card table byte_map: [0x0000000014530000,0x0000000014740000] byte_map_base: 0x0000000013f30000

Marking Bits: (ParMarkBitMap*) 0x000000006ae3a5b0
 Begin Bits: [0x0000000014b40000, 0x0000000015b40000)
 End Bits:   [0x0000000015b40000, 0x0000000016b40000)

Polling page: 0x0000000003110000

CodeCache: size=245760Kb used=11730Kb max_used=11745Kb free=234029Kb
 bounds [0x0000000005170000, 0x0000000005d10000, 0x0000000014170000]
 total_blobs=2552 nmethods=2281 adapters=183
 compilation: enabled

Compilation events (10 events):
Event: 35.054 Thread 0x00000000176e1000 nmethod 2497 0x0000000005cfd710 code [0x0000000005cfd9a0, 0x0000000005d00390]
Event: 35.054 Thread 0x00000000176e1000 1902       4       com.android.dx.ssa.back.LivenessAnalyzer::<init> (55 bytes)
Event: 35.061 Thread 0x00000000176e1000 nmethod 1902 0x0000000005281e90 code [0x0000000005282000, 0x00000000052823d8]
Event: 35.061 Thread 0x00000000176e1000 1796       4       java.util.ArrayList$SubList::removeRange (47 bytes)
Event: 35.066 Thread 0x00000000176e1000 nmethod 1796 0x00000000052ef650 code [0x00000000052ef7a0, 0x00000000052efa18]
Event: 35.066 Thread 0x00000000176e1000 1802       4       com.android.dx.ssa.SsaBasicBlock::scheduleMovesFromPhis (108 bytes)
Event: 35.071 Thread 0x00000000176e1000 nmethod 1802 0x0000000005344f10 code [0x0000000005345060, 0x00000000053452a8]
Event: 35.071 Thread 0x00000000176e1000 1870       4       com.android.dx.ssa.SsaRenamer$BlockRenamer::<init> (72 bytes)
Event: 35.078 Thread 0x00000000176e1000 nmethod 1870 0x00000000053665d0 code [0x0000000005366740, 0x0000000005366af8]
Event: 35.078 Thread 0x00000000176e1000 1871       4       com.android.dx.ssa.SsaRenamer$1::visitBlock (16 bytes)

GC Heap History (10 events):
Event: 27.323 GC heap before
{Heap before GC invocations=22 (full 11):
 PSYoungGen      total 276992K, used 224256K [0x00000000eab00000, 0x0000000100000000, 0x0000000100000000)
  eden space 224256K, 100% used [0x00000000eab00000,0x00000000f8600000,0x00000000f8600000)
  from space 52736K, 0% used [0x00000000f8600000,0x00000000f8600000,0x00000000fb980000)
  to   space 55296K, 0% used [0x00000000fca00000,0x00000000fca00000,0x0000000100000000)
 ParOldGen       total 154624K, used 154348K [0x00000000c0000000, 0x00000000c9700000, 0x00000000eab00000)
  object space 154624K, 99% used [0x00000000c0000000,0x00000000c96bb210,0x00000000c9700000)
 Metaspace       used 6523K, capacity 7320K, committed 7680K, reserved 1056768K
  class space    used 618K, capacity 656K, committed 768K, reserved 1048576K
Event: 28.601 GC heap after
Heap after GC invocations=22 (full 11):
 PSYoungGen      total 276992K, used 159350K [0x00000000eab00000, 0x0000000100000000, 0x0000000100000000)
  eden space 224256K, 71% used [0x00000000eab00000,0x00000000f469da68,0x00000000f8600000)
  from space 52736K, 0% used [0x00000000f8600000,0x00000000f8600000,0x00000000fb980000)
  to   space 55296K, 0% used [0x00000000fca00000,0x00000000fca00000,0x0000000100000000)
 ParOldGen       total 154624K, used 154347K [0x00000000c0000000, 0x00000000c9700000, 0x00000000eab00000)
  object space 154624K, 99% used [0x00000000c0000000,0x00000000c96bad70,0x00000000c9700000)
 Metaspace       used 6523K, capacity 7320K, committed 7680K, reserved 1056768K
  class space    used 618K, capacity 656K, committed 768K, reserved 1048576K
}
Event: 28.918 GC heap before
{Heap before GC invocations=23 (full 12):
 PSYoungGen      total 276992K, used 224256K [0x00000000eab00000, 0x0000000100000000, 0x0000000100000000)
  eden space 224256K, 100% used [0x00000000eab00000,0x00000000f8600000,0x00000000f8600000)
  from space 52736K, 0% used [0x00000000f8600000,0x00000000f8600000,0x00000000fb980000)
  to   space 55296K, 0% used [0x00000000fca00000,0x00000000fca00000,0x0000000100000000)
 ParOldGen       total 154624K, used 154347K [0x00000000c0000000, 0x00000000c9700000, 0x00000000eab00000)
  object space 154624K, 99% used [0x00000000c0000000,0x00000000c96bad70,0x00000000c9700000)
 Metaspace       used 6524K, capacity 7320K, committed 7680K, reserved 1056768K
  class space    used 618K, capacity 656K, committed 768K, reserved 1048576K
Event: 30.117 GC heap after
Heap after GC invocations=23 (full 12):
 PSYoungGen      total 276992K, used 169399K [0x00000000eab00000, 0x0000000100000000, 0x0000000100000000)
  eden space 224256K, 75% used [0x00000000eab00000,0x00000000f506dc08,0x00000000f8600000)
  from space 52736K, 0% used [0x00000000f8600000,0x00000000f8600000,0x00000000fb980000)
  to   space 55296K, 0% used [0x00000000fca00000,0x00000000fca00000,0x0000000100000000)
 ParOldGen       total 154624K, used 154347K [0x00000000c0000000, 0x00000000c9700000, 0x00000000eab00000)
  object space 154624K, 99% used [0x00000000c0000000,0x00000000c96bacd0,0x00000000c9700000)
 Metaspace       used 6524K, capacity 7320K, committed 7680K, reserved 1056768K
  class space    used 618K, capacity 656K, committed 768K, reserved 1048576K
}
Event: 30.378 GC heap before
{Heap before GC invocations=24 (full 13):
 PSYoungGen      total 276992K, used 224256K [0x00000000eab00000, 0x0000000100000000, 0x0000000100000000)
  eden space 224256K, 100% used [0x00000000eab00000,0x00000000f8600000,0x00000000f8600000)
  from space 52736K, 0% used [0x00000000f8600000,0x00000000f8600000,0x00000000fb980000)
  to   space 55296K, 0% used [0x00000000fca00000,0x00000000fca00000,0x0000000100000000)
 ParOldGen       total 154624K, used 154347K [0x00000000c0000000, 0x00000000c9700000, 0x00000000eab00000)
  object space 154624K, 99% used [0x00000000c0000000,0x00000000c96bacd0,0x00000000c9700000)
 Metaspace       used 6525K, capacity 7320K, committed 7680K, reserved 1056768K
  class space    used 618K, capacity 656K, committed 768K, reserved 1048576K
Event: 31.914 GC heap after
Heap after GC invocations=24 (full 13):
 PSYoungGen      total 276992K, used 177311K [0x00000000eab00000, 0x0000000100000000, 0x0000000100000000)
  eden space 224256K, 79% used [0x00000000eab00000,0x00000000f5827c40,0x00000000f8600000)
  from space 52736K, 0% used [0x00000000f8600000,0x00000000f8600000,0x00000000fb980000)
  to   space 55296K, 0% used [0x00000000fca00000,0x00000000fca00000,0x0000000100000000)
 ParOldGen       total 154624K, used 154344K [0x00000000c0000000, 0x00000000c9700000, 0x00000000eab00000)
  object space 154624K, 99% used [0x00000000c0000000,0x00000000c96ba2b0,0x00000000c9700000)
 Metaspace       used 6525K, capacity 7320K, committed 7680K, reserved 1056768K
  class space    used 618K, capacity 656K, committed 768K, reserved 1048576K
}
Event: 32.160 GC heap before
{Heap before GC invocations=25 (full 14):
 PSYoungGen      total 276992K, used 224256K [0x00000000eab00000, 0x0000000100000000, 0x0000000100000000)
  eden space 224256K, 100% used [0x00000000eab00000,0x00000000f8600000,0x00000000f8600000)
  from space 52736K, 0% used [0x00000000f8600000,0x00000000f8600000,0x00000000fb980000)
  to   space 55296K, 0% used [0x00000000fca00000,0x00000000fca00000,0x0000000100000000)
 ParOldGen       total 154624K, used 154344K [0x00000000c0000000, 0x00000000c9700000, 0x00000000eab00000)
  object space 154624K, 99% used [0x00000000c0000000,0x00000000c96ba2b0,0x00000000c9700000)
 Metaspace       used 6525K, capacity 7320K, committed 7680K, reserved 1056768K
  class space    used 618K, capacity 656K, committed 768K, reserved 1048576K
Event: 34.406 GC heap after
Heap after GC invocations=25 (full 14):
 PSYoungGen      total 276992K, used 184186K [0x00000000eab00000, 0x0000000100000000, 0x0000000100000000)
  eden space 224256K, 82% used [0x00000000eab00000,0x00000000f5edeab0,0x00000000f8600000)
  from space 52736K, 0% used [0x00000000f8600000,0x00000000f8600000,0x00000000fb980000)
  to   space 55296K, 0% used [0x00000000fca00000,0x00000000fca00000,0x0000000100000000)
 ParOldGen       total 154624K, used 154343K [0x00000000c0000000, 0x00000000c9700000, 0x00000000eab00000)
  object space 154624K, 99% used [0x00000000c0000000,0x00000000c96b9e30,0x00000000c9700000)
 Metaspace       used 6525K, capacity 7320K, committed 7680K, reserved 1056768K
  class space    used 618K, capacity 656K, committed 768K, reserved 1048576K
}
Event: 35.099 GC heap before
{Heap before GC invocations=26 (full 15):
 PSYoungGen      total 276992K, used 224256K [0x00000000eab00000, 0x0000000100000000, 0x0000000100000000)
  eden space 224256K, 100% used [0x00000000eab00000,0x00000000f8600000,0x00000000f8600000)
  from space 52736K, 0% used [0x00000000f8600000,0x00000000f8600000,0x00000000fb980000)
  to   space 55296K, 0% used [0x00000000fca00000,0x00000000fca00000,0x0000000100000000)
 ParOldGen       total 154624K, used 154343K [0x00000000c0000000, 0x00000000c9700000, 0x00000000eab00000)
  object space 154624K, 99% used [0x00000000c0000000,0x00000000c96b9e30,0x00000000c9700000)
 Metaspace       used 6525K, capacity 7320K, committed 7680K, reserved 1056768K
  class space    used 618K, capacity 656K, committed 768K, reserved 1048576K
Event: 36.644 GC heap after
Heap after GC invocations=26 (full 15):
 PSYoungGen      total 276992K, used 190168K [0x00000000eab00000, 0x0000000100000000, 0x0000000100000000)
  eden space 224256K, 84% used [0x00000000eab00000,0x00000000f64b6158,0x00000000f8600000)
  from space 52736K, 0% used [0x00000000f8600000,0x00000000f8600000,0x00000000fb980000)
  to   space 55296K, 0% used [0x00000000fca00000,0x00000000fca00000,0x0000000100000000)
 ParOldGen       total 154624K, used 154342K [0x00000000c0000000, 0x00000000c9700000, 0x00000000eab00000)
  object space 154624K, 99% used [0x00000000c0000000,0x00000000c96b99e0,0x00000000c9700000)
 Metaspace       used 6525K, capacity 7320K, committed 7680K, reserved 1056768K
  class space    used 618K, capacity 656K, committed 768K, reserved 1048576K
}

Deoptimization events (10 events):
Event: 27.271 Thread 0x000000000516e800 Uncommon trap: reason=unstable_if action=reinterpret pc=0x00000000055cd5b0 method=com.android.dx.ssa.SsaMethod.getExitBlock()Lcom/android/dx/ssa/SsaBasicBlock; @ 4
Event: 27.271 Thread 0x000000000516e800 Uncommon trap: reason=unstable_if action=reinterpret pc=0x00000000054798b4 method=com.android.dx.ssa.SsaMethod.getExitBlock()Lcom/android/dx/ssa/SsaBasicBlock; @ 4
Event: 27.273 Thread 0x000000000516e800 Uncommon trap: reason=unstable_if action=reinterpret pc=0x0000000005b0f494 method=com.android.dx.ssa.SsaMethod.getExitBlock()Lcom/android/dx/ssa/SsaBasicBlock; @ 4
Event: 28.902 Thread 0x0000000019279800 Uncommon trap: reason=unstable_if action=reinterpret pc=0x0000000005c57814 method=java.util.HashMap.putVal(ILjava/lang/Object;Ljava/lang/Object;ZZ)Ljava/lang/Object; @ 206
Event: 30.259 Thread 0x0000000019279800 Uncommon trap: reason=bimorphic action=maybe_recompile pc=0x0000000005c7b5b0 method=com.android.dx.cf.code.BytecodeArray.parseInstruction(ILcom/android/dx/cf/code/BytecodeArray$Visitor;)I @ 1477
Event: 30.260 Thread 0x0000000019279800 Uncommon trap: reason=unstable_if action=reinterpret pc=0x0000000005c61f24 method=com.android.dx.cf.code.RopperMachine.run(Lcom/android/dx/cf/code/Frame;II)V @ 356
Event: 30.261 Thread 0x0000000019279800 Uncommon trap: reason=bimorphic action=maybe_recompile pc=0x0000000005c7b5b0 method=com.android.dx.cf.code.BytecodeArray.parseInstruction(ILcom/android/dx/cf/code/BytecodeArray$Visitor;)I @ 1477
Event: 31.966 Thread 0x0000000019275800 Uncommon trap: reason=unstable_if action=reinterpret pc=0x0000000005759440 method=com.android.dx.rop.code.RegisterSpec.equals(ILcom/android/dx/rop/type/TypeBearer;Lcom/android/dx/rop/code/LocalItem;)Z @ 42
Event: 31.976 Thread 0x0000000019275800 Uncommon trap: reason=unstable_if action=reinterpret pc=0x00000000054f771c method=com.android.dx.rop.code.RegisterSpec.equals(ILcom/android/dx/rop/type/TypeBearer;Lcom/android/dx/rop/code/LocalItem;)Z @ 42
Event: 32.043 Thread 0x0000000019275800 Uncommon trap: reason=class_check action=maybe_recompile pc=0x0000000005b704f4 method=com.android.dx.ssa.SCCP.replaceConstants()V @ 182

Internal exceptions (9 events):
Event: 0.047 Thread 0x000000000516e800 Exception <a 'java/lang/NoSuchMethodError': Method sun.misc.Unsafe.defineClass(Ljava/lang/String;[BII)Ljava/lang/Class; name or signature does not match> (0x00000000eab0dcd8) thrown at [C:\workspace\8-2-build-windows-amd64-cygwin\jdk8u65\4987\hotspot\src\s&±3¨?
Event: 0.047 Thread 0x000000000516e800 Exception <a 'java/lang/NoSuchMethodError': Method sun.misc.Unsafe.prefetchRead(Ljava/lang/Object;J)V name or signature does not match> (0x00000000eab0dfc0) thrown at [C:\workspace\8-2-build-windows-amd64-cygwin\jdk8u65\4987\hotspot\src\share\vm\prims\jni.

Event: 0.765 Thread 0x0000000019275800 Implicit null exception at 0x000000000546236f to 0x0000000005464259
Event: 0.765 Thread 0x0000000019275800 Implicit null exception at 0x000000000544e131 to 0x000000000544fd35
Event: 1.434 Thread 0x0000000019275800 Exception <a 'java/lang/ArrayIndexOutOfBoundsException': 18> (0x00000000ebbeb158) thrown at [C:\workspace\8-2-build-windows-amd64-cygwin\jdk8u65\4987\hotspot\src\share\vm\interpreter\interpreterRuntime.cpp, line 366]
Event: 1.434 Thread 0x0000000019275800 Exception <a 'java/lang/ArrayIndexOutOfBoundsException': 145> (0x00000000ebbeccd8) thrown at [C:\workspace\8-2-build-windows-amd64-cygwin\jdk8u65\4987\hotspot\src\share\vm\interpreter\interpreterRuntime.cpp, line 366]
Event: 1.437 Thread 0x0000000019275800 Exception <a 'java/lang/ArrayIndexOutOfBoundsException'> (0x00000000ebbedfc0) thrown at [C:\workspace\8-2-build-windows-amd64-cygwin\jdk8u65\4987\hotspot\src\share\vm\runtime\sharedRuntime.cpp, line 605]
Event: 21.734 Thread 0x000000001927a000 Implicit null exception at 0x00000000058207b7 to 0x00000000058230b9
Event: 21.835 Thread 0x0000000019275800 Implicit null exception at 0x0000000005b655db to 0x0000000005b66620

Events (10 events):
Event: 32.073 Thread 0x0000000019277000 DEOPT PACKING pc=0x0000000005591199 sp=0x0000000019b1ebe0
Event: 32.073 Thread 0x0000000019277000 DEOPT UNPACKING pc=0x00000000051b787f sp=0x0000000019b1ea10 mode 0
Event: 32.108 Thread 0x0000000019275800 DEOPT PACKING pc=0x0000000005591199 sp=0x0000000019a1e600
Event: 32.108 Thread 0x0000000019275800 DEOPT UNPACKING pc=0x00000000051b787f sp=0x0000000019a1e430 mode 0
Event: 32.147 Thread 0x0000000019277000 DEOPT PACKING pc=0x0000000005591199 sp=0x0000000019b1ebe0
Event: 32.147 Thread 0x0000000019277000 DEOPT UNPACKING pc=0x00000000051b787f sp=0x0000000019b1ea10 mode 0
Event: 32.159 Executing VM operation: ParallelGCFailedAllocation
Event: 34.406 Executing VM operation: ParallelGCFailedAllocation done
Event: 35.092 Executing VM operation: ParallelGCFailedAllocation
Event: 36.644 Executing VM operation: ParallelGCFailedAllocation done


Dynamic libraries:
0x00007ff77a350000 - 0x00007ff77a387000 	C:\Program Files\Java\jdk1.8.0_65\bin\java.exe
0x00007ffd0cc70000 - 0x00007ffd0ce50000 	C:\WINDOWS\SYSTEM32\ntdll.dll
0x00007ffd0c1a0000 - 0x00007ffd0c24e000 	C:\WINDOWS\System32\KERNEL32.DLL
0x00007ffd09e70000 - 0x00007ffd0a0d6000 	C:\WINDOWS\System32\KERNELBASE.dll
0x00007ffd0c2f0000 - 0x00007ffd0c391000 	C:\WINDOWS\System32\ADVAPI32.dll
0x00007ffd0c250000 - 0x00007ffd0c2ed000 	C:\WINDOWS\System32\msvcrt.dll
0x00007ffd0c520000 - 0x00007ffd0c57b000 	C:\WINDOWS\System32\sechost.dll
0x00007ffd0c080000 - 0x00007ffd0c19f000 	C:\WINDOWS\System32\RPCRT4.dll
0x00007ffd0c770000 - 0x00007ffd0c8fe000 	C:\WINDOWS\System32\USER32.dll
0x00007ffd095b0000 - 0x00007ffd095d0000 	C:\WINDOWS\System32\win32u.dll
0x00007ffd0a4d0000 - 0x00007ffd0a4f8000 	C:\WINDOWS\System32\GDI32.dll
0x00007ffd09340000 - 0x00007ffd094d4000 	C:\WINDOWS\System32\gdi32full.dll
0x00007ffd09dd0000 - 0x00007ffd09e6b000 	C:\WINDOWS\System32\msvcp_win.dll
0x00007ffd09070000 - 0x00007ffd09166000 	C:\WINDOWS\System32\ucrtbase.dll
0x00007ffcff570000 - 0x00007ffcff7d9000 	C:\WINDOWS\WinSxS\amd64_microsoft.windows.common-controls_6595b64144ccf1df_6.0.16299.19_none_cc92fab02215da61\COMCTL32.dll
0x00007ffd0a1c0000 - 0x00007ffd0a4c8000 	C:\WINDOWS\System32\combase.dll
0x00007ffd094e0000 - 0x00007ffd09552000 	C:\WINDOWS\System32\bcryptPrimitives.dll
0x00007ffd0ba50000 - 0x00007ffd0ba7d000 	C:\WINDOWS\System32\IMM32.DLL
0x000000006aec0000 - 0x000000006af92000 	C:\Program Files\Java\jdk1.8.0_65\jre\bin\msvcr100.dll
0x000000006a630000 - 0x000000006aeb9000 	C:\Program Files\Java\jdk1.8.0_65\jre\bin\server\jvm.dll
0x00007ffd0c9b0000 - 0x00007ffd0c9b8000 	C:\WINDOWS\System32\PSAPI.DLL
0x00007ffd02400000 - 0x00007ffd0240a000 	C:\WINDOWS\SYSTEM32\VERSION.dll
0x00007ffd057f0000 - 0x00007ffd05813000 	C:\WINDOWS\SYSTEM32\WINMM.dll
0x00007ffd05b60000 - 0x00007ffd05b69000 	C:\WINDOWS\SYSTEM32\WSOCK32.dll
0x00007ffd0c4b0000 - 0x00007ffd0c51c000 	C:\WINDOWS\System32\WS2_32.dll
0x00007ffd05790000 - 0x00007ffd057ba000 	C:\WINDOWS\SYSTEM32\WINMMBASE.dll
0x00007ffd09560000 - 0x00007ffd095aa000 	C:\WINDOWS\System32\cfgmgr32.dll
0x000000006edd0000 - 0x000000006eddf000 	C:\Program Files\Java\jdk1.8.0_65\jre\bin\verify.dll
0x000000006cf90000 - 0x000000006cfb9000 	C:\Program Files\Java\jdk1.8.0_65\jre\bin\java.dll
0x000000006cf70000 - 0x000000006cf86000 	C:\Program Files\Java\jdk1.8.0_65\jre\bin\zip.dll
0x00007ffd0a500000 - 0x00007ffd0b937000 	C:\WINDOWS\System32\SHELL32.dll
0x00007ffd0b9a0000 - 0x00007ffd0ba46000 	C:\WINDOWS\System32\shcore.dll
0x00007ffd09680000 - 0x00007ffd09dc7000 	C:\WINDOWS\System32\windows.storage.dll
0x00007ffd0c710000 - 0x00007ffd0c761000 	C:\WINDOWS\System32\shlwapi.dll
0x00007ffd09050000 - 0x00007ffd09061000 	C:\WINDOWS\System32\kernel.appcore.dll
0x00007ffd08fc0000 - 0x00007ffd0900c000 	C:\WINDOWS\System32\powrprof.dll
0x00007ffd09010000 - 0x00007ffd0902b000 	C:\WINDOWS\System32\profapi.dll

VM Arguments:
jvm_args: -Djava.awt.headless=true -Xmx1024M -Dfile.encoding=windows-1252 -Duser.country=US -Duser.language=en -Duser.variant 
java_command: com.android.dx.command.Main --dex --num-threads=4 --multi-dex --main-dex-list D:\HK1-2017-2018\RN\Project\GoldenGavel\android\app\build\intermediates\multi-dex\debug\maindexlist.txt --output D:\HK1-2017-2018\RN\Project\GoldenGavel\android\app\build\intermediates\transforms\dex\debug\folders\1000\1f\main D:\HK1-2017-2018\RN\Project\GoldenGavel\android\app\build\intermediates\transforms\jarMerging\debug\jars\1\1f\combined.jar
java_class_path (initial): C:\Users\nghia\AppData\Local\Android\sdk\build-tools\23.0.1\lib\dx.jar
Launcher Type: SUN_STANDARD

Environment Variables:
JAVA_HOME=C:\Program Files\Java\jdk1.8.0_65
CLASSPATH=D:\HK1-2017-2018\RN\Project\GoldenGavel\android\\gradle\wrapper\gradle-wrapper.jar
PATH=C:\ProgramData\Oracle\Java\javapath;C:\Program Files (x86)\Intel\iCLS Client\;C:\Program Files\Intel\iCLS Client\;C:\WINDOWS\system32;C:\WINDOWS;C:\Program Files\Java\jdk1.8.0_65\bin;C:\WINDOWS\System32\Wbem;C:\WINDOWS\System32\WindowsPowerShell\v1.0\;C:\Program Files\Microsoft SQL Server\110\DTS\Binn\;C:\Program Files (x86)\Microsoft SQL Server\110\Tools\Binn\;C:\Program Files\Microsoft SQL Server\110\Tools\Binn\;C:\Program Files (x86)\Microsoft SQL Server\110\Tools\Binn\ManagementStudio\;C:\Program Files (x86)\Microsoft Visual Studio 10.0\Common7\IDE\PrivateAssemblies\;C:\Program Files (x86)\Microsoft SQL Server\110\DTS\Binn\;C:\Program Files\Intel\Intel(R) Management Engine Components\DAL;C:\Program Files (x86)\Intel\Intel(R) Management Engine Components\DAL;C:\Program Files\Intel\Intel(R) Management Engine Components\IPT;C:\Program Files (x86)\Intel\Intel(R) Management Engine Components\IPT;C:\WINDOWS\system32\config\systemprofile\.dnx\bin;C:\Program Files\Microsoft DNX\Dnvm\;C:\Program Files\Microsoft SQL Server\130\Tools\Binn\;C:\Program Files (x86)\Windows Kits\8.1\Windows Performance Toolkit\;C:\Program Files\OpenVPN\bin;C:\Python27;C:\Program Files\nodejs\;C:\Program Files\Git\cmd;C:\Users\nghia\AppData\Local\Android\sdk\platform-tools;C:\Users\nghia\AppData\Local\Microsoft\WindowsApps;C:\Users\nghia\AppData\Roaming\npm;C:\Users\nghia\AppData\Local\atom\bin;%USERPROFILE%\AppData\Local\Microsoft\WindowsApps;
USERNAME=nghia
OS=Windows_NT
PROCESSOR_IDENTIFIER=Intel64 Family 6 Model 69 Stepping 1, GenuineIntel



---------------  S Y S T E M  ---------------

OS: Windows 10.0 , 64 bit Build 16299 (10.0.16299.15)

CPU:total 4 (2 cores per cpu, 2 threads per core) family 6 model 69 stepping 1, cmov, cx8, fxsr, mmx, sse, sse2, sse3, ssse3, sse4.1, sse4.2, popcnt, avx, avx2, aes, clmul, erms, lzcnt, ht, tsc, tscinvbit, bmi1, bmi2

Memory: 4k page, physical 4074568k(243672k free), swap 8170568k(5412k free)

vm_info: Java HotSpot(TM) 64-Bit Server VM (25.65-b01) for windows-amd64 JRE (1.8.0_65-b17), built on Oct  6 2015 16:39:20 by "java_re" with MS VC++ 10.0 (VS2010)

time: Fri Nov 10 00:13:57 2017
elapsed time: 36 seconds (0d 0h 0m 36s)

